[2023-06-04T11:24:23.582+0000] {taskinstance.py:1103} INFO - Dependencies all met for dep_context=non-requeueable deps ti=<TaskInstance: top_250_tv.load_movies manual__2023-06-04T11:24:19.197827+00:00 [queued]>
[2023-06-04T11:24:23.588+0000] {taskinstance.py:1103} INFO - Dependencies all met for dep_context=requeueable deps ti=<TaskInstance: top_250_tv.load_movies manual__2023-06-04T11:24:19.197827+00:00 [queued]>
[2023-06-04T11:24:23.588+0000] {taskinstance.py:1308} INFO - Starting attempt 1 of 1
[2023-06-04T11:24:23.599+0000] {taskinstance.py:1327} INFO - Executing <Task(_PythonDecoratedOperator): load_movies> on 2023-06-04 11:24:19.197827+00:00
[2023-06-04T11:24:23.604+0000] {standard_task_runner.py:57} INFO - Started process 3647 to run task
[2023-06-04T11:24:23.608+0000] {standard_task_runner.py:84} INFO - Running: ['***', 'tasks', 'run', 'top_250_tv', 'load_movies', 'manual__2023-06-04T11:24:19.197827+00:00', '--job-id', '99', '--raw', '--subdir', 'DAGS_FOLDER/top_250_tv.py', '--cfg-path', '/tmp/tmp8edz4en9']
[2023-06-04T11:24:23.609+0000] {standard_task_runner.py:85} INFO - Job 99: Subtask load_movies
[2023-06-04T11:24:23.678+0000] {task_command.py:410} INFO - Running <TaskInstance: top_250_tv.load_movies manual__2023-06-04T11:24:19.197827+00:00 [running]> on host 7633a4fabdb3
[2023-06-04T11:24:23.866+0000] {taskinstance.py:1547} INFO - Exporting env vars: AIRFLOW_CTX_DAG_OWNER='***' AIRFLOW_CTX_DAG_ID='top_250_tv' AIRFLOW_CTX_TASK_ID='load_movies' AIRFLOW_CTX_EXECUTION_DATE='2023-06-04T11:24:19.197827+00:00' AIRFLOW_CTX_TRY_NUMBER='1' AIRFLOW_CTX_DAG_RUN_ID='manual__2023-06-04T11:24:19.197827+00:00'
[2023-06-04T11:24:23.868+0000] {logging_mixin.py:149} INFO - Fetching Dataset...
[2023-06-04T11:24:24.458+0000] {logging_mixin.py:149} INFO - Done
[2023-06-04T11:24:24.458+0000] {logging_mixin.py:149} INFO - https://bigquery.googleapis.com/bigquery/v2/projects/imdb-388708/datasets/imdb
[2023-06-04T11:24:24.458+0000] {logging_mixin.py:149} INFO - 
Fetching Table...
[2023-06-04T11:24:24.686+0000] {logging_mixin.py:149} INFO - Table does not exist. Creating a new one.
[2023-06-04T11:24:25.380+0000] {logging_mixin.py:149} INFO - https://bigquery.googleapis.com/bigquery/v2/projects/imdb-388708/datasets/imdb/tables/top_250_tv
[2023-06-04T11:24:29.132+0000] {logging_mixin.py:149} INFO - Loaded 100 rows into imdb:top_250_tv.
[2023-06-04T11:24:29.133+0000] {python.py:183} INFO - Done. Returned value was: None
[2023-06-04T11:24:29.140+0000] {taskinstance.py:1350} INFO - Marking task as SUCCESS. dag_id=top_250_tv, task_id=load_movies, execution_date=20230604T112419, start_date=20230604T112423, end_date=20230604T112429
[2023-06-04T11:24:29.158+0000] {local_task_job_runner.py:225} INFO - Task exited with return code 0
[2023-06-04T11:24:29.169+0000] {taskinstance.py:2651} INFO - 0 downstream tasks scheduled from follow-on schedule check
