[2023-06-04T11:24:20.852+0000] {taskinstance.py:1103} INFO - Dependencies all met for dep_context=non-requeueable deps ti=<TaskInstance: top_250_tv.scrape_most_popular_titles manual__2023-06-04T11:24:19.197827+00:00 [queued]>
[2023-06-04T11:24:20.859+0000] {taskinstance.py:1103} INFO - Dependencies all met for dep_context=requeueable deps ti=<TaskInstance: top_250_tv.scrape_most_popular_titles manual__2023-06-04T11:24:19.197827+00:00 [queued]>
[2023-06-04T11:24:20.859+0000] {taskinstance.py:1308} INFO - Starting attempt 1 of 1
[2023-06-04T11:24:20.868+0000] {taskinstance.py:1327} INFO - Executing <Task(_PythonDecoratedOperator): scrape_most_popular_titles> on 2023-06-04 11:24:19.197827+00:00
[2023-06-04T11:24:20.874+0000] {standard_task_runner.py:57} INFO - Started process 3620 to run task
[2023-06-04T11:24:20.877+0000] {standard_task_runner.py:84} INFO - Running: ['***', 'tasks', 'run', 'top_250_tv', 'scrape_most_popular_titles', 'manual__2023-06-04T11:24:19.197827+00:00', '--job-id', '96', '--raw', '--subdir', 'DAGS_FOLDER/top_250_tv.py', '--cfg-path', '/tmp/tmpoec3sb18']
[2023-06-04T11:24:20.878+0000] {standard_task_runner.py:85} INFO - Job 96: Subtask scrape_most_popular_titles
[2023-06-04T11:24:20.914+0000] {task_command.py:410} INFO - Running <TaskInstance: top_250_tv.scrape_most_popular_titles manual__2023-06-04T11:24:19.197827+00:00 [running]> on host 7633a4fabdb3
[2023-06-04T11:24:20.977+0000] {taskinstance.py:1547} INFO - Exporting env vars: AIRFLOW_CTX_DAG_OWNER='***' AIRFLOW_CTX_DAG_ID='top_250_tv' AIRFLOW_CTX_TASK_ID='scrape_most_popular_titles' AIRFLOW_CTX_EXECUTION_DATE='2023-06-04T11:24:19.197827+00:00' AIRFLOW_CTX_TRY_NUMBER='1' AIRFLOW_CTX_DAG_RUN_ID='manual__2023-06-04T11:24:19.197827+00:00'
[2023-06-04T11:24:22.051+0000] {python.py:183} INFO - Done. Returned value was:     movie_id        movie_name  movie_year  movie_rating update_date
0          1        Succession        2018           8.9  2023-06-04
1          2         Ted Lasso        2020           8.8  2023-06-04
2          3              Silo        2023           8.1  2023-06-04
3          4             FUBAR        2023           6.5  2023-06-04
4          5      Love & Death        2023           7.6  2023-06-04
..       ...               ...         ...           ...         ...
95        96      Happy Valley        2014           8.5  2023-06-04
96        97      Vinland Saga        2019           8.8  2023-06-04
97        98         Wednesday        2022           8.1  2023-06-04
98        99  Midsomer Murders        1997           7.9  2023-06-04
99       100          The Bear        2022           8.4  2023-06-04

[100 rows x 5 columns]
[2023-06-04T11:24:22.158+0000] {taskinstance.py:1350} INFO - Marking task as SUCCESS. dag_id=top_250_tv, task_id=scrape_most_popular_titles, execution_date=20230604T112419, start_date=20230604T112420, end_date=20230604T112422
[2023-06-04T11:24:22.212+0000] {local_task_job_runner.py:225} INFO - Task exited with return code 0
[2023-06-04T11:24:22.239+0000] {taskinstance.py:2651} INFO - 1 downstream tasks scheduled from follow-on schedule check
