[2023-06-04T09:26:31.893+0000] {taskinstance.py:1103} INFO - Dependencies all met for dep_context=non-requeueable deps ti=<TaskInstance: top_250_movies.load_movies manual__2023-06-04T09:26:25.162840+00:00 [queued]>
[2023-06-04T09:26:31.898+0000] {taskinstance.py:1103} INFO - Dependencies all met for dep_context=requeueable deps ti=<TaskInstance: top_250_movies.load_movies manual__2023-06-04T09:26:25.162840+00:00 [queued]>
[2023-06-04T09:26:31.899+0000] {taskinstance.py:1308} INFO - Starting attempt 1 of 1
[2023-06-04T09:26:31.908+0000] {taskinstance.py:1327} INFO - Executing <Task(_PythonDecoratedOperator): load_movies> on 2023-06-04 09:26:25.162840+00:00
[2023-06-04T09:26:31.914+0000] {standard_task_runner.py:57} INFO - Started process 1978 to run task
[2023-06-04T09:26:31.916+0000] {standard_task_runner.py:84} INFO - Running: ['***', 'tasks', 'run', 'top_250_movies', 'load_movies', 'manual__2023-06-04T09:26:25.162840+00:00', '--job-id', '87', '--raw', '--subdir', 'DAGS_FOLDER/top_250_movies.py', '--cfg-path', '/tmp/tmpkca174ny']
[2023-06-04T09:26:31.916+0000] {standard_task_runner.py:85} INFO - Job 87: Subtask load_movies
[2023-06-04T09:26:31.951+0000] {task_command.py:410} INFO - Running <TaskInstance: top_250_movies.load_movies manual__2023-06-04T09:26:25.162840+00:00 [running]> on host 7633a4fabdb3
[2023-06-04T09:26:32.074+0000] {taskinstance.py:1547} INFO - Exporting env vars: AIRFLOW_CTX_DAG_OWNER='***' AIRFLOW_CTX_DAG_ID='top_250_movies' AIRFLOW_CTX_TASK_ID='load_movies' AIRFLOW_CTX_EXECUTION_DATE='2023-06-04T09:26:25.162840+00:00' AIRFLOW_CTX_TRY_NUMBER='1' AIRFLOW_CTX_DAG_RUN_ID='manual__2023-06-04T09:26:25.162840+00:00'
[2023-06-04T09:26:32.076+0000] {logging_mixin.py:149} INFO - Fetching Dataset...
[2023-06-04T09:26:32.609+0000] {logging_mixin.py:149} INFO - Done
[2023-06-04T09:26:32.609+0000] {logging_mixin.py:149} INFO - https://bigquery.googleapis.com/bigquery/v2/projects/imdb-388708/datasets/imdb
[2023-06-04T09:26:32.609+0000] {logging_mixin.py:149} INFO - Fetching Dataset...
[2023-06-04T09:26:32.901+0000] {logging_mixin.py:149} INFO - Done
[2023-06-04T09:26:32.901+0000] {logging_mixin.py:149} INFO - https://bigquery.googleapis.com/bigquery/v2/projects/imdb-388708/datasets/imdb
[2023-06-04T09:26:32.901+0000] {logging_mixin.py:149} INFO - 
Fetching Table...
[2023-06-04T09:26:33.189+0000] {logging_mixin.py:149} INFO - Done
[2023-06-04T09:26:33.189+0000] {logging_mixin.py:149} INFO - https://bigquery.googleapis.com/bigquery/v2/projects/imdb-388708/datasets/imdb/tables/most_popular_movies
[2023-06-04T09:26:36.582+0000] {logging_mixin.py:149} INFO - Loaded 97 rows into imdb:most_popular_movies.
[2023-06-04T09:26:36.582+0000] {python.py:183} INFO - Done. Returned value was: None
[2023-06-04T09:26:36.592+0000] {taskinstance.py:1350} INFO - Marking task as SUCCESS. dag_id=top_250_movies, task_id=load_movies, execution_date=20230604T092625, start_date=20230604T092631, end_date=20230604T092636
[2023-06-04T09:26:36.623+0000] {local_task_job_runner.py:225} INFO - Task exited with return code 0
[2023-06-04T09:26:36.635+0000] {taskinstance.py:2651} INFO - 0 downstream tasks scheduled from follow-on schedule check
