[2023-06-04T11:35:40.450+0000] {taskinstance.py:1103} INFO - Dependencies all met for dep_context=non-requeueable deps ti=<TaskInstance: most_popular_movies.load_movies manual__2023-06-04T11:35:36.445761+00:00 [queued]>
[2023-06-04T11:35:40.455+0000] {taskinstance.py:1103} INFO - Dependencies all met for dep_context=requeueable deps ti=<TaskInstance: most_popular_movies.load_movies manual__2023-06-04T11:35:36.445761+00:00 [queued]>
[2023-06-04T11:35:40.455+0000] {taskinstance.py:1308} INFO - Starting attempt 1 of 1
[2023-06-04T11:35:40.467+0000] {taskinstance.py:1327} INFO - Executing <Task(_PythonDecoratedOperator): load_movies> on 2023-06-04 11:35:36.445761+00:00
[2023-06-04T11:35:40.472+0000] {standard_task_runner.py:57} INFO - Started process 3913 to run task
[2023-06-04T11:35:40.475+0000] {standard_task_runner.py:84} INFO - Running: ['***', 'tasks', 'run', 'most_popular_movies', 'load_movies', 'manual__2023-06-04T11:35:36.445761+00:00', '--job-id', '104', '--raw', '--subdir', 'DAGS_FOLDER/most_popular_movies.py', '--cfg-path', '/tmp/tmph9109aca']
[2023-06-04T11:35:40.476+0000] {standard_task_runner.py:85} INFO - Job 104: Subtask load_movies
[2023-06-04T11:35:40.507+0000] {task_command.py:410} INFO - Running <TaskInstance: most_popular_movies.load_movies manual__2023-06-04T11:35:36.445761+00:00 [running]> on host 7633a4fabdb3
[2023-06-04T11:35:40.642+0000] {taskinstance.py:1547} INFO - Exporting env vars: AIRFLOW_CTX_DAG_OWNER='***' AIRFLOW_CTX_DAG_ID='most_popular_movies' AIRFLOW_CTX_TASK_ID='load_movies' AIRFLOW_CTX_EXECUTION_DATE='2023-06-04T11:35:36.445761+00:00' AIRFLOW_CTX_TRY_NUMBER='1' AIRFLOW_CTX_DAG_RUN_ID='manual__2023-06-04T11:35:36.445761+00:00'
[2023-06-04T11:35:40.643+0000] {logging_mixin.py:149} INFO - Fetching Dataset...
[2023-06-04T11:35:41.144+0000] {logging_mixin.py:149} INFO - Done
[2023-06-04T11:35:41.145+0000] {logging_mixin.py:149} INFO - https://bigquery.googleapis.com/bigquery/v2/projects/imdb-388708/datasets/imdb
[2023-06-04T11:35:41.145+0000] {logging_mixin.py:149} INFO - 
Fetching Table...
[2023-06-04T11:35:41.385+0000] {logging_mixin.py:149} INFO - Table does not exist. Creating a new one.
[2023-06-04T11:35:42.144+0000] {logging_mixin.py:149} INFO - https://bigquery.googleapis.com/bigquery/v2/projects/imdb-388708/datasets/imdb/tables/most_popular_movies
[2023-06-04T11:35:45.603+0000] {logging_mixin.py:149} INFO - Loaded 100 rows into imdb:most_popular_movies.
[2023-06-04T11:35:45.604+0000] {python.py:183} INFO - Done. Returned value was: None
[2023-06-04T11:35:45.611+0000] {taskinstance.py:1350} INFO - Marking task as SUCCESS. dag_id=most_popular_movies, task_id=load_movies, execution_date=20230604T113536, start_date=20230604T113540, end_date=20230604T113545
[2023-06-04T11:35:45.659+0000] {local_task_job_runner.py:225} INFO - Task exited with return code 0
[2023-06-04T11:35:45.672+0000] {taskinstance.py:2651} INFO - 0 downstream tasks scheduled from follow-on schedule check
