[2023-06-03T17:30:31.494+0000] {taskinstance.py:1103} INFO - Dependencies all met for dep_context=non-requeueable deps ti=<TaskInstance: most_popular_movies.process_movies manual__2023-06-03T17:30:27.014447+00:00 [queued]>
[2023-06-03T17:30:31.499+0000] {taskinstance.py:1103} INFO - Dependencies all met for dep_context=requeueable deps ti=<TaskInstance: most_popular_movies.process_movies manual__2023-06-03T17:30:27.014447+00:00 [queued]>
[2023-06-03T17:30:31.499+0000] {taskinstance.py:1308} INFO - Starting attempt 1 of 1
[2023-06-03T17:30:31.509+0000] {taskinstance.py:1327} INFO - Executing <Task(_PythonDecoratedOperator): process_movies> on 2023-06-03 17:30:27.014447+00:00
[2023-06-03T17:30:31.514+0000] {standard_task_runner.py:57} INFO - Started process 1739 to run task
[2023-06-03T17:30:31.517+0000] {standard_task_runner.py:84} INFO - Running: ['***', 'tasks', 'run', 'most_popular_movies', 'process_movies', 'manual__2023-06-03T17:30:27.014447+00:00', '--job-id', '39', '--raw', '--subdir', 'DAGS_FOLDER/most_popular_movies.py', '--cfg-path', '/tmp/tmp080buacw']
[2023-06-03T17:30:31.517+0000] {standard_task_runner.py:85} INFO - Job 39: Subtask process_movies
[2023-06-03T17:30:31.549+0000] {task_command.py:410} INFO - Running <TaskInstance: most_popular_movies.process_movies manual__2023-06-03T17:30:27.014447+00:00 [running]> on host 8406b7b18d2b
[2023-06-03T17:30:31.614+0000] {taskinstance.py:1547} INFO - Exporting env vars: AIRFLOW_CTX_DAG_OWNER='***' AIRFLOW_CTX_DAG_ID='most_popular_movies' AIRFLOW_CTX_TASK_ID='process_movies' AIRFLOW_CTX_EXECUTION_DATE='2023-06-03T17:30:27.014447+00:00' AIRFLOW_CTX_TRY_NUMBER='1' AIRFLOW_CTX_DAG_RUN_ID='manual__2023-06-03T17:30:27.014447+00:00'
[2023-06-03T17:30:31.623+0000] {python.py:183} INFO - Done. Returned value was:      movie_id                movie_name                       date
0           0  The Shawshank Redemption 2023-06-03 17:30:31.618266
1           1             The Godfather 2023-06-03 17:30:31.618266
2           2           The Dark Knight 2023-06-03 17:30:31.618266
3           3     The Godfather Part II 2023-06-03 17:30:31.618266
4           4              12 Angry Men 2023-06-03 17:30:31.618266
..        ...                       ...                        ...
245       245            The Iron Giant 2023-06-03 17:30:31.618266
246       246                  The Help 2023-06-03 17:30:31.618266
247       247                   Aladdin 2023-06-03 17:30:31.618266
248       248        Dances with Wolves 2023-06-03 17:30:31.618266
249       249               Dersu Uzala 2023-06-03 17:30:31.618266

[250 rows x 3 columns]
[2023-06-03T17:30:31.727+0000] {taskinstance.py:1350} INFO - Marking task as SUCCESS. dag_id=most_popular_movies, task_id=process_movies, execution_date=20230603T173027, start_date=20230603T173031, end_date=20230603T173031
[2023-06-03T17:30:31.770+0000] {local_task_job_runner.py:225} INFO - Task exited with return code 0
[2023-06-03T17:30:31.794+0000] {taskinstance.py:2651} INFO - 0 downstream tasks scheduled from follow-on schedule check
