[2023-06-04T11:24:18.455+0000] {taskinstance.py:1103} INFO - Dependencies all met for dep_context=non-requeueable deps ti=<TaskInstance: top_250_movies.scrape_most_popular_titles manual__2023-06-04T11:24:17.337402+00:00 [queued]>
[2023-06-04T11:24:18.462+0000] {taskinstance.py:1103} INFO - Dependencies all met for dep_context=requeueable deps ti=<TaskInstance: top_250_movies.scrape_most_popular_titles manual__2023-06-04T11:24:17.337402+00:00 [queued]>
[2023-06-04T11:24:18.462+0000] {taskinstance.py:1308} INFO - Starting attempt 1 of 1
[2023-06-04T11:24:18.471+0000] {taskinstance.py:1327} INFO - Executing <Task(_PythonDecoratedOperator): scrape_most_popular_titles> on 2023-06-04 11:24:17.337402+00:00
[2023-06-04T11:24:18.476+0000] {standard_task_runner.py:57} INFO - Started process 3609 to run task
[2023-06-04T11:24:18.480+0000] {standard_task_runner.py:84} INFO - Running: ['***', 'tasks', 'run', 'top_250_movies', 'scrape_most_popular_titles', 'manual__2023-06-04T11:24:17.337402+00:00', '--job-id', '95', '--raw', '--subdir', 'DAGS_FOLDER/top_250_movies.py', '--cfg-path', '/tmp/tmpdriu14oj']
[2023-06-04T11:24:18.480+0000] {standard_task_runner.py:85} INFO - Job 95: Subtask scrape_most_popular_titles
[2023-06-04T11:24:18.520+0000] {task_command.py:410} INFO - Running <TaskInstance: top_250_movies.scrape_most_popular_titles manual__2023-06-04T11:24:17.337402+00:00 [running]> on host 7633a4fabdb3
[2023-06-04T11:24:18.583+0000] {taskinstance.py:1547} INFO - Exporting env vars: AIRFLOW_CTX_DAG_OWNER='***' AIRFLOW_CTX_DAG_ID='top_250_movies' AIRFLOW_CTX_TASK_ID='scrape_most_popular_titles' AIRFLOW_CTX_EXECUTION_DATE='2023-06-04T11:24:17.337402+00:00' AIRFLOW_CTX_TRY_NUMBER='1' AIRFLOW_CTX_DAG_RUN_ID='manual__2023-06-04T11:24:17.337402+00:00'
[2023-06-04T11:24:20.150+0000] {python.py:183} INFO - Done. Returned value was:      movie_id                movie_name  movie_year  movie_rating update_date
0           1  The Shawshank Redemption        1994           9.2  2023-06-04
1           2             The Godfather        1972           9.2  2023-06-04
2           3           The Dark Knight        2008           9.0  2023-06-04
3           4     The Godfather Part II        1974           9.0  2023-06-04
4           5              12 Angry Men        1957           9.0  2023-06-04
..        ...                       ...         ...           ...         ...
245       246             Life of Brian        1979           8.0  2023-06-04
246       247            The Iron Giant        1999           8.0  2023-06-04
247       248                  The Help        2011           8.0  2023-06-04
248       249                   Aladdin        1992           8.0  2023-06-04
249       250        Dances with Wolves        1990           8.0  2023-06-04

[250 rows x 5 columns]
[2023-06-04T11:24:20.242+0000] {taskinstance.py:1350} INFO - Marking task as SUCCESS. dag_id=top_250_movies, task_id=scrape_most_popular_titles, execution_date=20230604T112417, start_date=20230604T112418, end_date=20230604T112420
[2023-06-04T11:24:20.297+0000] {local_task_job_runner.py:225} INFO - Task exited with return code 0
[2023-06-04T11:24:20.322+0000] {taskinstance.py:2651} INFO - 1 downstream tasks scheduled from follow-on schedule check
