[2023-06-04T11:52:13.089+0000] {taskinstance.py:1103} INFO - Dependencies all met for dep_context=non-requeueable deps ti=<TaskInstance: top_250_tv.scrape_movies manual__2023-06-04T11:52:11.780796+00:00 [queued]>
[2023-06-04T11:52:13.096+0000] {taskinstance.py:1103} INFO - Dependencies all met for dep_context=requeueable deps ti=<TaskInstance: top_250_tv.scrape_movies manual__2023-06-04T11:52:11.780796+00:00 [queued]>
[2023-06-04T11:52:13.096+0000] {taskinstance.py:1308} INFO - Starting attempt 1 of 1
[2023-06-04T11:52:13.105+0000] {taskinstance.py:1327} INFO - Executing <Task(_PythonDecoratedOperator): scrape_movies> on 2023-06-04 11:52:11.780796+00:00
[2023-06-04T11:52:13.109+0000] {standard_task_runner.py:57} INFO - Started process 4271 to run task
[2023-06-04T11:52:13.112+0000] {standard_task_runner.py:84} INFO - Running: ['***', 'tasks', 'run', 'top_250_tv', 'scrape_movies', 'manual__2023-06-04T11:52:11.780796+00:00', '--job-id', '108', '--raw', '--subdir', 'DAGS_FOLDER/top_250_tv.py', '--cfg-path', '/tmp/tmp6ya0b93n']
[2023-06-04T11:52:13.112+0000] {standard_task_runner.py:85} INFO - Job 108: Subtask scrape_movies
[2023-06-04T11:52:13.143+0000] {task_command.py:410} INFO - Running <TaskInstance: top_250_tv.scrape_movies manual__2023-06-04T11:52:11.780796+00:00 [running]> on host 7633a4fabdb3
[2023-06-04T11:52:13.204+0000] {taskinstance.py:1547} INFO - Exporting env vars: AIRFLOW_CTX_DAG_OWNER='***' AIRFLOW_CTX_DAG_ID='top_250_tv' AIRFLOW_CTX_TASK_ID='scrape_movies' AIRFLOW_CTX_EXECUTION_DATE='2023-06-04T11:52:11.780796+00:00' AIRFLOW_CTX_TRY_NUMBER='1' AIRFLOW_CTX_DAG_RUN_ID='manual__2023-06-04T11:52:11.780796+00:00'
[2023-06-04T11:52:14.259+0000] {python.py:183} INFO - Done. Returned value was:     movie_id        movie_name  ...  user_votings  update_date
0          1        Succession  ...        201216   2023-06-04
1          2         Ted Lasso  ...        272003   2023-06-04
2          3              Silo  ...         18817   2023-06-04
3          4             FUBAR  ...         12616   2023-06-04
4          5      Love & Death  ...         15789   2023-06-04
..       ...               ...  ...           ...          ...
95        96      Happy Valley  ...         55368   2023-06-04
96        97      Vinland Saga  ...         50591   2023-06-04
97        98         Wednesday  ...        319764   2023-06-04
98        99  Midsomer Murders  ...         35894   2023-06-04
99       100          The Bear  ...         92767   2023-06-04

[100 rows x 6 columns]
[2023-06-04T11:52:14.351+0000] {taskinstance.py:1350} INFO - Marking task as SUCCESS. dag_id=top_250_tv, task_id=scrape_movies, execution_date=20230604T115211, start_date=20230604T115213, end_date=20230604T115214
[2023-06-04T11:52:14.406+0000] {local_task_job_runner.py:225} INFO - Task exited with return code 0
[2023-06-04T11:52:14.427+0000] {taskinstance.py:2651} INFO - 1 downstream tasks scheduled from follow-on schedule check
