[2023-06-04T09:26:34.393+0000] {taskinstance.py:1103} INFO - Dependencies all met for dep_context=non-requeueable deps ti=<TaskInstance: top_english_movies.process_movies manual__2023-06-04T09:26:28.849333+00:00 [queued]>
[2023-06-04T09:26:34.399+0000] {taskinstance.py:1103} INFO - Dependencies all met for dep_context=requeueable deps ti=<TaskInstance: top_english_movies.process_movies manual__2023-06-04T09:26:28.849333+00:00 [queued]>
[2023-06-04T09:26:34.399+0000] {taskinstance.py:1308} INFO - Starting attempt 1 of 1
[2023-06-04T09:26:34.409+0000] {taskinstance.py:1327} INFO - Executing <Task(_PythonDecoratedOperator): process_movies> on 2023-06-04 09:26:28.849333+00:00
[2023-06-04T09:26:34.414+0000] {standard_task_runner.py:57} INFO - Started process 2006 to run task
[2023-06-04T09:26:34.417+0000] {standard_task_runner.py:84} INFO - Running: ['***', 'tasks', 'run', 'top_english_movies', 'process_movies', 'manual__2023-06-04T09:26:28.849333+00:00', '--job-id', '89', '--raw', '--subdir', 'DAGS_FOLDER/top_english_movies.py', '--cfg-path', '/tmp/tmpabir0w9z']
[2023-06-04T09:26:34.417+0000] {standard_task_runner.py:85} INFO - Job 89: Subtask process_movies
[2023-06-04T09:26:34.450+0000] {task_command.py:410} INFO - Running <TaskInstance: top_english_movies.process_movies manual__2023-06-04T09:26:28.849333+00:00 [running]> on host 7633a4fabdb3
[2023-06-04T09:26:34.526+0000] {taskinstance.py:1547} INFO - Exporting env vars: AIRFLOW_CTX_DAG_OWNER='***' AIRFLOW_CTX_DAG_ID='top_english_movies' AIRFLOW_CTX_TASK_ID='process_movies' AIRFLOW_CTX_EXECUTION_DATE='2023-06-04T09:26:28.849333+00:00' AIRFLOW_CTX_TRY_NUMBER='1' AIRFLOW_CTX_DAG_RUN_ID='manual__2023-06-04T09:26:28.849333+00:00'
[2023-06-04T09:26:34.534+0000] {python.py:183} INFO - Done. Returned value was:                    movie_name  movie_rating                       date
0    The Shawshank Redemption           9.3 2023-06-04 09:26:34.530731
1               The Godfather           9.2 2023-06-04 09:26:34.530731
2             The Dark Knight           9.0 2023-06-04 09:26:34.530731
3       The Godfather Part II           9.0 2023-06-04 09:26:34.530731
4                12 Angry Men           9.0 2023-06-04 09:26:34.530731
..                        ...           ...                        ...
245             Blood Diamond           8.0 2023-06-04 09:26:34.530731
246                  Papillon           8.0 2023-06-04 09:26:34.530731
247                       Her           8.0 2023-06-04 09:26:34.530731
248               Sling Blade           8.0 2023-06-04 09:26:34.530731
249         Blade Runner 2049           8.0 2023-06-04 09:26:34.530731

[250 rows x 3 columns]
[2023-06-04T09:26:34.598+0000] {taskinstance.py:1350} INFO - Marking task as SUCCESS. dag_id=top_english_movies, task_id=process_movies, execution_date=20230604T092628, start_date=20230604T092634, end_date=20230604T092634
[2023-06-04T09:26:34.628+0000] {local_task_job_runner.py:225} INFO - Task exited with return code 0
[2023-06-04T09:26:34.643+0000] {taskinstance.py:2651} INFO - 1 downstream tasks scheduled from follow-on schedule check
