[2023-06-03T08:33:50.915+0000] {processor.py:153} INFO - Started process (PID=68) to work on /home/airflow/.local/lib/python3.7/site-packages/airflow/example_dags/example_branch_datetime_operator.py
[2023-06-03T08:33:50.916+0000] {processor.py:743} INFO - Processing file /home/airflow/.local/lib/python3.7/site-packages/airflow/example_dags/example_branch_datetime_operator.py for tasks to queue
[2023-06-03T08:33:50.916+0000] {logging_mixin.py:137} INFO - [2023-06-03T08:33:50.916+0000] {dagbag.py:538} INFO - Filling up the DagBag from /home/airflow/.local/lib/python3.7/site-packages/airflow/example_dags/example_branch_datetime_operator.py
[2023-06-03T08:33:50.934+0000] {processor.py:753} INFO - DAG(s) dict_keys(['example_branch_datetime_operator', 'example_branch_datetime_operator_3', 'example_branch_datetime_operator_2']) retrieved from /home/airflow/.local/lib/python3.7/site-packages/airflow/example_dags/example_branch_datetime_operator.py
[2023-06-03T08:33:50.956+0000] {logging_mixin.py:137} INFO - [2023-06-03T08:33:50.956+0000] {dag.py:2676} INFO - Sync 3 DAGs
[2023-06-03T08:33:50.980+0000] {logging_mixin.py:137} INFO - [2023-06-03T08:33:50.980+0000] {dag.py:3427} INFO - Setting next_dagrun for example_branch_datetime_operator to 2023-06-02T00:00:00+00:00, run_after=2023-06-03T00:00:00+00:00
[2023-06-03T08:33:50.985+0000] {logging_mixin.py:137} INFO - [2023-06-03T08:33:50.985+0000] {dag.py:3427} INFO - Setting next_dagrun for example_branch_datetime_operator_2 to 2023-06-02T00:00:00+00:00, run_after=2023-06-03T00:00:00+00:00
[2023-06-03T08:33:50.987+0000] {logging_mixin.py:137} INFO - [2023-06-03T08:33:50.987+0000] {dag.py:3427} INFO - Setting next_dagrun for example_branch_datetime_operator_3 to 2023-06-02T00:00:00+00:00, run_after=2023-06-03T00:00:00+00:00
[2023-06-03T08:33:51.001+0000] {processor.py:175} INFO - Processing /home/airflow/.local/lib/python3.7/site-packages/airflow/example_dags/example_branch_datetime_operator.py took 0.091 seconds
[2023-06-03T08:34:21.958+0000] {processor.py:153} INFO - Started process (PID=166) to work on /home/airflow/.local/lib/python3.7/site-packages/airflow/example_dags/example_branch_datetime_operator.py
[2023-06-03T08:34:21.959+0000] {processor.py:743} INFO - Processing file /home/airflow/.local/lib/python3.7/site-packages/airflow/example_dags/example_branch_datetime_operator.py for tasks to queue
[2023-06-03T08:34:21.959+0000] {logging_mixin.py:137} INFO - [2023-06-03T08:34:21.959+0000] {dagbag.py:538} INFO - Filling up the DagBag from /home/airflow/.local/lib/python3.7/site-packages/airflow/example_dags/example_branch_datetime_operator.py
[2023-06-03T08:34:21.974+0000] {processor.py:753} INFO - DAG(s) dict_keys(['example_branch_datetime_operator_2', 'example_branch_datetime_operator_3', 'example_branch_datetime_operator']) retrieved from /home/airflow/.local/lib/python3.7/site-packages/airflow/example_dags/example_branch_datetime_operator.py
[2023-06-03T08:34:22.008+0000] {logging_mixin.py:137} INFO - [2023-06-03T08:34:22.008+0000] {dag.py:2676} INFO - Sync 3 DAGs
[2023-06-03T08:34:22.030+0000] {logging_mixin.py:137} INFO - [2023-06-03T08:34:22.030+0000] {dag.py:3427} INFO - Setting next_dagrun for example_branch_datetime_operator to 2023-06-02T00:00:00+00:00, run_after=2023-06-03T00:00:00+00:00
[2023-06-03T08:34:22.034+0000] {logging_mixin.py:137} INFO - [2023-06-03T08:34:22.034+0000] {dag.py:3427} INFO - Setting next_dagrun for example_branch_datetime_operator_2 to 2023-06-02T00:00:00+00:00, run_after=2023-06-03T00:00:00+00:00
[2023-06-03T08:34:22.036+0000] {logging_mixin.py:137} INFO - [2023-06-03T08:34:22.036+0000] {dag.py:3427} INFO - Setting next_dagrun for example_branch_datetime_operator_3 to 2023-06-02T00:00:00+00:00, run_after=2023-06-03T00:00:00+00:00
[2023-06-03T08:34:22.050+0000] {processor.py:175} INFO - Processing /home/airflow/.local/lib/python3.7/site-packages/airflow/example_dags/example_branch_datetime_operator.py took 0.093 seconds
[2023-06-03T08:34:53.321+0000] {processor.py:153} INFO - Started process (PID=265) to work on /home/airflow/.local/lib/python3.7/site-packages/airflow/example_dags/example_branch_datetime_operator.py
[2023-06-03T08:34:53.322+0000] {processor.py:743} INFO - Processing file /home/airflow/.local/lib/python3.7/site-packages/airflow/example_dags/example_branch_datetime_operator.py for tasks to queue
[2023-06-03T08:34:53.322+0000] {logging_mixin.py:137} INFO - [2023-06-03T08:34:53.322+0000] {dagbag.py:538} INFO - Filling up the DagBag from /home/airflow/.local/lib/python3.7/site-packages/airflow/example_dags/example_branch_datetime_operator.py
[2023-06-03T08:34:53.338+0000] {processor.py:753} INFO - DAG(s) dict_keys(['example_branch_datetime_operator_2', 'example_branch_datetime_operator', 'example_branch_datetime_operator_3']) retrieved from /home/airflow/.local/lib/python3.7/site-packages/airflow/example_dags/example_branch_datetime_operator.py
[2023-06-03T08:34:53.378+0000] {logging_mixin.py:137} INFO - [2023-06-03T08:34:53.378+0000] {dag.py:2676} INFO - Sync 3 DAGs
[2023-06-03T08:34:53.401+0000] {logging_mixin.py:137} INFO - [2023-06-03T08:34:53.401+0000] {dag.py:3427} INFO - Setting next_dagrun for example_branch_datetime_operator to 2023-06-02T00:00:00+00:00, run_after=2023-06-03T00:00:00+00:00
[2023-06-03T08:34:53.405+0000] {logging_mixin.py:137} INFO - [2023-06-03T08:34:53.405+0000] {dag.py:3427} INFO - Setting next_dagrun for example_branch_datetime_operator_2 to 2023-06-02T00:00:00+00:00, run_after=2023-06-03T00:00:00+00:00
[2023-06-03T08:34:53.407+0000] {logging_mixin.py:137} INFO - [2023-06-03T08:34:53.407+0000] {dag.py:3427} INFO - Setting next_dagrun for example_branch_datetime_operator_3 to 2023-06-02T00:00:00+00:00, run_after=2023-06-03T00:00:00+00:00
[2023-06-03T08:34:53.425+0000] {processor.py:175} INFO - Processing /home/airflow/.local/lib/python3.7/site-packages/airflow/example_dags/example_branch_datetime_operator.py took 0.107 seconds
[2023-06-03T08:35:23.546+0000] {processor.py:153} INFO - Started process (PID=344) to work on /home/airflow/.local/lib/python3.7/site-packages/airflow/example_dags/example_branch_datetime_operator.py
[2023-06-03T08:35:23.547+0000] {processor.py:743} INFO - Processing file /home/airflow/.local/lib/python3.7/site-packages/airflow/example_dags/example_branch_datetime_operator.py for tasks to queue
[2023-06-03T08:35:23.548+0000] {logging_mixin.py:137} INFO - [2023-06-03T08:35:23.548+0000] {dagbag.py:538} INFO - Filling up the DagBag from /home/airflow/.local/lib/python3.7/site-packages/airflow/example_dags/example_branch_datetime_operator.py
[2023-06-03T08:35:23.562+0000] {processor.py:753} INFO - DAG(s) dict_keys(['example_branch_datetime_operator', 'example_branch_datetime_operator_3', 'example_branch_datetime_operator_2']) retrieved from /home/airflow/.local/lib/python3.7/site-packages/airflow/example_dags/example_branch_datetime_operator.py
[2023-06-03T08:35:23.598+0000] {logging_mixin.py:137} INFO - [2023-06-03T08:35:23.598+0000] {dag.py:2676} INFO - Sync 3 DAGs
[2023-06-03T08:35:23.618+0000] {logging_mixin.py:137} INFO - [2023-06-03T08:35:23.618+0000] {dag.py:3427} INFO - Setting next_dagrun for example_branch_datetime_operator to 2023-06-02T00:00:00+00:00, run_after=2023-06-03T00:00:00+00:00
[2023-06-03T08:35:23.621+0000] {logging_mixin.py:137} INFO - [2023-06-03T08:35:23.621+0000] {dag.py:3427} INFO - Setting next_dagrun for example_branch_datetime_operator_2 to 2023-06-02T00:00:00+00:00, run_after=2023-06-03T00:00:00+00:00
[2023-06-03T08:35:23.623+0000] {logging_mixin.py:137} INFO - [2023-06-03T08:35:23.623+0000] {dag.py:3427} INFO - Setting next_dagrun for example_branch_datetime_operator_3 to 2023-06-02T00:00:00+00:00, run_after=2023-06-03T00:00:00+00:00
[2023-06-03T08:35:23.641+0000] {processor.py:175} INFO - Processing /home/airflow/.local/lib/python3.7/site-packages/airflow/example_dags/example_branch_datetime_operator.py took 0.097 seconds
