[2023-06-03T08:33:51.268+0000] {processor.py:153} INFO - Started process (PID=75) to work on /home/airflow/.local/lib/python3.7/site-packages/airflow/example_dags/example_subdag_operator.py
[2023-06-03T08:33:51.269+0000] {processor.py:743} INFO - Processing file /home/airflow/.local/lib/python3.7/site-packages/airflow/example_dags/example_subdag_operator.py for tasks to queue
[2023-06-03T08:33:51.269+0000] {logging_mixin.py:137} INFO - [2023-06-03T08:33:51.269+0000] {dagbag.py:538} INFO - Filling up the DagBag from /home/airflow/.local/lib/python3.7/site-packages/airflow/example_dags/example_subdag_operator.py
[2023-06-03T08:33:51.296+0000] {processor.py:753} INFO - DAG(s) dict_keys(['example_subdag_operator.section-1', 'example_subdag_operator.section-2', 'example_subdag_operator']) retrieved from /home/airflow/.local/lib/python3.7/site-packages/airflow/example_dags/example_subdag_operator.py
[2023-06-03T08:33:51.311+0000] {logging_mixin.py:137} INFO - [2023-06-03T08:33:51.311+0000] {dag.py:2676} INFO - Sync 3 DAGs
[2023-06-03T08:33:51.337+0000] {logging_mixin.py:137} INFO - [2023-06-03T08:33:51.337+0000] {dag.py:3427} INFO - Setting next_dagrun for example_subdag_operator to 2022-01-01T00:00:00+00:00, run_after=2022-01-01T00:00:00+00:00
[2023-06-03T08:33:51.340+0000] {logging_mixin.py:137} INFO - [2023-06-03T08:33:51.340+0000] {dag.py:3427} INFO - Setting next_dagrun for example_subdag_operator.section-1 to None, run_after=None
[2023-06-03T08:33:51.341+0000] {logging_mixin.py:137} INFO - [2023-06-03T08:33:51.341+0000] {dag.py:3427} INFO - Setting next_dagrun for example_subdag_operator.section-2 to None, run_after=None
[2023-06-03T08:33:51.347+0000] {logging_mixin.py:137} INFO - [2023-06-03T08:33:51.347+0000] {dag.py:2676} INFO - Sync 2 DAGs
[2023-06-03T08:33:51.351+0000] {logging_mixin.py:137} INFO - [2023-06-03T08:33:51.351+0000] {dag.py:3427} INFO - Setting next_dagrun for example_subdag_operator.section-1 to None, run_after=None
[2023-06-03T08:33:51.352+0000] {logging_mixin.py:137} INFO - [2023-06-03T08:33:51.352+0000] {dag.py:3427} INFO - Setting next_dagrun for example_subdag_operator.section-2 to None, run_after=None
[2023-06-03T08:33:51.362+0000] {processor.py:175} INFO - Processing /home/airflow/.local/lib/python3.7/site-packages/airflow/example_dags/example_subdag_operator.py took 0.098 seconds
[2023-06-03T08:34:22.303+0000] {processor.py:153} INFO - Started process (PID=173) to work on /home/airflow/.local/lib/python3.7/site-packages/airflow/example_dags/example_subdag_operator.py
[2023-06-03T08:34:22.303+0000] {processor.py:743} INFO - Processing file /home/airflow/.local/lib/python3.7/site-packages/airflow/example_dags/example_subdag_operator.py for tasks to queue
[2023-06-03T08:34:22.303+0000] {logging_mixin.py:137} INFO - [2023-06-03T08:34:22.303+0000] {dagbag.py:538} INFO - Filling up the DagBag from /home/airflow/.local/lib/python3.7/site-packages/airflow/example_dags/example_subdag_operator.py
[2023-06-03T08:34:22.326+0000] {processor.py:753} INFO - DAG(s) dict_keys(['example_subdag_operator.section-1', 'example_subdag_operator.section-2', 'example_subdag_operator']) retrieved from /home/airflow/.local/lib/python3.7/site-packages/airflow/example_dags/example_subdag_operator.py
[2023-06-03T08:34:22.349+0000] {logging_mixin.py:137} INFO - [2023-06-03T08:34:22.349+0000] {dag.py:2676} INFO - Sync 3 DAGs
[2023-06-03T08:34:22.372+0000] {logging_mixin.py:137} INFO - [2023-06-03T08:34:22.372+0000] {dag.py:3427} INFO - Setting next_dagrun for example_subdag_operator to 2022-01-01T00:00:00+00:00, run_after=2022-01-01T00:00:00+00:00
[2023-06-03T08:34:22.375+0000] {logging_mixin.py:137} INFO - [2023-06-03T08:34:22.375+0000] {dag.py:3427} INFO - Setting next_dagrun for example_subdag_operator.section-1 to None, run_after=None
[2023-06-03T08:34:22.376+0000] {logging_mixin.py:137} INFO - [2023-06-03T08:34:22.376+0000] {dag.py:3427} INFO - Setting next_dagrun for example_subdag_operator.section-2 to None, run_after=None
[2023-06-03T08:34:22.382+0000] {logging_mixin.py:137} INFO - [2023-06-03T08:34:22.382+0000] {dag.py:2676} INFO - Sync 2 DAGs
[2023-06-03T08:34:22.386+0000] {logging_mixin.py:137} INFO - [2023-06-03T08:34:22.386+0000] {dag.py:3427} INFO - Setting next_dagrun for example_subdag_operator.section-1 to None, run_after=None
[2023-06-03T08:34:22.387+0000] {logging_mixin.py:137} INFO - [2023-06-03T08:34:22.387+0000] {dag.py:3427} INFO - Setting next_dagrun for example_subdag_operator.section-2 to None, run_after=None
[2023-06-03T08:34:22.396+0000] {processor.py:175} INFO - Processing /home/airflow/.local/lib/python3.7/site-packages/airflow/example_dags/example_subdag_operator.py took 0.096 seconds
[2023-06-03T08:34:53.744+0000] {processor.py:153} INFO - Started process (PID=272) to work on /home/airflow/.local/lib/python3.7/site-packages/airflow/example_dags/example_subdag_operator.py
[2023-06-03T08:34:53.745+0000] {processor.py:743} INFO - Processing file /home/airflow/.local/lib/python3.7/site-packages/airflow/example_dags/example_subdag_operator.py for tasks to queue
[2023-06-03T08:34:53.746+0000] {logging_mixin.py:137} INFO - [2023-06-03T08:34:53.746+0000] {dagbag.py:538} INFO - Filling up the DagBag from /home/airflow/.local/lib/python3.7/site-packages/airflow/example_dags/example_subdag_operator.py
[2023-06-03T08:34:53.770+0000] {processor.py:753} INFO - DAG(s) dict_keys(['example_subdag_operator.section-1', 'example_subdag_operator.section-2', 'example_subdag_operator']) retrieved from /home/airflow/.local/lib/python3.7/site-packages/airflow/example_dags/example_subdag_operator.py
[2023-06-03T08:34:53.795+0000] {logging_mixin.py:137} INFO - [2023-06-03T08:34:53.795+0000] {dag.py:2676} INFO - Sync 3 DAGs
[2023-06-03T08:34:53.815+0000] {logging_mixin.py:137} INFO - [2023-06-03T08:34:53.815+0000] {dag.py:3427} INFO - Setting next_dagrun for example_subdag_operator to 2022-01-01T00:00:00+00:00, run_after=2022-01-01T00:00:00+00:00
[2023-06-03T08:34:53.818+0000] {logging_mixin.py:137} INFO - [2023-06-03T08:34:53.817+0000] {dag.py:3427} INFO - Setting next_dagrun for example_subdag_operator.section-1 to None, run_after=None
[2023-06-03T08:34:53.818+0000] {logging_mixin.py:137} INFO - [2023-06-03T08:34:53.818+0000] {dag.py:3427} INFO - Setting next_dagrun for example_subdag_operator.section-2 to None, run_after=None
[2023-06-03T08:34:53.824+0000] {logging_mixin.py:137} INFO - [2023-06-03T08:34:53.824+0000] {dag.py:2676} INFO - Sync 2 DAGs
[2023-06-03T08:34:53.829+0000] {logging_mixin.py:137} INFO - [2023-06-03T08:34:53.829+0000] {dag.py:3427} INFO - Setting next_dagrun for example_subdag_operator.section-1 to None, run_after=None
[2023-06-03T08:34:53.829+0000] {logging_mixin.py:137} INFO - [2023-06-03T08:34:53.829+0000] {dag.py:3427} INFO - Setting next_dagrun for example_subdag_operator.section-2 to None, run_after=None
[2023-06-03T08:34:53.838+0000] {processor.py:175} INFO - Processing /home/airflow/.local/lib/python3.7/site-packages/airflow/example_dags/example_subdag_operator.py took 0.097 seconds
[2023-06-03T08:35:24.091+0000] {processor.py:153} INFO - Started process (PID=351) to work on /home/airflow/.local/lib/python3.7/site-packages/airflow/example_dags/example_subdag_operator.py
[2023-06-03T08:35:24.092+0000] {processor.py:743} INFO - Processing file /home/airflow/.local/lib/python3.7/site-packages/airflow/example_dags/example_subdag_operator.py for tasks to queue
[2023-06-03T08:35:24.093+0000] {logging_mixin.py:137} INFO - [2023-06-03T08:35:24.092+0000] {dagbag.py:538} INFO - Filling up the DagBag from /home/airflow/.local/lib/python3.7/site-packages/airflow/example_dags/example_subdag_operator.py
[2023-06-03T08:35:24.118+0000] {processor.py:753} INFO - DAG(s) dict_keys(['example_subdag_operator.section-1', 'example_subdag_operator.section-2', 'example_subdag_operator']) retrieved from /home/airflow/.local/lib/python3.7/site-packages/airflow/example_dags/example_subdag_operator.py
[2023-06-03T08:35:24.143+0000] {logging_mixin.py:137} INFO - [2023-06-03T08:35:24.143+0000] {dag.py:2676} INFO - Sync 3 DAGs
[2023-06-03T08:35:24.162+0000] {logging_mixin.py:137} INFO - [2023-06-03T08:35:24.161+0000] {dag.py:3427} INFO - Setting next_dagrun for example_subdag_operator to 2022-01-01T00:00:00+00:00, run_after=2022-01-01T00:00:00+00:00
[2023-06-03T08:35:24.165+0000] {logging_mixin.py:137} INFO - [2023-06-03T08:35:24.164+0000] {dag.py:3427} INFO - Setting next_dagrun for example_subdag_operator.section-1 to None, run_after=None
[2023-06-03T08:35:24.165+0000] {logging_mixin.py:137} INFO - [2023-06-03T08:35:24.165+0000] {dag.py:3427} INFO - Setting next_dagrun for example_subdag_operator.section-2 to None, run_after=None
[2023-06-03T08:35:24.171+0000] {logging_mixin.py:137} INFO - [2023-06-03T08:35:24.171+0000] {dag.py:2676} INFO - Sync 2 DAGs
[2023-06-03T08:35:24.175+0000] {logging_mixin.py:137} INFO - [2023-06-03T08:35:24.175+0000] {dag.py:3427} INFO - Setting next_dagrun for example_subdag_operator.section-1 to None, run_after=None
[2023-06-03T08:35:24.175+0000] {logging_mixin.py:137} INFO - [2023-06-03T08:35:24.175+0000] {dag.py:3427} INFO - Setting next_dagrun for example_subdag_operator.section-2 to None, run_after=None
[2023-06-03T08:35:24.185+0000] {processor.py:175} INFO - Processing /home/airflow/.local/lib/python3.7/site-packages/airflow/example_dags/example_subdag_operator.py took 0.097 seconds
