[2023-06-03T08:33:50.157+0000] {processor.py:153} INFO - Started process (PID=52) to work on /home/airflow/.local/lib/python3.7/site-packages/airflow/example_dags/example_complex.py
[2023-06-03T08:33:50.158+0000] {processor.py:743} INFO - Processing file /home/airflow/.local/lib/python3.7/site-packages/airflow/example_dags/example_complex.py for tasks to queue
[2023-06-03T08:33:50.158+0000] {logging_mixin.py:137} INFO - [2023-06-03T08:33:50.158+0000] {dagbag.py:538} INFO - Filling up the DagBag from /home/airflow/.local/lib/python3.7/site-packages/airflow/example_dags/example_complex.py
[2023-06-03T08:33:50.167+0000] {logging_mixin.py:137} INFO - [2023-06-03T08:33:50.167+0000] {taskmixin.py:205} WARNING - Dependency <Task(BashOperator): create_entry_group>, delete_entry_group already registered for DAG: example_complex
[2023-06-03T08:33:50.167+0000] {logging_mixin.py:137} INFO - [2023-06-03T08:33:50.167+0000] {taskmixin.py:205} WARNING - Dependency <Task(BashOperator): delete_entry_group>, create_entry_group already registered for DAG: example_complex
[2023-06-03T08:33:50.168+0000] {logging_mixin.py:137} INFO - [2023-06-03T08:33:50.168+0000] {taskmixin.py:205} WARNING - Dependency <Task(BashOperator): create_entry_gcs>, delete_entry already registered for DAG: example_complex
[2023-06-03T08:33:50.168+0000] {logging_mixin.py:137} INFO - [2023-06-03T08:33:50.168+0000] {taskmixin.py:205} WARNING - Dependency <Task(BashOperator): delete_entry>, create_entry_gcs already registered for DAG: example_complex
[2023-06-03T08:33:50.168+0000] {logging_mixin.py:137} INFO - [2023-06-03T08:33:50.168+0000] {taskmixin.py:205} WARNING - Dependency <Task(BashOperator): create_tag>, delete_tag already registered for DAG: example_complex
[2023-06-03T08:33:50.168+0000] {logging_mixin.py:137} INFO - [2023-06-03T08:33:50.168+0000] {taskmixin.py:205} WARNING - Dependency <Task(BashOperator): delete_tag>, create_tag already registered for DAG: example_complex
[2023-06-03T08:33:50.173+0000] {processor.py:753} INFO - DAG(s) dict_keys(['example_complex']) retrieved from /home/airflow/.local/lib/python3.7/site-packages/airflow/example_dags/example_complex.py
[2023-06-03T08:33:50.194+0000] {logging_mixin.py:137} INFO - [2023-06-03T08:33:50.194+0000] {dag.py:2676} INFO - Sync 1 DAGs
[2023-06-03T08:33:50.217+0000] {logging_mixin.py:137} INFO - [2023-06-03T08:33:50.216+0000] {dag.py:3427} INFO - Setting next_dagrun for example_complex to None, run_after=None
[2023-06-03T08:33:50.233+0000] {processor.py:175} INFO - Processing /home/airflow/.local/lib/python3.7/site-packages/airflow/example_dags/example_complex.py took 0.078 seconds
[2023-06-03T08:34:21.129+0000] {processor.py:153} INFO - Started process (PID=150) to work on /home/airflow/.local/lib/python3.7/site-packages/airflow/example_dags/example_complex.py
[2023-06-03T08:34:21.130+0000] {processor.py:743} INFO - Processing file /home/airflow/.local/lib/python3.7/site-packages/airflow/example_dags/example_complex.py for tasks to queue
[2023-06-03T08:34:21.131+0000] {logging_mixin.py:137} INFO - [2023-06-03T08:34:21.131+0000] {dagbag.py:538} INFO - Filling up the DagBag from /home/airflow/.local/lib/python3.7/site-packages/airflow/example_dags/example_complex.py
[2023-06-03T08:34:21.139+0000] {logging_mixin.py:137} INFO - [2023-06-03T08:34:21.139+0000] {taskmixin.py:205} WARNING - Dependency <Task(BashOperator): create_entry_group>, delete_entry_group already registered for DAG: example_complex
[2023-06-03T08:34:21.139+0000] {logging_mixin.py:137} INFO - [2023-06-03T08:34:21.139+0000] {taskmixin.py:205} WARNING - Dependency <Task(BashOperator): delete_entry_group>, create_entry_group already registered for DAG: example_complex
[2023-06-03T08:34:21.139+0000] {logging_mixin.py:137} INFO - [2023-06-03T08:34:21.139+0000] {taskmixin.py:205} WARNING - Dependency <Task(BashOperator): create_entry_gcs>, delete_entry already registered for DAG: example_complex
[2023-06-03T08:34:21.139+0000] {logging_mixin.py:137} INFO - [2023-06-03T08:34:21.139+0000] {taskmixin.py:205} WARNING - Dependency <Task(BashOperator): delete_entry>, create_entry_gcs already registered for DAG: example_complex
[2023-06-03T08:34:21.139+0000] {logging_mixin.py:137} INFO - [2023-06-03T08:34:21.139+0000] {taskmixin.py:205} WARNING - Dependency <Task(BashOperator): create_tag>, delete_tag already registered for DAG: example_complex
[2023-06-03T08:34:21.140+0000] {logging_mixin.py:137} INFO - [2023-06-03T08:34:21.140+0000] {taskmixin.py:205} WARNING - Dependency <Task(BashOperator): delete_tag>, create_tag already registered for DAG: example_complex
[2023-06-03T08:34:21.147+0000] {processor.py:753} INFO - DAG(s) dict_keys(['example_complex']) retrieved from /home/airflow/.local/lib/python3.7/site-packages/airflow/example_dags/example_complex.py
[2023-06-03T08:34:21.178+0000] {logging_mixin.py:137} INFO - [2023-06-03T08:34:21.178+0000] {dag.py:2676} INFO - Sync 1 DAGs
[2023-06-03T08:34:21.198+0000] {logging_mixin.py:137} INFO - [2023-06-03T08:34:21.198+0000] {dag.py:3427} INFO - Setting next_dagrun for example_complex to None, run_after=None
[2023-06-03T08:34:21.211+0000] {processor.py:175} INFO - Processing /home/airflow/.local/lib/python3.7/site-packages/airflow/example_dags/example_complex.py took 0.084 seconds
[2023-06-03T08:34:52.304+0000] {processor.py:153} INFO - Started process (PID=249) to work on /home/airflow/.local/lib/python3.7/site-packages/airflow/example_dags/example_complex.py
[2023-06-03T08:34:52.306+0000] {processor.py:743} INFO - Processing file /home/airflow/.local/lib/python3.7/site-packages/airflow/example_dags/example_complex.py for tasks to queue
[2023-06-03T08:34:52.307+0000] {logging_mixin.py:137} INFO - [2023-06-03T08:34:52.306+0000] {dagbag.py:538} INFO - Filling up the DagBag from /home/airflow/.local/lib/python3.7/site-packages/airflow/example_dags/example_complex.py
[2023-06-03T08:34:52.329+0000] {logging_mixin.py:137} INFO - [2023-06-03T08:34:52.329+0000] {taskmixin.py:205} WARNING - Dependency <Task(BashOperator): create_entry_group>, delete_entry_group already registered for DAG: example_complex
[2023-06-03T08:34:52.329+0000] {logging_mixin.py:137} INFO - [2023-06-03T08:34:52.329+0000] {taskmixin.py:205} WARNING - Dependency <Task(BashOperator): delete_entry_group>, create_entry_group already registered for DAG: example_complex
[2023-06-03T08:34:52.330+0000] {logging_mixin.py:137} INFO - [2023-06-03T08:34:52.330+0000] {taskmixin.py:205} WARNING - Dependency <Task(BashOperator): create_entry_gcs>, delete_entry already registered for DAG: example_complex
[2023-06-03T08:34:52.330+0000] {logging_mixin.py:137} INFO - [2023-06-03T08:34:52.330+0000] {taskmixin.py:205} WARNING - Dependency <Task(BashOperator): delete_entry>, create_entry_gcs already registered for DAG: example_complex
[2023-06-03T08:34:52.330+0000] {logging_mixin.py:137} INFO - [2023-06-03T08:34:52.330+0000] {taskmixin.py:205} WARNING - Dependency <Task(BashOperator): create_tag>, delete_tag already registered for DAG: example_complex
[2023-06-03T08:34:52.330+0000] {logging_mixin.py:137} INFO - [2023-06-03T08:34:52.330+0000] {taskmixin.py:205} WARNING - Dependency <Task(BashOperator): delete_tag>, create_tag already registered for DAG: example_complex
[2023-06-03T08:34:52.345+0000] {processor.py:753} INFO - DAG(s) dict_keys(['example_complex']) retrieved from /home/airflow/.local/lib/python3.7/site-packages/airflow/example_dags/example_complex.py
[2023-06-03T08:34:52.384+0000] {logging_mixin.py:137} INFO - [2023-06-03T08:34:52.384+0000] {dag.py:2676} INFO - Sync 1 DAGs
[2023-06-03T08:34:52.411+0000] {logging_mixin.py:137} INFO - [2023-06-03T08:34:52.410+0000] {dag.py:3427} INFO - Setting next_dagrun for example_complex to None, run_after=None
[2023-06-03T08:34:52.428+0000] {processor.py:175} INFO - Processing /home/airflow/.local/lib/python3.7/site-packages/airflow/example_dags/example_complex.py took 0.127 seconds
