[2023-06-03T08:33:50.976+0000] {processor.py:153} INFO - Started process (PID=69) to work on /home/airflow/.local/lib/python3.7/site-packages/airflow/example_dags/example_task_group_decorator.py
[2023-06-03T08:33:50.976+0000] {processor.py:743} INFO - Processing file /home/airflow/.local/lib/python3.7/site-packages/airflow/example_dags/example_task_group_decorator.py for tasks to queue
[2023-06-03T08:33:50.977+0000] {logging_mixin.py:137} INFO - [2023-06-03T08:33:50.977+0000] {dagbag.py:538} INFO - Filling up the DagBag from /home/airflow/.local/lib/python3.7/site-packages/airflow/example_dags/example_task_group_decorator.py
[2023-06-03T08:33:51.007+0000] {processor.py:753} INFO - DAG(s) dict_keys(['example_task_group_decorator']) retrieved from /home/airflow/.local/lib/python3.7/site-packages/airflow/example_dags/example_task_group_decorator.py
[2023-06-03T08:33:51.031+0000] {logging_mixin.py:137} INFO - [2023-06-03T08:33:51.031+0000] {dag.py:2676} INFO - Sync 1 DAGs
[2023-06-03T08:33:51.052+0000] {logging_mixin.py:137} INFO - [2023-06-03T08:33:51.052+0000] {dag.py:3427} INFO - Setting next_dagrun for example_task_group_decorator to 2023-06-02T08:33:51.052232+00:00, run_after=2023-06-03T08:33:51.052232+00:00
[2023-06-03T08:33:51.068+0000] {processor.py:175} INFO - Processing /home/airflow/.local/lib/python3.7/site-packages/airflow/example_dags/example_task_group_decorator.py took 0.094 seconds
[2023-06-03T08:34:22.014+0000] {processor.py:153} INFO - Started process (PID=167) to work on /home/airflow/.local/lib/python3.7/site-packages/airflow/example_dags/example_task_group_decorator.py
[2023-06-03T08:34:22.015+0000] {processor.py:743} INFO - Processing file /home/airflow/.local/lib/python3.7/site-packages/airflow/example_dags/example_task_group_decorator.py for tasks to queue
[2023-06-03T08:34:22.015+0000] {logging_mixin.py:137} INFO - [2023-06-03T08:34:22.015+0000] {dagbag.py:538} INFO - Filling up the DagBag from /home/airflow/.local/lib/python3.7/site-packages/airflow/example_dags/example_task_group_decorator.py
[2023-06-03T08:34:22.039+0000] {processor.py:753} INFO - DAG(s) dict_keys(['example_task_group_decorator']) retrieved from /home/airflow/.local/lib/python3.7/site-packages/airflow/example_dags/example_task_group_decorator.py
[2023-06-03T08:34:22.068+0000] {logging_mixin.py:137} INFO - [2023-06-03T08:34:22.068+0000] {dag.py:2676} INFO - Sync 1 DAGs
[2023-06-03T08:34:22.088+0000] {logging_mixin.py:137} INFO - [2023-06-03T08:34:22.088+0000] {dag.py:3427} INFO - Setting next_dagrun for example_task_group_decorator to 2023-06-02T08:34:22.088556+00:00, run_after=2023-06-03T08:34:22.088556+00:00
[2023-06-03T08:34:22.102+0000] {processor.py:175} INFO - Processing /home/airflow/.local/lib/python3.7/site-packages/airflow/example_dags/example_task_group_decorator.py took 0.092 seconds
[2023-06-03T08:34:53.424+0000] {processor.py:153} INFO - Started process (PID=266) to work on /home/airflow/.local/lib/python3.7/site-packages/airflow/example_dags/example_task_group_decorator.py
[2023-06-03T08:34:53.425+0000] {processor.py:743} INFO - Processing file /home/airflow/.local/lib/python3.7/site-packages/airflow/example_dags/example_task_group_decorator.py for tasks to queue
[2023-06-03T08:34:53.425+0000] {logging_mixin.py:137} INFO - [2023-06-03T08:34:53.425+0000] {dagbag.py:538} INFO - Filling up the DagBag from /home/airflow/.local/lib/python3.7/site-packages/airflow/example_dags/example_task_group_decorator.py
[2023-06-03T08:34:53.449+0000] {processor.py:753} INFO - DAG(s) dict_keys(['example_task_group_decorator']) retrieved from /home/airflow/.local/lib/python3.7/site-packages/airflow/example_dags/example_task_group_decorator.py
[2023-06-03T08:34:53.500+0000] {logging_mixin.py:137} INFO - [2023-06-03T08:34:53.500+0000] {dag.py:2676} INFO - Sync 1 DAGs
[2023-06-03T08:34:53.522+0000] {logging_mixin.py:137} INFO - [2023-06-03T08:34:53.522+0000] {dag.py:3427} INFO - Setting next_dagrun for example_task_group_decorator to 2023-06-02T08:34:53.521857+00:00, run_after=2023-06-03T08:34:53.521857+00:00
[2023-06-03T08:34:53.537+0000] {processor.py:175} INFO - Processing /home/airflow/.local/lib/python3.7/site-packages/airflow/example_dags/example_task_group_decorator.py took 0.115 seconds
[2023-06-03T08:35:23.655+0000] {processor.py:153} INFO - Started process (PID=345) to work on /home/airflow/.local/lib/python3.7/site-packages/airflow/example_dags/example_task_group_decorator.py
[2023-06-03T08:35:23.656+0000] {processor.py:743} INFO - Processing file /home/airflow/.local/lib/python3.7/site-packages/airflow/example_dags/example_task_group_decorator.py for tasks to queue
[2023-06-03T08:35:23.656+0000] {logging_mixin.py:137} INFO - [2023-06-03T08:35:23.656+0000] {dagbag.py:538} INFO - Filling up the DagBag from /home/airflow/.local/lib/python3.7/site-packages/airflow/example_dags/example_task_group_decorator.py
[2023-06-03T08:35:23.679+0000] {processor.py:753} INFO - DAG(s) dict_keys(['example_task_group_decorator']) retrieved from /home/airflow/.local/lib/python3.7/site-packages/airflow/example_dags/example_task_group_decorator.py
[2023-06-03T08:35:23.708+0000] {logging_mixin.py:137} INFO - [2023-06-03T08:35:23.707+0000] {dag.py:2676} INFO - Sync 1 DAGs
[2023-06-03T08:35:23.727+0000] {logging_mixin.py:137} INFO - [2023-06-03T08:35:23.726+0000] {dag.py:3427} INFO - Setting next_dagrun for example_task_group_decorator to 2023-06-02T08:35:23.726701+00:00, run_after=2023-06-03T08:35:23.726701+00:00
[2023-06-03T08:35:23.744+0000] {processor.py:175} INFO - Processing /home/airflow/.local/lib/python3.7/site-packages/airflow/example_dags/example_task_group_decorator.py took 0.091 seconds
