[2023-06-03T08:33:51.177+0000] {processor.py:153} INFO - Started process (PID=73) to work on /home/airflow/.local/lib/python3.7/site-packages/airflow/example_dags/example_latest_only_with_trigger.py
[2023-06-03T08:33:51.178+0000] {processor.py:743} INFO - Processing file /home/airflow/.local/lib/python3.7/site-packages/airflow/example_dags/example_latest_only_with_trigger.py for tasks to queue
[2023-06-03T08:33:51.178+0000] {logging_mixin.py:137} INFO - [2023-06-03T08:33:51.178+0000] {dagbag.py:538} INFO - Filling up the DagBag from /home/airflow/.local/lib/python3.7/site-packages/airflow/example_dags/example_latest_only_with_trigger.py
[2023-06-03T08:33:51.191+0000] {processor.py:753} INFO - DAG(s) dict_keys(['latest_only_with_trigger']) retrieved from /home/airflow/.local/lib/python3.7/site-packages/airflow/example_dags/example_latest_only_with_trigger.py
[2023-06-03T08:33:51.211+0000] {logging_mixin.py:137} INFO - [2023-06-03T08:33:51.210+0000] {dag.py:2676} INFO - Sync 1 DAGs
[2023-06-03T08:33:51.233+0000] {logging_mixin.py:137} INFO - [2023-06-03T08:33:51.233+0000] {dag.py:3427} INFO - Setting next_dagrun for latest_only_with_trigger to 2023-06-03T04:33:51.232919+00:00, run_after=2023-06-03T08:33:51.232919+00:00
[2023-06-03T08:33:51.250+0000] {processor.py:175} INFO - Processing /home/airflow/.local/lib/python3.7/site-packages/airflow/example_dags/example_latest_only_with_trigger.py took 0.076 seconds
[2023-06-03T08:34:22.213+0000] {processor.py:153} INFO - Started process (PID=171) to work on /home/airflow/.local/lib/python3.7/site-packages/airflow/example_dags/example_latest_only_with_trigger.py
[2023-06-03T08:34:22.214+0000] {processor.py:743} INFO - Processing file /home/airflow/.local/lib/python3.7/site-packages/airflow/example_dags/example_latest_only_with_trigger.py for tasks to queue
[2023-06-03T08:34:22.214+0000] {logging_mixin.py:137} INFO - [2023-06-03T08:34:22.214+0000] {dagbag.py:538} INFO - Filling up the DagBag from /home/airflow/.local/lib/python3.7/site-packages/airflow/example_dags/example_latest_only_with_trigger.py
[2023-06-03T08:34:22.225+0000] {processor.py:753} INFO - DAG(s) dict_keys(['latest_only_with_trigger']) retrieved from /home/airflow/.local/lib/python3.7/site-packages/airflow/example_dags/example_latest_only_with_trigger.py
[2023-06-03T08:34:22.255+0000] {logging_mixin.py:137} INFO - [2023-06-03T08:34:22.255+0000] {dag.py:2676} INFO - Sync 1 DAGs
[2023-06-03T08:34:22.274+0000] {logging_mixin.py:137} INFO - [2023-06-03T08:34:22.274+0000] {dag.py:3427} INFO - Setting next_dagrun for latest_only_with_trigger to 2023-06-03T04:34:22.274552+00:00, run_after=2023-06-03T08:34:22.274552+00:00
[2023-06-03T08:34:22.289+0000] {processor.py:175} INFO - Processing /home/airflow/.local/lib/python3.7/site-packages/airflow/example_dags/example_latest_only_with_trigger.py took 0.079 seconds
[2023-06-03T08:34:53.651+0000] {processor.py:153} INFO - Started process (PID=270) to work on /home/airflow/.local/lib/python3.7/site-packages/airflow/example_dags/example_latest_only_with_trigger.py
[2023-06-03T08:34:53.652+0000] {processor.py:743} INFO - Processing file /home/airflow/.local/lib/python3.7/site-packages/airflow/example_dags/example_latest_only_with_trigger.py for tasks to queue
[2023-06-03T08:34:53.652+0000] {logging_mixin.py:137} INFO - [2023-06-03T08:34:53.652+0000] {dagbag.py:538} INFO - Filling up the DagBag from /home/airflow/.local/lib/python3.7/site-packages/airflow/example_dags/example_latest_only_with_trigger.py
[2023-06-03T08:34:53.664+0000] {processor.py:753} INFO - DAG(s) dict_keys(['latest_only_with_trigger']) retrieved from /home/airflow/.local/lib/python3.7/site-packages/airflow/example_dags/example_latest_only_with_trigger.py
[2023-06-03T08:34:53.692+0000] {logging_mixin.py:137} INFO - [2023-06-03T08:34:53.692+0000] {dag.py:2676} INFO - Sync 1 DAGs
[2023-06-03T08:34:53.713+0000] {logging_mixin.py:137} INFO - [2023-06-03T08:34:53.713+0000] {dag.py:3427} INFO - Setting next_dagrun for latest_only_with_trigger to 2023-06-03T04:34:53.712822+00:00, run_after=2023-06-03T08:34:53.712822+00:00
[2023-06-03T08:34:53.730+0000] {processor.py:175} INFO - Processing /home/airflow/.local/lib/python3.7/site-packages/airflow/example_dags/example_latest_only_with_trigger.py took 0.081 seconds
[2023-06-03T08:35:23.914+0000] {processor.py:153} INFO - Started process (PID=349) to work on /home/airflow/.local/lib/python3.7/site-packages/airflow/example_dags/example_latest_only_with_trigger.py
[2023-06-03T08:35:23.914+0000] {processor.py:743} INFO - Processing file /home/airflow/.local/lib/python3.7/site-packages/airflow/example_dags/example_latest_only_with_trigger.py for tasks to queue
[2023-06-03T08:35:23.915+0000] {logging_mixin.py:137} INFO - [2023-06-03T08:35:23.915+0000] {dagbag.py:538} INFO - Filling up the DagBag from /home/airflow/.local/lib/python3.7/site-packages/airflow/example_dags/example_latest_only_with_trigger.py
[2023-06-03T08:35:23.925+0000] {processor.py:753} INFO - DAG(s) dict_keys(['latest_only_with_trigger']) retrieved from /home/airflow/.local/lib/python3.7/site-packages/airflow/example_dags/example_latest_only_with_trigger.py
[2023-06-03T08:35:23.954+0000] {logging_mixin.py:137} INFO - [2023-06-03T08:35:23.954+0000] {dag.py:2676} INFO - Sync 1 DAGs
[2023-06-03T08:35:23.972+0000] {logging_mixin.py:137} INFO - [2023-06-03T08:35:23.972+0000] {dag.py:3427} INFO - Setting next_dagrun for latest_only_with_trigger to 2023-06-03T04:35:23.972401+00:00, run_after=2023-06-03T08:35:23.972401+00:00
[2023-06-03T08:35:23.987+0000] {processor.py:175} INFO - Processing /home/airflow/.local/lib/python3.7/site-packages/airflow/example_dags/example_latest_only_with_trigger.py took 0.076 seconds
