[2023-06-03T08:33:49.973+0000] {processor.py:153} INFO - Started process (PID=48) to work on /home/airflow/.local/lib/python3.7/site-packages/airflow/example_dags/example_branch_operator_decorator.py
[2023-06-03T08:33:49.973+0000] {processor.py:743} INFO - Processing file /home/airflow/.local/lib/python3.7/site-packages/airflow/example_dags/example_branch_operator_decorator.py for tasks to queue
[2023-06-03T08:33:49.974+0000] {logging_mixin.py:137} INFO - [2023-06-03T08:33:49.974+0000] {dagbag.py:538} INFO - Filling up the DagBag from /home/airflow/.local/lib/python3.7/site-packages/airflow/example_dags/example_branch_operator_decorator.py
[2023-06-03T08:33:49.997+0000] {processor.py:753} INFO - DAG(s) dict_keys(['example_branch_python_operator_decorator']) retrieved from /home/airflow/.local/lib/python3.7/site-packages/airflow/example_dags/example_branch_operator_decorator.py
[2023-06-03T08:33:50.019+0000] {logging_mixin.py:137} INFO - [2023-06-03T08:33:50.018+0000] {dag.py:2676} INFO - Sync 1 DAGs
[2023-06-03T08:33:50.042+0000] {logging_mixin.py:137} INFO - [2023-06-03T08:33:50.042+0000] {dag.py:3427} INFO - Setting next_dagrun for example_branch_python_operator_decorator to 2023-06-02T00:00:00+00:00, run_after=2023-06-03T00:00:00+00:00
[2023-06-03T08:33:50.059+0000] {processor.py:175} INFO - Processing /home/airflow/.local/lib/python3.7/site-packages/airflow/example_dags/example_branch_operator_decorator.py took 0.089 seconds
[2023-06-03T08:34:20.932+0000] {processor.py:153} INFO - Started process (PID=146) to work on /home/airflow/.local/lib/python3.7/site-packages/airflow/example_dags/example_branch_operator_decorator.py
[2023-06-03T08:34:20.933+0000] {processor.py:743} INFO - Processing file /home/airflow/.local/lib/python3.7/site-packages/airflow/example_dags/example_branch_operator_decorator.py for tasks to queue
[2023-06-03T08:34:20.933+0000] {logging_mixin.py:137} INFO - [2023-06-03T08:34:20.933+0000] {dagbag.py:538} INFO - Filling up the DagBag from /home/airflow/.local/lib/python3.7/site-packages/airflow/example_dags/example_branch_operator_decorator.py
[2023-06-03T08:34:20.954+0000] {processor.py:753} INFO - DAG(s) dict_keys(['example_branch_python_operator_decorator']) retrieved from /home/airflow/.local/lib/python3.7/site-packages/airflow/example_dags/example_branch_operator_decorator.py
[2023-06-03T08:34:20.986+0000] {logging_mixin.py:137} INFO - [2023-06-03T08:34:20.986+0000] {dag.py:2676} INFO - Sync 1 DAGs
[2023-06-03T08:34:21.008+0000] {logging_mixin.py:137} INFO - [2023-06-03T08:34:21.008+0000] {dag.py:3427} INFO - Setting next_dagrun for example_branch_python_operator_decorator to 2023-06-02T00:00:00+00:00, run_after=2023-06-03T00:00:00+00:00
[2023-06-03T08:34:21.024+0000] {processor.py:175} INFO - Processing /home/airflow/.local/lib/python3.7/site-packages/airflow/example_dags/example_branch_operator_decorator.py took 0.095 seconds
[2023-06-03T08:34:52.054+0000] {processor.py:153} INFO - Started process (PID=234) to work on /home/airflow/.local/lib/python3.7/site-packages/airflow/example_dags/example_branch_operator_decorator.py
[2023-06-03T08:34:52.054+0000] {processor.py:743} INFO - Processing file /home/airflow/.local/lib/python3.7/site-packages/airflow/example_dags/example_branch_operator_decorator.py for tasks to queue
[2023-06-03T08:34:52.055+0000] {logging_mixin.py:137} INFO - [2023-06-03T08:34:52.055+0000] {dagbag.py:538} INFO - Filling up the DagBag from /home/airflow/.local/lib/python3.7/site-packages/airflow/example_dags/example_branch_operator_decorator.py
[2023-06-03T08:34:52.081+0000] {processor.py:753} INFO - DAG(s) dict_keys(['example_branch_python_operator_decorator']) retrieved from /home/airflow/.local/lib/python3.7/site-packages/airflow/example_dags/example_branch_operator_decorator.py
[2023-06-03T08:34:52.113+0000] {logging_mixin.py:137} INFO - [2023-06-03T08:34:52.113+0000] {dag.py:2676} INFO - Sync 1 DAGs
[2023-06-03T08:34:52.132+0000] {logging_mixin.py:137} INFO - [2023-06-03T08:34:52.132+0000] {dag.py:3427} INFO - Setting next_dagrun for example_branch_python_operator_decorator to 2023-06-02T00:00:00+00:00, run_after=2023-06-03T00:00:00+00:00
[2023-06-03T08:34:52.146+0000] {processor.py:175} INFO - Processing /home/airflow/.local/lib/python3.7/site-packages/airflow/example_dags/example_branch_operator_decorator.py took 0.096 seconds
[2023-06-03T08:35:22.398+0000] {processor.py:153} INFO - Started process (PID=324) to work on /home/airflow/.local/lib/python3.7/site-packages/airflow/example_dags/example_branch_operator_decorator.py
[2023-06-03T08:35:22.399+0000] {processor.py:743} INFO - Processing file /home/airflow/.local/lib/python3.7/site-packages/airflow/example_dags/example_branch_operator_decorator.py for tasks to queue
[2023-06-03T08:35:22.400+0000] {logging_mixin.py:137} INFO - [2023-06-03T08:35:22.399+0000] {dagbag.py:538} INFO - Filling up the DagBag from /home/airflow/.local/lib/python3.7/site-packages/airflow/example_dags/example_branch_operator_decorator.py
[2023-06-03T08:35:22.419+0000] {processor.py:753} INFO - DAG(s) dict_keys(['example_branch_python_operator_decorator']) retrieved from /home/airflow/.local/lib/python3.7/site-packages/airflow/example_dags/example_branch_operator_decorator.py
[2023-06-03T08:35:22.449+0000] {logging_mixin.py:137} INFO - [2023-06-03T08:35:22.449+0000] {dag.py:2676} INFO - Sync 1 DAGs
[2023-06-03T08:35:22.470+0000] {logging_mixin.py:137} INFO - [2023-06-03T08:35:22.470+0000] {dag.py:3427} INFO - Setting next_dagrun for example_branch_python_operator_decorator to 2023-06-02T00:00:00+00:00, run_after=2023-06-03T00:00:00+00:00
[2023-06-03T08:35:22.485+0000] {processor.py:175} INFO - Processing /home/airflow/.local/lib/python3.7/site-packages/airflow/example_dags/example_branch_operator_decorator.py took 0.089 seconds
