[2023-06-03T08:33:50.620+0000] {processor.py:153} INFO - Started process (PID=62) to work on /home/airflow/.local/lib/python3.7/site-packages/airflow/example_dags/example_python_operator.py
[2023-06-03T08:33:50.620+0000] {processor.py:743} INFO - Processing file /home/airflow/.local/lib/python3.7/site-packages/airflow/example_dags/example_python_operator.py for tasks to queue
[2023-06-03T08:33:50.621+0000] {logging_mixin.py:137} INFO - [2023-06-03T08:33:50.621+0000] {dagbag.py:538} INFO - Filling up the DagBag from /home/airflow/.local/lib/python3.7/site-packages/airflow/example_dags/example_python_operator.py
[2023-06-03T08:33:50.636+0000] {logging_mixin.py:137} INFO - [2023-06-03T08:33:50.636+0000] {taskmixin.py:205} WARNING - Dependency <Task(_PythonDecoratedOperator): print_the_context>, log_sql_query already registered for DAG: example_python_operator
[2023-06-03T08:33:50.637+0000] {logging_mixin.py:137} INFO - [2023-06-03T08:33:50.637+0000] {taskmixin.py:205} WARNING - Dependency <Task(_PythonDecoratedOperator): log_sql_query>, print_the_context already registered for DAG: example_python_operator
[2023-06-03T08:33:50.637+0000] {logging_mixin.py:137} INFO - [2023-06-03T08:33:50.637+0000] {taskmixin.py:205} WARNING - Dependency <Task(_PythonDecoratedOperator): print_the_context>, log_sql_query already registered for DAG: example_python_operator
[2023-06-03T08:33:50.637+0000] {logging_mixin.py:137} INFO - [2023-06-03T08:33:50.637+0000] {taskmixin.py:205} WARNING - Dependency <Task(_PythonDecoratedOperator): log_sql_query>, print_the_context already registered for DAG: example_python_operator
[2023-06-03T08:33:50.638+0000] {logging_mixin.py:137} INFO - [2023-06-03T08:33:50.638+0000] {taskmixin.py:205} WARNING - Dependency <Task(_PythonDecoratedOperator): print_the_context>, log_sql_query already registered for DAG: example_python_operator
[2023-06-03T08:33:50.638+0000] {logging_mixin.py:137} INFO - [2023-06-03T08:33:50.638+0000] {taskmixin.py:205} WARNING - Dependency <Task(_PythonDecoratedOperator): log_sql_query>, print_the_context already registered for DAG: example_python_operator
[2023-06-03T08:33:50.638+0000] {logging_mixin.py:137} INFO - [2023-06-03T08:33:50.638+0000] {taskmixin.py:205} WARNING - Dependency <Task(_PythonDecoratedOperator): print_the_context>, log_sql_query already registered for DAG: example_python_operator
[2023-06-03T08:33:50.638+0000] {logging_mixin.py:137} INFO - [2023-06-03T08:33:50.638+0000] {taskmixin.py:205} WARNING - Dependency <Task(_PythonDecoratedOperator): log_sql_query>, print_the_context already registered for DAG: example_python_operator
[2023-06-03T08:33:50.644+0000] {processor.py:753} INFO - DAG(s) dict_keys(['example_python_operator']) retrieved from /home/airflow/.local/lib/python3.7/site-packages/airflow/example_dags/example_python_operator.py
[2023-06-03T08:33:50.667+0000] {logging_mixin.py:137} INFO - [2023-06-03T08:33:50.667+0000] {dag.py:2676} INFO - Sync 1 DAGs
[2023-06-03T08:33:50.692+0000] {logging_mixin.py:137} INFO - [2023-06-03T08:33:50.692+0000] {dag.py:3427} INFO - Setting next_dagrun for example_python_operator to None, run_after=None
[2023-06-03T08:33:50.713+0000] {processor.py:175} INFO - Processing /home/airflow/.local/lib/python3.7/site-packages/airflow/example_dags/example_python_operator.py took 0.096 seconds
[2023-06-03T08:34:21.635+0000] {processor.py:153} INFO - Started process (PID=160) to work on /home/airflow/.local/lib/python3.7/site-packages/airflow/example_dags/example_python_operator.py
[2023-06-03T08:34:21.636+0000] {processor.py:743} INFO - Processing file /home/airflow/.local/lib/python3.7/site-packages/airflow/example_dags/example_python_operator.py for tasks to queue
[2023-06-03T08:34:21.636+0000] {logging_mixin.py:137} INFO - [2023-06-03T08:34:21.636+0000] {dagbag.py:538} INFO - Filling up the DagBag from /home/airflow/.local/lib/python3.7/site-packages/airflow/example_dags/example_python_operator.py
[2023-06-03T08:34:21.654+0000] {logging_mixin.py:137} INFO - [2023-06-03T08:34:21.654+0000] {taskmixin.py:205} WARNING - Dependency <Task(_PythonDecoratedOperator): print_the_context>, log_sql_query already registered for DAG: example_python_operator
[2023-06-03T08:34:21.655+0000] {logging_mixin.py:137} INFO - [2023-06-03T08:34:21.654+0000] {taskmixin.py:205} WARNING - Dependency <Task(_PythonDecoratedOperator): log_sql_query>, print_the_context already registered for DAG: example_python_operator
[2023-06-03T08:34:21.655+0000] {logging_mixin.py:137} INFO - [2023-06-03T08:34:21.655+0000] {taskmixin.py:205} WARNING - Dependency <Task(_PythonDecoratedOperator): print_the_context>, log_sql_query already registered for DAG: example_python_operator
[2023-06-03T08:34:21.655+0000] {logging_mixin.py:137} INFO - [2023-06-03T08:34:21.655+0000] {taskmixin.py:205} WARNING - Dependency <Task(_PythonDecoratedOperator): log_sql_query>, print_the_context already registered for DAG: example_python_operator
[2023-06-03T08:34:21.656+0000] {logging_mixin.py:137} INFO - [2023-06-03T08:34:21.656+0000] {taskmixin.py:205} WARNING - Dependency <Task(_PythonDecoratedOperator): print_the_context>, log_sql_query already registered for DAG: example_python_operator
[2023-06-03T08:34:21.656+0000] {logging_mixin.py:137} INFO - [2023-06-03T08:34:21.656+0000] {taskmixin.py:205} WARNING - Dependency <Task(_PythonDecoratedOperator): log_sql_query>, print_the_context already registered for DAG: example_python_operator
[2023-06-03T08:34:21.657+0000] {logging_mixin.py:137} INFO - [2023-06-03T08:34:21.657+0000] {taskmixin.py:205} WARNING - Dependency <Task(_PythonDecoratedOperator): print_the_context>, log_sql_query already registered for DAG: example_python_operator
[2023-06-03T08:34:21.657+0000] {logging_mixin.py:137} INFO - [2023-06-03T08:34:21.657+0000] {taskmixin.py:205} WARNING - Dependency <Task(_PythonDecoratedOperator): log_sql_query>, print_the_context already registered for DAG: example_python_operator
[2023-06-03T08:34:21.662+0000] {processor.py:753} INFO - DAG(s) dict_keys(['example_python_operator']) retrieved from /home/airflow/.local/lib/python3.7/site-packages/airflow/example_dags/example_python_operator.py
[2023-06-03T08:34:21.723+0000] {logging_mixin.py:137} INFO - [2023-06-03T08:34:21.722+0000] {dag.py:2676} INFO - Sync 1 DAGs
[2023-06-03T08:34:21.740+0000] {logging_mixin.py:137} INFO - [2023-06-03T08:34:21.740+0000] {dag.py:3427} INFO - Setting next_dagrun for example_python_operator to None, run_after=None
[2023-06-03T08:34:21.756+0000] {processor.py:175} INFO - Processing /home/airflow/.local/lib/python3.7/site-packages/airflow/example_dags/example_python_operator.py took 0.123 seconds
[2023-06-03T08:34:52.988+0000] {processor.py:153} INFO - Started process (PID=259) to work on /home/airflow/.local/lib/python3.7/site-packages/airflow/example_dags/example_python_operator.py
[2023-06-03T08:34:52.989+0000] {processor.py:743} INFO - Processing file /home/airflow/.local/lib/python3.7/site-packages/airflow/example_dags/example_python_operator.py for tasks to queue
[2023-06-03T08:34:52.990+0000] {logging_mixin.py:137} INFO - [2023-06-03T08:34:52.990+0000] {dagbag.py:538} INFO - Filling up the DagBag from /home/airflow/.local/lib/python3.7/site-packages/airflow/example_dags/example_python_operator.py
[2023-06-03T08:34:53.009+0000] {logging_mixin.py:137} INFO - [2023-06-03T08:34:53.009+0000] {taskmixin.py:205} WARNING - Dependency <Task(_PythonDecoratedOperator): print_the_context>, log_sql_query already registered for DAG: example_python_operator
[2023-06-03T08:34:53.010+0000] {logging_mixin.py:137} INFO - [2023-06-03T08:34:53.010+0000] {taskmixin.py:205} WARNING - Dependency <Task(_PythonDecoratedOperator): log_sql_query>, print_the_context already registered for DAG: example_python_operator
[2023-06-03T08:34:53.010+0000] {logging_mixin.py:137} INFO - [2023-06-03T08:34:53.010+0000] {taskmixin.py:205} WARNING - Dependency <Task(_PythonDecoratedOperator): print_the_context>, log_sql_query already registered for DAG: example_python_operator
[2023-06-03T08:34:53.011+0000] {logging_mixin.py:137} INFO - [2023-06-03T08:34:53.010+0000] {taskmixin.py:205} WARNING - Dependency <Task(_PythonDecoratedOperator): log_sql_query>, print_the_context already registered for DAG: example_python_operator
[2023-06-03T08:34:53.011+0000] {logging_mixin.py:137} INFO - [2023-06-03T08:34:53.011+0000] {taskmixin.py:205} WARNING - Dependency <Task(_PythonDecoratedOperator): print_the_context>, log_sql_query already registered for DAG: example_python_operator
[2023-06-03T08:34:53.011+0000] {logging_mixin.py:137} INFO - [2023-06-03T08:34:53.011+0000] {taskmixin.py:205} WARNING - Dependency <Task(_PythonDecoratedOperator): log_sql_query>, print_the_context already registered for DAG: example_python_operator
[2023-06-03T08:34:53.012+0000] {logging_mixin.py:137} INFO - [2023-06-03T08:34:53.012+0000] {taskmixin.py:205} WARNING - Dependency <Task(_PythonDecoratedOperator): print_the_context>, log_sql_query already registered for DAG: example_python_operator
[2023-06-03T08:34:53.012+0000] {logging_mixin.py:137} INFO - [2023-06-03T08:34:53.012+0000] {taskmixin.py:205} WARNING - Dependency <Task(_PythonDecoratedOperator): log_sql_query>, print_the_context already registered for DAG: example_python_operator
[2023-06-03T08:34:53.019+0000] {processor.py:753} INFO - DAG(s) dict_keys(['example_python_operator']) retrieved from /home/airflow/.local/lib/python3.7/site-packages/airflow/example_dags/example_python_operator.py
[2023-06-03T08:34:53.057+0000] {logging_mixin.py:137} INFO - [2023-06-03T08:34:53.057+0000] {dag.py:2676} INFO - Sync 1 DAGs
[2023-06-03T08:34:53.086+0000] {logging_mixin.py:137} INFO - [2023-06-03T08:34:53.086+0000] {dag.py:3427} INFO - Setting next_dagrun for example_python_operator to None, run_after=None
[2023-06-03T08:34:53.108+0000] {processor.py:175} INFO - Processing /home/airflow/.local/lib/python3.7/site-packages/airflow/example_dags/example_python_operator.py took 0.122 seconds
