[2023-06-03T08:33:50.768+0000] {processor.py:153} INFO - Started process (PID=65) to work on /home/airflow/.local/lib/python3.7/site-packages/airflow/example_dags/example_nested_branch_dag.py
[2023-06-03T08:33:50.769+0000] {processor.py:743} INFO - Processing file /home/airflow/.local/lib/python3.7/site-packages/airflow/example_dags/example_nested_branch_dag.py for tasks to queue
[2023-06-03T08:33:50.769+0000] {logging_mixin.py:137} INFO - [2023-06-03T08:33:50.769+0000] {dagbag.py:538} INFO - Filling up the DagBag from /home/airflow/.local/lib/python3.7/site-packages/airflow/example_dags/example_nested_branch_dag.py
[2023-06-03T08:33:50.798+0000] {processor.py:753} INFO - DAG(s) dict_keys(['example_nested_branch_dag']) retrieved from /home/airflow/.local/lib/python3.7/site-packages/airflow/example_dags/example_nested_branch_dag.py
[2023-06-03T08:33:50.819+0000] {logging_mixin.py:137} INFO - [2023-06-03T08:33:50.818+0000] {dag.py:2676} INFO - Sync 1 DAGs
[2023-06-03T08:33:50.844+0000] {logging_mixin.py:137} INFO - [2023-06-03T08:33:50.844+0000] {dag.py:3427} INFO - Setting next_dagrun for example_nested_branch_dag to 2023-06-02T00:00:00+00:00, run_after=2023-06-03T00:00:00+00:00
[2023-06-03T08:33:50.860+0000] {processor.py:175} INFO - Processing /home/airflow/.local/lib/python3.7/site-packages/airflow/example_dags/example_nested_branch_dag.py took 0.095 seconds
[2023-06-03T08:34:21.800+0000] {processor.py:153} INFO - Started process (PID=163) to work on /home/airflow/.local/lib/python3.7/site-packages/airflow/example_dags/example_nested_branch_dag.py
[2023-06-03T08:34:21.800+0000] {processor.py:743} INFO - Processing file /home/airflow/.local/lib/python3.7/site-packages/airflow/example_dags/example_nested_branch_dag.py for tasks to queue
[2023-06-03T08:34:21.801+0000] {logging_mixin.py:137} INFO - [2023-06-03T08:34:21.801+0000] {dagbag.py:538} INFO - Filling up the DagBag from /home/airflow/.local/lib/python3.7/site-packages/airflow/example_dags/example_nested_branch_dag.py
[2023-06-03T08:34:21.821+0000] {processor.py:753} INFO - DAG(s) dict_keys(['example_nested_branch_dag']) retrieved from /home/airflow/.local/lib/python3.7/site-packages/airflow/example_dags/example_nested_branch_dag.py
[2023-06-03T08:34:21.852+0000] {logging_mixin.py:137} INFO - [2023-06-03T08:34:21.851+0000] {dag.py:2676} INFO - Sync 1 DAGs
[2023-06-03T08:34:21.873+0000] {logging_mixin.py:137} INFO - [2023-06-03T08:34:21.873+0000] {dag.py:3427} INFO - Setting next_dagrun for example_nested_branch_dag to 2023-06-02T00:00:00+00:00, run_after=2023-06-03T00:00:00+00:00
[2023-06-03T08:34:21.889+0000] {processor.py:175} INFO - Processing /home/airflow/.local/lib/python3.7/site-packages/airflow/example_dags/example_nested_branch_dag.py took 0.091 seconds
[2023-06-03T08:34:53.189+0000] {processor.py:153} INFO - Started process (PID=262) to work on /home/airflow/.local/lib/python3.7/site-packages/airflow/example_dags/example_nested_branch_dag.py
[2023-06-03T08:34:53.190+0000] {processor.py:743} INFO - Processing file /home/airflow/.local/lib/python3.7/site-packages/airflow/example_dags/example_nested_branch_dag.py for tasks to queue
[2023-06-03T08:34:53.190+0000] {logging_mixin.py:137} INFO - [2023-06-03T08:34:53.190+0000] {dagbag.py:538} INFO - Filling up the DagBag from /home/airflow/.local/lib/python3.7/site-packages/airflow/example_dags/example_nested_branch_dag.py
[2023-06-03T08:34:53.210+0000] {processor.py:753} INFO - DAG(s) dict_keys(['example_nested_branch_dag']) retrieved from /home/airflow/.local/lib/python3.7/site-packages/airflow/example_dags/example_nested_branch_dag.py
[2023-06-03T08:34:53.240+0000] {logging_mixin.py:137} INFO - [2023-06-03T08:34:53.240+0000] {dag.py:2676} INFO - Sync 1 DAGs
[2023-06-03T08:34:53.263+0000] {logging_mixin.py:137} INFO - [2023-06-03T08:34:53.263+0000] {dag.py:3427} INFO - Setting next_dagrun for example_nested_branch_dag to 2023-06-02T00:00:00+00:00, run_after=2023-06-03T00:00:00+00:00
[2023-06-03T08:34:53.278+0000] {processor.py:175} INFO - Processing /home/airflow/.local/lib/python3.7/site-packages/airflow/example_dags/example_nested_branch_dag.py took 0.092 seconds
