[2023-06-03T08:33:50.570+0000] {processor.py:153} INFO - Started process (PID=61) to work on /home/airflow/.local/lib/python3.7/site-packages/airflow/example_dags/example_latest_only.py
[2023-06-03T08:33:50.570+0000] {processor.py:743} INFO - Processing file /home/airflow/.local/lib/python3.7/site-packages/airflow/example_dags/example_latest_only.py for tasks to queue
[2023-06-03T08:33:50.571+0000] {logging_mixin.py:137} INFO - [2023-06-03T08:33:50.571+0000] {dagbag.py:538} INFO - Filling up the DagBag from /home/airflow/.local/lib/python3.7/site-packages/airflow/example_dags/example_latest_only.py
[2023-06-03T08:33:50.584+0000] {processor.py:753} INFO - DAG(s) dict_keys(['latest_only']) retrieved from /home/airflow/.local/lib/python3.7/site-packages/airflow/example_dags/example_latest_only.py
[2023-06-03T08:33:50.606+0000] {logging_mixin.py:137} INFO - [2023-06-03T08:33:50.606+0000] {dag.py:2676} INFO - Sync 1 DAGs
[2023-06-03T08:33:50.627+0000] {logging_mixin.py:137} INFO - [2023-06-03T08:33:50.626+0000] {dag.py:3427} INFO - Setting next_dagrun for latest_only to 2023-06-03T04:33:50.626820+00:00, run_after=2023-06-03T08:33:50.626820+00:00
[2023-06-03T08:33:50.642+0000] {processor.py:175} INFO - Processing /home/airflow/.local/lib/python3.7/site-packages/airflow/example_dags/example_latest_only.py took 0.075 seconds
[2023-06-03T08:34:21.598+0000] {processor.py:153} INFO - Started process (PID=159) to work on /home/airflow/.local/lib/python3.7/site-packages/airflow/example_dags/example_latest_only.py
[2023-06-03T08:34:21.599+0000] {processor.py:743} INFO - Processing file /home/airflow/.local/lib/python3.7/site-packages/airflow/example_dags/example_latest_only.py for tasks to queue
[2023-06-03T08:34:21.599+0000] {logging_mixin.py:137} INFO - [2023-06-03T08:34:21.599+0000] {dagbag.py:538} INFO - Filling up the DagBag from /home/airflow/.local/lib/python3.7/site-packages/airflow/example_dags/example_latest_only.py
[2023-06-03T08:34:21.610+0000] {processor.py:753} INFO - DAG(s) dict_keys(['latest_only']) retrieved from /home/airflow/.local/lib/python3.7/site-packages/airflow/example_dags/example_latest_only.py
[2023-06-03T08:34:21.644+0000] {logging_mixin.py:137} INFO - [2023-06-03T08:34:21.644+0000] {dag.py:2676} INFO - Sync 1 DAGs
[2023-06-03T08:34:21.669+0000] {logging_mixin.py:137} INFO - [2023-06-03T08:34:21.669+0000] {dag.py:3427} INFO - Setting next_dagrun for latest_only to 2023-06-03T04:34:21.669545+00:00, run_after=2023-06-03T08:34:21.669545+00:00
[2023-06-03T08:34:21.685+0000] {processor.py:175} INFO - Processing /home/airflow/.local/lib/python3.7/site-packages/airflow/example_dags/example_latest_only.py took 0.090 seconds
[2023-06-03T08:34:52.958+0000] {processor.py:153} INFO - Started process (PID=258) to work on /home/airflow/.local/lib/python3.7/site-packages/airflow/example_dags/example_latest_only.py
[2023-06-03T08:34:52.958+0000] {processor.py:743} INFO - Processing file /home/airflow/.local/lib/python3.7/site-packages/airflow/example_dags/example_latest_only.py for tasks to queue
[2023-06-03T08:34:52.959+0000] {logging_mixin.py:137} INFO - [2023-06-03T08:34:52.959+0000] {dagbag.py:538} INFO - Filling up the DagBag from /home/airflow/.local/lib/python3.7/site-packages/airflow/example_dags/example_latest_only.py
[2023-06-03T08:34:52.972+0000] {processor.py:753} INFO - DAG(s) dict_keys(['latest_only']) retrieved from /home/airflow/.local/lib/python3.7/site-packages/airflow/example_dags/example_latest_only.py
[2023-06-03T08:34:53.008+0000] {logging_mixin.py:137} INFO - [2023-06-03T08:34:53.008+0000] {dag.py:2676} INFO - Sync 1 DAGs
[2023-06-03T08:34:53.031+0000] {logging_mixin.py:137} INFO - [2023-06-03T08:34:53.031+0000] {dag.py:3427} INFO - Setting next_dagrun for latest_only to 2023-06-03T04:34:53.031391+00:00, run_after=2023-06-03T08:34:53.031391+00:00
[2023-06-03T08:34:53.050+0000] {processor.py:175} INFO - Processing /home/airflow/.local/lib/python3.7/site-packages/airflow/example_dags/example_latest_only.py took 0.095 seconds
