[2023-06-03T08:33:51.018+0000] {processor.py:153} INFO - Started process (PID=70) to work on /home/airflow/.local/lib/python3.7/site-packages/airflow/example_dags/example_branch_python_dop_operator_3.py
[2023-06-03T08:33:51.019+0000] {processor.py:743} INFO - Processing file /home/airflow/.local/lib/python3.7/site-packages/airflow/example_dags/example_branch_python_dop_operator_3.py for tasks to queue
[2023-06-03T08:33:51.020+0000] {logging_mixin.py:137} INFO - [2023-06-03T08:33:51.020+0000] {dagbag.py:538} INFO - Filling up the DagBag from /home/airflow/.local/lib/python3.7/site-packages/airflow/example_dags/example_branch_python_dop_operator_3.py
[2023-06-03T08:33:51.046+0000] {processor.py:753} INFO - DAG(s) dict_keys(['example_branch_dop_operator_v3']) retrieved from /home/airflow/.local/lib/python3.7/site-packages/airflow/example_dags/example_branch_python_dop_operator_3.py
[2023-06-03T08:33:51.067+0000] {logging_mixin.py:137} INFO - [2023-06-03T08:33:51.067+0000] {dag.py:2676} INFO - Sync 1 DAGs
[2023-06-03T08:33:51.092+0000] {logging_mixin.py:137} INFO - [2023-06-03T08:33:51.092+0000] {dag.py:3427} INFO - Setting next_dagrun for example_branch_dop_operator_v3 to 2023-06-03T08:32:00+00:00, run_after=2023-06-03T08:33:00+00:00
[2023-06-03T08:33:51.108+0000] {processor.py:175} INFO - Processing /home/airflow/.local/lib/python3.7/site-packages/airflow/example_dags/example_branch_python_dop_operator_3.py took 0.093 seconds
[2023-06-03T08:34:22.063+0000] {processor.py:153} INFO - Started process (PID=168) to work on /home/airflow/.local/lib/python3.7/site-packages/airflow/example_dags/example_branch_python_dop_operator_3.py
[2023-06-03T08:34:22.064+0000] {processor.py:743} INFO - Processing file /home/airflow/.local/lib/python3.7/site-packages/airflow/example_dags/example_branch_python_dop_operator_3.py for tasks to queue
[2023-06-03T08:34:22.064+0000] {logging_mixin.py:137} INFO - [2023-06-03T08:34:22.064+0000] {dagbag.py:538} INFO - Filling up the DagBag from /home/airflow/.local/lib/python3.7/site-packages/airflow/example_dags/example_branch_python_dop_operator_3.py
[2023-06-03T08:34:22.083+0000] {processor.py:753} INFO - DAG(s) dict_keys(['example_branch_dop_operator_v3']) retrieved from /home/airflow/.local/lib/python3.7/site-packages/airflow/example_dags/example_branch_python_dop_operator_3.py
[2023-06-03T08:34:22.109+0000] {logging_mixin.py:137} INFO - [2023-06-03T08:34:22.109+0000] {dag.py:2676} INFO - Sync 1 DAGs
[2023-06-03T08:34:22.133+0000] {logging_mixin.py:137} INFO - [2023-06-03T08:34:22.133+0000] {dag.py:3427} INFO - Setting next_dagrun for example_branch_dop_operator_v3 to 2023-06-03T08:33:00+00:00, run_after=2023-06-03T08:34:00+00:00
[2023-06-03T08:34:22.150+0000] {processor.py:175} INFO - Processing /home/airflow/.local/lib/python3.7/site-packages/airflow/example_dags/example_branch_python_dop_operator_3.py took 0.089 seconds
[2023-06-03T08:34:53.492+0000] {processor.py:153} INFO - Started process (PID=267) to work on /home/airflow/.local/lib/python3.7/site-packages/airflow/example_dags/example_branch_python_dop_operator_3.py
[2023-06-03T08:34:53.493+0000] {processor.py:743} INFO - Processing file /home/airflow/.local/lib/python3.7/site-packages/airflow/example_dags/example_branch_python_dop_operator_3.py for tasks to queue
[2023-06-03T08:34:53.494+0000] {logging_mixin.py:137} INFO - [2023-06-03T08:34:53.493+0000] {dagbag.py:538} INFO - Filling up the DagBag from /home/airflow/.local/lib/python3.7/site-packages/airflow/example_dags/example_branch_python_dop_operator_3.py
[2023-06-03T08:34:53.514+0000] {processor.py:753} INFO - DAG(s) dict_keys(['example_branch_dop_operator_v3']) retrieved from /home/airflow/.local/lib/python3.7/site-packages/airflow/example_dags/example_branch_python_dop_operator_3.py
[2023-06-03T08:34:53.548+0000] {logging_mixin.py:137} INFO - [2023-06-03T08:34:53.547+0000] {dag.py:2676} INFO - Sync 1 DAGs
[2023-06-03T08:34:53.573+0000] {logging_mixin.py:137} INFO - [2023-06-03T08:34:53.572+0000] {dag.py:3427} INFO - Setting next_dagrun for example_branch_dop_operator_v3 to 2023-06-03T08:33:00+00:00, run_after=2023-06-03T08:34:00+00:00
[2023-06-03T08:34:53.588+0000] {processor.py:175} INFO - Processing /home/airflow/.local/lib/python3.7/site-packages/airflow/example_dags/example_branch_python_dop_operator_3.py took 0.099 seconds
