[2023-06-03T08:33:50.729+0000] {processor.py:153} INFO - Started process (PID=64) to work on /home/airflow/.local/lib/python3.7/site-packages/airflow/example_dags/example_branch_operator.py
[2023-06-03T08:33:50.730+0000] {processor.py:743} INFO - Processing file /home/airflow/.local/lib/python3.7/site-packages/airflow/example_dags/example_branch_operator.py for tasks to queue
[2023-06-03T08:33:50.731+0000] {logging_mixin.py:137} INFO - [2023-06-03T08:33:50.730+0000] {dagbag.py:538} INFO - Filling up the DagBag from /home/airflow/.local/lib/python3.7/site-packages/airflow/example_dags/example_branch_operator.py
[2023-06-03T08:33:50.746+0000] {processor.py:753} INFO - DAG(s) dict_keys(['example_branch_operator']) retrieved from /home/airflow/.local/lib/python3.7/site-packages/airflow/example_dags/example_branch_operator.py
[2023-06-03T08:33:50.770+0000] {logging_mixin.py:137} INFO - [2023-06-03T08:33:50.770+0000] {dag.py:2676} INFO - Sync 1 DAGs
[2023-06-03T08:33:50.791+0000] {logging_mixin.py:137} INFO - [2023-06-03T08:33:50.791+0000] {dag.py:3427} INFO - Setting next_dagrun for example_branch_operator to 2023-06-02T00:00:00+00:00, run_after=2023-06-03T00:00:00+00:00
[2023-06-03T08:33:50.809+0000] {processor.py:175} INFO - Processing /home/airflow/.local/lib/python3.7/site-packages/airflow/example_dags/example_branch_operator.py took 0.082 seconds
[2023-06-03T08:34:21.770+0000] {processor.py:153} INFO - Started process (PID=162) to work on /home/airflow/.local/lib/python3.7/site-packages/airflow/example_dags/example_branch_operator.py
[2023-06-03T08:34:21.771+0000] {processor.py:743} INFO - Processing file /home/airflow/.local/lib/python3.7/site-packages/airflow/example_dags/example_branch_operator.py for tasks to queue
[2023-06-03T08:34:21.771+0000] {logging_mixin.py:137} INFO - [2023-06-03T08:34:21.771+0000] {dagbag.py:538} INFO - Filling up the DagBag from /home/airflow/.local/lib/python3.7/site-packages/airflow/example_dags/example_branch_operator.py
[2023-06-03T08:34:21.786+0000] {processor.py:753} INFO - DAG(s) dict_keys(['example_branch_operator']) retrieved from /home/airflow/.local/lib/python3.7/site-packages/airflow/example_dags/example_branch_operator.py
[2023-06-03T08:34:21.815+0000] {logging_mixin.py:137} INFO - [2023-06-03T08:34:21.814+0000] {dag.py:2676} INFO - Sync 1 DAGs
[2023-06-03T08:34:21.837+0000] {logging_mixin.py:137} INFO - [2023-06-03T08:34:21.836+0000] {dag.py:3427} INFO - Setting next_dagrun for example_branch_operator to 2023-06-02T00:00:00+00:00, run_after=2023-06-03T00:00:00+00:00
[2023-06-03T08:34:21.853+0000] {processor.py:175} INFO - Processing /home/airflow/.local/lib/python3.7/site-packages/airflow/example_dags/example_branch_operator.py took 0.085 seconds
[2023-06-03T08:34:53.126+0000] {processor.py:153} INFO - Started process (PID=261) to work on /home/airflow/.local/lib/python3.7/site-packages/airflow/example_dags/example_branch_operator.py
[2023-06-03T08:34:53.127+0000] {processor.py:743} INFO - Processing file /home/airflow/.local/lib/python3.7/site-packages/airflow/example_dags/example_branch_operator.py for tasks to queue
[2023-06-03T08:34:53.127+0000] {logging_mixin.py:137} INFO - [2023-06-03T08:34:53.127+0000] {dagbag.py:538} INFO - Filling up the DagBag from /home/airflow/.local/lib/python3.7/site-packages/airflow/example_dags/example_branch_operator.py
[2023-06-03T08:34:53.144+0000] {processor.py:753} INFO - DAG(s) dict_keys(['example_branch_operator']) retrieved from /home/airflow/.local/lib/python3.7/site-packages/airflow/example_dags/example_branch_operator.py
[2023-06-03T08:34:53.174+0000] {logging_mixin.py:137} INFO - [2023-06-03T08:34:53.174+0000] {dag.py:2676} INFO - Sync 1 DAGs
[2023-06-03T08:34:53.196+0000] {logging_mixin.py:137} INFO - [2023-06-03T08:34:53.195+0000] {dag.py:3427} INFO - Setting next_dagrun for example_branch_operator to 2023-06-02T00:00:00+00:00, run_after=2023-06-03T00:00:00+00:00
[2023-06-03T08:34:53.210+0000] {processor.py:175} INFO - Processing /home/airflow/.local/lib/python3.7/site-packages/airflow/example_dags/example_branch_operator.py took 0.087 seconds
[2023-06-03T08:35:23.253+0000] {processor.py:153} INFO - Started process (PID=340) to work on /home/airflow/.local/lib/python3.7/site-packages/airflow/example_dags/example_branch_operator.py
[2023-06-03T08:35:23.254+0000] {processor.py:743} INFO - Processing file /home/airflow/.local/lib/python3.7/site-packages/airflow/example_dags/example_branch_operator.py for tasks to queue
[2023-06-03T08:35:23.254+0000] {logging_mixin.py:137} INFO - [2023-06-03T08:35:23.254+0000] {dagbag.py:538} INFO - Filling up the DagBag from /home/airflow/.local/lib/python3.7/site-packages/airflow/example_dags/example_branch_operator.py
[2023-06-03T08:35:23.268+0000] {processor.py:753} INFO - DAG(s) dict_keys(['example_branch_operator']) retrieved from /home/airflow/.local/lib/python3.7/site-packages/airflow/example_dags/example_branch_operator.py
[2023-06-03T08:35:23.298+0000] {logging_mixin.py:137} INFO - [2023-06-03T08:35:23.298+0000] {dag.py:2676} INFO - Sync 1 DAGs
[2023-06-03T08:35:23.318+0000] {logging_mixin.py:137} INFO - [2023-06-03T08:35:23.318+0000] {dag.py:3427} INFO - Setting next_dagrun for example_branch_operator to 2023-06-02T00:00:00+00:00, run_after=2023-06-03T00:00:00+00:00
[2023-06-03T08:35:23.333+0000] {processor.py:175} INFO - Processing /home/airflow/.local/lib/python3.7/site-packages/airflow/example_dags/example_branch_operator.py took 0.083 seconds
