[2023-06-03T08:33:50.385+0000] {processor.py:153} INFO - Started process (PID=57) to work on /home/airflow/.local/lib/python3.7/site-packages/airflow/example_dags/tutorial_dag.py
[2023-06-03T08:33:50.386+0000] {processor.py:743} INFO - Processing file /home/airflow/.local/lib/python3.7/site-packages/airflow/example_dags/tutorial_dag.py for tasks to queue
[2023-06-03T08:33:50.386+0000] {logging_mixin.py:137} INFO - [2023-06-03T08:33:50.386+0000] {dagbag.py:538} INFO - Filling up the DagBag from /home/airflow/.local/lib/python3.7/site-packages/airflow/example_dags/tutorial_dag.py
[2023-06-03T08:33:50.397+0000] {processor.py:753} INFO - DAG(s) dict_keys(['tutorial_dag']) retrieved from /home/airflow/.local/lib/python3.7/site-packages/airflow/example_dags/tutorial_dag.py
[2023-06-03T08:33:50.417+0000] {logging_mixin.py:137} INFO - [2023-06-03T08:33:50.417+0000] {dag.py:2676} INFO - Sync 1 DAGs
[2023-06-03T08:33:50.440+0000] {logging_mixin.py:137} INFO - [2023-06-03T08:33:50.440+0000] {dag.py:3427} INFO - Setting next_dagrun for tutorial_dag to None, run_after=None
[2023-06-03T08:33:50.456+0000] {processor.py:175} INFO - Processing /home/airflow/.local/lib/python3.7/site-packages/airflow/example_dags/tutorial_dag.py took 0.073 seconds
[2023-06-03T08:34:21.415+0000] {processor.py:153} INFO - Started process (PID=155) to work on /home/airflow/.local/lib/python3.7/site-packages/airflow/example_dags/tutorial_dag.py
[2023-06-03T08:34:21.415+0000] {processor.py:743} INFO - Processing file /home/airflow/.local/lib/python3.7/site-packages/airflow/example_dags/tutorial_dag.py for tasks to queue
[2023-06-03T08:34:21.416+0000] {logging_mixin.py:137} INFO - [2023-06-03T08:34:21.416+0000] {dagbag.py:538} INFO - Filling up the DagBag from /home/airflow/.local/lib/python3.7/site-packages/airflow/example_dags/tutorial_dag.py
[2023-06-03T08:34:21.426+0000] {processor.py:753} INFO - DAG(s) dict_keys(['tutorial_dag']) retrieved from /home/airflow/.local/lib/python3.7/site-packages/airflow/example_dags/tutorial_dag.py
[2023-06-03T08:34:21.454+0000] {logging_mixin.py:137} INFO - [2023-06-03T08:34:21.454+0000] {dag.py:2676} INFO - Sync 1 DAGs
[2023-06-03T08:34:21.475+0000] {logging_mixin.py:137} INFO - [2023-06-03T08:34:21.475+0000] {dag.py:3427} INFO - Setting next_dagrun for tutorial_dag to None, run_after=None
[2023-06-03T08:34:21.490+0000] {processor.py:175} INFO - Processing /home/airflow/.local/lib/python3.7/site-packages/airflow/example_dags/tutorial_dag.py took 0.078 seconds
[2023-06-03T08:34:52.690+0000] {processor.py:153} INFO - Started process (PID=254) to work on /home/airflow/.local/lib/python3.7/site-packages/airflow/example_dags/tutorial_dag.py
[2023-06-03T08:34:52.691+0000] {processor.py:743} INFO - Processing file /home/airflow/.local/lib/python3.7/site-packages/airflow/example_dags/tutorial_dag.py for tasks to queue
[2023-06-03T08:34:52.691+0000] {logging_mixin.py:137} INFO - [2023-06-03T08:34:52.691+0000] {dagbag.py:538} INFO - Filling up the DagBag from /home/airflow/.local/lib/python3.7/site-packages/airflow/example_dags/tutorial_dag.py
[2023-06-03T08:34:52.706+0000] {processor.py:753} INFO - DAG(s) dict_keys(['tutorial_dag']) retrieved from /home/airflow/.local/lib/python3.7/site-packages/airflow/example_dags/tutorial_dag.py
[2023-06-03T08:34:52.740+0000] {logging_mixin.py:137} INFO - [2023-06-03T08:34:52.740+0000] {dag.py:2676} INFO - Sync 1 DAGs
[2023-06-03T08:34:52.777+0000] {logging_mixin.py:137} INFO - [2023-06-03T08:34:52.777+0000] {dag.py:3427} INFO - Setting next_dagrun for tutorial_dag to None, run_after=None
[2023-06-03T08:34:52.800+0000] {processor.py:175} INFO - Processing /home/airflow/.local/lib/python3.7/site-packages/airflow/example_dags/tutorial_dag.py took 0.113 seconds
