[2023-06-04T11:52:18.408+0000] {taskinstance.py:1103} INFO - Dependencies all met for dep_context=non-requeueable deps ti=<TaskInstance: top_english_movies.load_movies manual__2023-06-04T11:52:13.752988+00:00 [queued]>
[2023-06-04T11:52:18.414+0000] {taskinstance.py:1103} INFO - Dependencies all met for dep_context=requeueable deps ti=<TaskInstance: top_english_movies.load_movies manual__2023-06-04T11:52:13.752988+00:00 [queued]>
[2023-06-04T11:52:18.415+0000] {taskinstance.py:1308} INFO - Starting attempt 1 of 1
[2023-06-04T11:52:18.425+0000] {taskinstance.py:1327} INFO - Executing <Task(_PythonDecoratedOperator): load_movies> on 2023-06-04 11:52:13.752988+00:00
[2023-06-04T11:52:18.430+0000] {standard_task_runner.py:57} INFO - Started process 4325 to run task
[2023-06-04T11:52:18.433+0000] {standard_task_runner.py:84} INFO - Running: ['***', 'tasks', 'run', 'top_english_movies', 'load_movies', 'manual__2023-06-04T11:52:13.752988+00:00', '--job-id', '112', '--raw', '--subdir', 'DAGS_FOLDER/top_english_movies.py', '--cfg-path', '/tmp/tmpxdin0i6i']
[2023-06-04T11:52:18.433+0000] {standard_task_runner.py:85} INFO - Job 112: Subtask load_movies
[2023-06-04T11:52:18.467+0000] {task_command.py:410} INFO - Running <TaskInstance: top_english_movies.load_movies manual__2023-06-04T11:52:13.752988+00:00 [running]> on host 7633a4fabdb3
[2023-06-04T11:52:18.598+0000] {taskinstance.py:1547} INFO - Exporting env vars: AIRFLOW_CTX_DAG_OWNER='***' AIRFLOW_CTX_DAG_ID='top_english_movies' AIRFLOW_CTX_TASK_ID='load_movies' AIRFLOW_CTX_EXECUTION_DATE='2023-06-04T11:52:13.752988+00:00' AIRFLOW_CTX_TRY_NUMBER='1' AIRFLOW_CTX_DAG_RUN_ID='manual__2023-06-04T11:52:13.752988+00:00'
[2023-06-04T11:52:18.599+0000] {logging_mixin.py:149} INFO - Fetching Dataset...
[2023-06-04T11:52:19.132+0000] {logging_mixin.py:149} INFO - Done
[2023-06-04T11:52:19.133+0000] {logging_mixin.py:149} INFO - https://bigquery.googleapis.com/bigquery/v2/projects/imdb-388708/datasets/imdb
[2023-06-04T11:52:19.133+0000] {logging_mixin.py:149} INFO - 
Fetching Table...
[2023-06-04T11:52:19.433+0000] {logging_mixin.py:149} INFO - Table does not exist. Creating a new one.
[2023-06-04T11:52:20.164+0000] {logging_mixin.py:149} INFO - https://bigquery.googleapis.com/bigquery/v2/projects/imdb-388708/datasets/imdb/tables/top_english_movies
[2023-06-04T11:52:24.093+0000] {logging_mixin.py:149} INFO - Loaded 250 rows into imdb:top_english_movies.
[2023-06-04T11:52:24.094+0000] {python.py:183} INFO - Done. Returned value was: None
[2023-06-04T11:52:24.102+0000] {taskinstance.py:1350} INFO - Marking task as SUCCESS. dag_id=top_english_movies, task_id=load_movies, execution_date=20230604T115213, start_date=20230604T115218, end_date=20230604T115224
[2023-06-04T11:52:24.140+0000] {local_task_job_runner.py:225} INFO - Task exited with return code 0
[2023-06-04T11:52:24.151+0000] {taskinstance.py:2651} INFO - 0 downstream tasks scheduled from follow-on schedule check
