[2023-06-04T09:03:05.219+0000] {taskinstance.py:1103} INFO - Dependencies all met for dep_context=non-requeueable deps ti=<TaskInstance: most_popular_movies.scrape_most_popular_titles manual__2023-06-04T09:03:03.549735+00:00 [queued]>
[2023-06-04T09:03:05.225+0000] {taskinstance.py:1103} INFO - Dependencies all met for dep_context=requeueable deps ti=<TaskInstance: most_popular_movies.scrape_most_popular_titles manual__2023-06-04T09:03:03.549735+00:00 [queued]>
[2023-06-04T09:03:05.225+0000] {taskinstance.py:1308} INFO - Starting attempt 1 of 1
[2023-06-04T09:03:05.233+0000] {taskinstance.py:1327} INFO - Executing <Task(_PythonDecoratedOperator): scrape_most_popular_titles> on 2023-06-04 09:03:03.549735+00:00
[2023-06-04T09:03:05.239+0000] {standard_task_runner.py:57} INFO - Started process 1359 to run task
[2023-06-04T09:03:05.241+0000] {standard_task_runner.py:84} INFO - Running: ['***', 'tasks', 'run', 'most_popular_movies', 'scrape_most_popular_titles', 'manual__2023-06-04T09:03:03.549735+00:00', '--job-id', '62', '--raw', '--subdir', 'DAGS_FOLDER/most_popular_movies.py', '--cfg-path', '/tmp/tmpfi9n_x81']
[2023-06-04T09:03:05.241+0000] {standard_task_runner.py:85} INFO - Job 62: Subtask scrape_most_popular_titles
[2023-06-04T09:03:05.274+0000] {task_command.py:410} INFO - Running <TaskInstance: most_popular_movies.scrape_most_popular_titles manual__2023-06-04T09:03:03.549735+00:00 [running]> on host 7633a4fabdb3
[2023-06-04T09:03:05.333+0000] {taskinstance.py:1547} INFO - Exporting env vars: AIRFLOW_CTX_DAG_OWNER='***' AIRFLOW_CTX_DAG_ID='most_popular_movies' AIRFLOW_CTX_TASK_ID='scrape_most_popular_titles' AIRFLOW_CTX_EXECUTION_DATE='2023-06-04T09:03:03.549735+00:00' AIRFLOW_CTX_TRY_NUMBER='1' AIRFLOW_CTX_DAG_RUN_ID='manual__2023-06-04T09:03:03.549735+00:00'
[2023-06-04T09:03:06.414+0000] {logging_mixin.py:149} INFO - Missing rating. Replacing with -1
[2023-06-04T09:03:06.415+0000] {logging_mixin.py:149} INFO - Missing rating. Replacing with -1
[2023-06-04T09:03:06.415+0000] {logging_mixin.py:149} INFO - Missing rating. Replacing with -1
[2023-06-04T09:03:06.415+0000] {logging_mixin.py:149} INFO - Missing rating. Replacing with -1
[2023-06-04T09:03:06.415+0000] {logging_mixin.py:149} INFO - Missing rating. Replacing with -1
[2023-06-04T09:03:06.415+0000] {logging_mixin.py:149} INFO - Missing rating. Replacing with -1
[2023-06-04T09:03:06.415+0000] {logging_mixin.py:149} INFO - Missing rating. Replacing with -1
[2023-06-04T09:03:06.415+0000] {logging_mixin.py:149} INFO - Missing rating. Replacing with -1
[2023-06-04T09:03:06.415+0000] {logging_mixin.py:149} INFO - Missing rating. Replacing with -1
[2023-06-04T09:03:06.415+0000] {logging_mixin.py:149} INFO - Missing rating. Replacing with -1
[2023-06-04T09:03:06.416+0000] {logging_mixin.py:149} INFO - Missing rating. Replacing with -1
[2023-06-04T09:03:06.416+0000] {logging_mixin.py:149} INFO - Missing rating. Replacing with -1
[2023-06-04T09:03:06.416+0000] {logging_mixin.py:149} INFO - Missing rating. Replacing with -1
[2023-06-04T09:03:06.417+0000] {python.py:183} INFO - Done. Returned value was: {'The Little Mermaid': 7.6, 'Fast X': 6.3, 'Guardians of the Galaxy Vol. 3': 8.2, 'Killers of the Flower Moon': 9.5, 'John Wick: Chapter 4': 8.0, 'Dungeons & Dragons: Honor Among Thieves': 7.3, 'The Super Mario Bros. Movie': 7.2, 'Ant-Man and the Wasp: Quantumania': 6.1, 'Air': 7.5, 'The Flash': -1, 'Sisu': 7.0, 'Barbie': -1, 'The Mother': 5.6, 'Indiana Jones and the Dial of Destiny': -1, "White Men Can't Jump": 6.8, "Guy Ritchie's The Covenant": 7.5, 'Evil Dead Rise': 6.7, 'The Machine': 6.7, 'Shazam! Fury of the Gods': 6.0, 'A Man Called Otto': 7.5, 'Asteroid City': 6.9, "Five Nights at Freddy's": -1, 'Spider-Man: Across the Spider-Verse': 9.1, 'The Color Purple': 7.7, 'Mission: Impossible - Dead Reckoning Part One': -1, 'Misanthrope': 6.5, 'Oppenheimer': -1, 'The Creator': -1, 'Missing': 7.1, 'F9': 5.2, 'Transformers: Rise of the Beasts': -1, 'Beau Is Afraid': 7.1, 'Kandahar': 6.2, 'No Hard Feelings': -1, 'Love Again': 5.7, 'Scream VI': 6.6, 'X': 6.6, 'Renfield': 6.4, 'The Son': 6.3, 'The Fast and the Furious': 6.8, 'Faithfully Yours': 5.9, 'Jeanne du Barry': 6.7, "The Pope's Exorcist": 6.1, 'Guardians of the Galaxy': 8.0, 'Ghosted': 5.8, 'May December': 7.1, 'About My Father': 6.1, 'Avatar: The Way of Water': 7.7, 'Thor': 7.0, 'Top Gun: Maverick': 8.3, 'Meg 2: The Trench': -1, "Astérix & Obélix: L'Empire du Milieu": 5.0, 'The Zone of Interest': 8.2, 'BlackBerry': 7.7, 'Everything Everywhere All at Once': 7.8, 'Heat': 8.3, 'The Godfather': 9.2, 'Robots': 5.2, 'Peter Pan & Wendy': 4.2, 'Hypnotic': 5.4, 'The Menu': 7.2, "What's Love Got to Do with It": 7.3, '65': 5.4, 'The Kerala Story': 7.4, 'Dune: Part One': 8.0, 'Interstellar': 8.7, 'The Shawshank Redemption': 9.3, 'John Wick': 7.4, 'The Boogeyman': 6.2, 'Firebrand': 6.3, 'Dzien Matki': 5.2, 'Cocaine Bear': 6.0, 'Fast & Furious 7': 7.1, 'Dune: Part Two': -1, 'Bullet Train': 7.3, 'Guardians of the Galaxy Vol. 2': 7.6, 'Girl in the Basement': 6.3, "Harry Potter and the Sorcerer's Stone": 7.6, 'Operation Fortune: Ruse de Guerre': 6.3, 'Beetlejuice 2': -1, 'Pearl': 7.0, 'Fast Five': 7.3, 'Babylon': 7.2, 'Spider-Man: Into the Spider-Verse': 8.4, 'Fast & Furious': 6.5, 'The Whale': 7.7, "Are You There God? It's Me, Margaret.": 7.8, 'Triangle of Sadness': 7.3, 'Kathal: A Jackfruit Mystery': 6.7, 'The Fate of the Furious': 6.6, 'Love': 6.1, 'Blood & Gold': 6.5, 'The Fabelmans': 7.6, 'Bama Rush': 3.9, 'You Hurt My Feelings': 7.2, 'Nefarious': 6.8, 'Once Upon a Time in... Hollywood': 7.6}
[2023-06-04T09:03:06.437+0000] {taskinstance.py:1350} INFO - Marking task as SUCCESS. dag_id=most_popular_movies, task_id=scrape_most_popular_titles, execution_date=20230604T090303, start_date=20230604T090305, end_date=20230604T090306
[2023-06-04T09:03:06.456+0000] {local_task_job_runner.py:225} INFO - Task exited with return code 0
[2023-06-04T09:03:06.478+0000] {taskinstance.py:2651} INFO - 1 downstream tasks scheduled from follow-on schedule check
