[2023-06-04T07:58:07.548+0000] {processor.py:157} INFO - Started process (PID=31) to work on /opt/airflow/dags/helper/web_scrape.py
[2023-06-04T07:58:07.549+0000] {processor.py:826} INFO - Processing file /opt/airflow/dags/helper/web_scrape.py for tasks to queue
[2023-06-04T07:58:07.550+0000] {logging_mixin.py:149} INFO - [2023-06-04T07:58:07.550+0000] {dagbag.py:541} INFO - Filling up the DagBag from /opt/airflow/dags/helper/web_scrape.py
[2023-06-04T07:58:09.311+0000] {processor.py:838} WARNING - No viable dags retrieved from /opt/airflow/dags/helper/web_scrape.py
[2023-06-04T07:58:09.320+0000] {processor.py:179} INFO - Processing /opt/airflow/dags/helper/web_scrape.py took 1.775 seconds
[2023-06-04T07:58:39.764+0000] {processor.py:157} INFO - Started process (PID=121) to work on /opt/airflow/dags/helper/web_scrape.py
[2023-06-04T07:58:39.765+0000] {processor.py:826} INFO - Processing file /opt/airflow/dags/helper/web_scrape.py for tasks to queue
[2023-06-04T07:58:39.766+0000] {logging_mixin.py:149} INFO - [2023-06-04T07:58:39.766+0000] {dagbag.py:541} INFO - Filling up the DagBag from /opt/airflow/dags/helper/web_scrape.py
[2023-06-04T07:58:40.344+0000] {processor.py:838} WARNING - No viable dags retrieved from /opt/airflow/dags/helper/web_scrape.py
[2023-06-04T07:58:40.354+0000] {processor.py:179} INFO - Processing /opt/airflow/dags/helper/web_scrape.py took 0.592 seconds
[2023-06-04T07:59:10.405+0000] {processor.py:157} INFO - Started process (PID=224) to work on /opt/airflow/dags/helper/web_scrape.py
[2023-06-04T07:59:10.406+0000] {processor.py:826} INFO - Processing file /opt/airflow/dags/helper/web_scrape.py for tasks to queue
[2023-06-04T07:59:10.406+0000] {logging_mixin.py:149} INFO - [2023-06-04T07:59:10.406+0000] {dagbag.py:541} INFO - Filling up the DagBag from /opt/airflow/dags/helper/web_scrape.py
[2023-06-04T07:59:10.986+0000] {processor.py:838} WARNING - No viable dags retrieved from /opt/airflow/dags/helper/web_scrape.py
[2023-06-04T07:59:10.995+0000] {processor.py:179} INFO - Processing /opt/airflow/dags/helper/web_scrape.py took 0.592 seconds
[2023-06-04T07:59:41.244+0000] {processor.py:157} INFO - Started process (PID=314) to work on /opt/airflow/dags/helper/web_scrape.py
[2023-06-04T07:59:41.245+0000] {processor.py:826} INFO - Processing file /opt/airflow/dags/helper/web_scrape.py for tasks to queue
[2023-06-04T07:59:41.246+0000] {logging_mixin.py:149} INFO - [2023-06-04T07:59:41.246+0000] {dagbag.py:541} INFO - Filling up the DagBag from /opt/airflow/dags/helper/web_scrape.py
[2023-06-04T07:59:41.796+0000] {processor.py:838} WARNING - No viable dags retrieved from /opt/airflow/dags/helper/web_scrape.py
[2023-06-04T07:59:41.804+0000] {processor.py:179} INFO - Processing /opt/airflow/dags/helper/web_scrape.py took 0.563 seconds
[2023-06-04T08:00:08.792+0000] {processor.py:157} INFO - Started process (PID=405) to work on /opt/airflow/dags/helper/web_scrape.py
[2023-06-04T08:00:08.792+0000] {processor.py:826} INFO - Processing file /opt/airflow/dags/helper/web_scrape.py for tasks to queue
[2023-06-04T08:00:08.793+0000] {logging_mixin.py:149} INFO - [2023-06-04T08:00:08.793+0000] {dagbag.py:541} INFO - Filling up the DagBag from /opt/airflow/dags/helper/web_scrape.py
[2023-06-04T08:00:09.358+0000] {processor.py:838} WARNING - No viable dags retrieved from /opt/airflow/dags/helper/web_scrape.py
[2023-06-04T08:00:09.367+0000] {processor.py:179} INFO - Processing /opt/airflow/dags/helper/web_scrape.py took 0.578 seconds
[2023-06-04T08:00:40.014+0000] {processor.py:157} INFO - Started process (PID=505) to work on /opt/airflow/dags/helper/web_scrape.py
[2023-06-04T08:00:40.016+0000] {processor.py:826} INFO - Processing file /opt/airflow/dags/helper/web_scrape.py for tasks to queue
[2023-06-04T08:00:40.016+0000] {logging_mixin.py:149} INFO - [2023-06-04T08:00:40.016+0000] {dagbag.py:541} INFO - Filling up the DagBag from /opt/airflow/dags/helper/web_scrape.py
[2023-06-04T08:00:40.534+0000] {processor.py:838} WARNING - No viable dags retrieved from /opt/airflow/dags/helper/web_scrape.py
[2023-06-04T08:00:40.542+0000] {processor.py:179} INFO - Processing /opt/airflow/dags/helper/web_scrape.py took 0.530 seconds
[2023-06-04T08:01:11.025+0000] {processor.py:157} INFO - Started process (PID=596) to work on /opt/airflow/dags/helper/web_scrape.py
[2023-06-04T08:01:11.025+0000] {processor.py:826} INFO - Processing file /opt/airflow/dags/helper/web_scrape.py for tasks to queue
[2023-06-04T08:01:11.026+0000] {logging_mixin.py:149} INFO - [2023-06-04T08:01:11.025+0000] {dagbag.py:541} INFO - Filling up the DagBag from /opt/airflow/dags/helper/web_scrape.py
[2023-06-04T08:01:11.537+0000] {processor.py:838} WARNING - No viable dags retrieved from /opt/airflow/dags/helper/web_scrape.py
[2023-06-04T08:01:11.544+0000] {processor.py:179} INFO - Processing /opt/airflow/dags/helper/web_scrape.py took 0.522 seconds
[2023-06-04T08:01:41.627+0000] {processor.py:157} INFO - Started process (PID=687) to work on /opt/airflow/dags/helper/web_scrape.py
[2023-06-04T08:01:41.628+0000] {processor.py:826} INFO - Processing file /opt/airflow/dags/helper/web_scrape.py for tasks to queue
[2023-06-04T08:01:41.628+0000] {logging_mixin.py:149} INFO - [2023-06-04T08:01:41.628+0000] {dagbag.py:541} INFO - Filling up the DagBag from /opt/airflow/dags/helper/web_scrape.py
[2023-06-04T08:01:42.201+0000] {processor.py:838} WARNING - No viable dags retrieved from /opt/airflow/dags/helper/web_scrape.py
[2023-06-04T08:01:42.209+0000] {processor.py:179} INFO - Processing /opt/airflow/dags/helper/web_scrape.py took 0.585 seconds
[2023-06-04T08:02:12.459+0000] {processor.py:157} INFO - Started process (PID=777) to work on /opt/airflow/dags/helper/web_scrape.py
[2023-06-04T08:02:12.460+0000] {processor.py:826} INFO - Processing file /opt/airflow/dags/helper/web_scrape.py for tasks to queue
[2023-06-04T08:02:12.460+0000] {logging_mixin.py:149} INFO - [2023-06-04T08:02:12.460+0000] {dagbag.py:541} INFO - Filling up the DagBag from /opt/airflow/dags/helper/web_scrape.py
[2023-06-04T08:02:13.046+0000] {processor.py:838} WARNING - No viable dags retrieved from /opt/airflow/dags/helper/web_scrape.py
[2023-06-04T08:02:13.054+0000] {processor.py:179} INFO - Processing /opt/airflow/dags/helper/web_scrape.py took 0.598 seconds
[2023-06-04T08:02:43.159+0000] {processor.py:157} INFO - Started process (PID=868) to work on /opt/airflow/dags/helper/web_scrape.py
[2023-06-04T08:02:43.159+0000] {processor.py:826} INFO - Processing file /opt/airflow/dags/helper/web_scrape.py for tasks to queue
[2023-06-04T08:02:43.160+0000] {logging_mixin.py:149} INFO - [2023-06-04T08:02:43.160+0000] {dagbag.py:541} INFO - Filling up the DagBag from /opt/airflow/dags/helper/web_scrape.py
[2023-06-04T08:02:43.765+0000] {processor.py:838} WARNING - No viable dags retrieved from /opt/airflow/dags/helper/web_scrape.py
[2023-06-04T08:02:43.790+0000] {processor.py:179} INFO - Processing /opt/airflow/dags/helper/web_scrape.py took 0.634 seconds
[2023-06-04T08:03:14.231+0000] {processor.py:157} INFO - Started process (PID=964) to work on /opt/airflow/dags/helper/web_scrape.py
[2023-06-04T08:03:14.233+0000] {processor.py:826} INFO - Processing file /opt/airflow/dags/helper/web_scrape.py for tasks to queue
[2023-06-04T08:03:14.234+0000] {logging_mixin.py:149} INFO - [2023-06-04T08:03:14.233+0000] {dagbag.py:541} INFO - Filling up the DagBag from /opt/airflow/dags/helper/web_scrape.py
[2023-06-04T08:03:14.823+0000] {processor.py:838} WARNING - No viable dags retrieved from /opt/airflow/dags/helper/web_scrape.py
[2023-06-04T08:03:14.832+0000] {processor.py:179} INFO - Processing /opt/airflow/dags/helper/web_scrape.py took 0.603 seconds
[2023-06-04T08:03:39.491+0000] {processor.py:157} INFO - Started process (PID=1037) to work on /opt/airflow/dags/helper/web_scrape.py
[2023-06-04T08:03:39.492+0000] {processor.py:826} INFO - Processing file /opt/airflow/dags/helper/web_scrape.py for tasks to queue
[2023-06-04T08:03:39.492+0000] {logging_mixin.py:149} INFO - [2023-06-04T08:03:39.492+0000] {dagbag.py:541} INFO - Filling up the DagBag from /opt/airflow/dags/helper/web_scrape.py
[2023-06-04T08:03:40.137+0000] {processor.py:838} WARNING - No viable dags retrieved from /opt/airflow/dags/helper/web_scrape.py
[2023-06-04T08:03:40.145+0000] {processor.py:179} INFO - Processing /opt/airflow/dags/helper/web_scrape.py took 0.656 seconds
[2023-06-04T08:04:09.849+0000] {processor.py:157} INFO - Started process (PID=1128) to work on /opt/airflow/dags/helper/web_scrape.py
[2023-06-04T08:04:09.850+0000] {processor.py:826} INFO - Processing file /opt/airflow/dags/helper/web_scrape.py for tasks to queue
[2023-06-04T08:04:09.851+0000] {logging_mixin.py:149} INFO - [2023-06-04T08:04:09.851+0000] {dagbag.py:541} INFO - Filling up the DagBag from /opt/airflow/dags/helper/web_scrape.py
[2023-06-04T08:04:10.475+0000] {processor.py:838} WARNING - No viable dags retrieved from /opt/airflow/dags/helper/web_scrape.py
[2023-06-04T08:04:10.483+0000] {processor.py:179} INFO - Processing /opt/airflow/dags/helper/web_scrape.py took 0.637 seconds
[2023-06-04T08:04:27.801+0000] {processor.py:157} INFO - Started process (PID=1211) to work on /opt/airflow/dags/helper/web_scrape.py
[2023-06-04T08:04:27.802+0000] {processor.py:826} INFO - Processing file /opt/airflow/dags/helper/web_scrape.py for tasks to queue
[2023-06-04T08:04:27.802+0000] {logging_mixin.py:149} INFO - [2023-06-04T08:04:27.802+0000] {dagbag.py:541} INFO - Filling up the DagBag from /opt/airflow/dags/helper/web_scrape.py
[2023-06-04T08:04:28.333+0000] {processor.py:838} WARNING - No viable dags retrieved from /opt/airflow/dags/helper/web_scrape.py
[2023-06-04T08:04:28.341+0000] {processor.py:179} INFO - Processing /opt/airflow/dags/helper/web_scrape.py took 0.544 seconds
[2023-06-04T08:04:58.577+0000] {processor.py:157} INFO - Started process (PID=1301) to work on /opt/airflow/dags/helper/web_scrape.py
[2023-06-04T08:04:58.578+0000] {processor.py:826} INFO - Processing file /opt/airflow/dags/helper/web_scrape.py for tasks to queue
[2023-06-04T08:04:58.578+0000] {logging_mixin.py:149} INFO - [2023-06-04T08:04:58.578+0000] {dagbag.py:541} INFO - Filling up the DagBag from /opt/airflow/dags/helper/web_scrape.py
[2023-06-04T08:04:59.104+0000] {processor.py:838} WARNING - No viable dags retrieved from /opt/airflow/dags/helper/web_scrape.py
[2023-06-04T08:04:59.113+0000] {processor.py:179} INFO - Processing /opt/airflow/dags/helper/web_scrape.py took 0.538 seconds
[2023-06-04T08:05:29.409+0000] {processor.py:157} INFO - Started process (PID=1391) to work on /opt/airflow/dags/helper/web_scrape.py
[2023-06-04T08:05:29.410+0000] {processor.py:826} INFO - Processing file /opt/airflow/dags/helper/web_scrape.py for tasks to queue
[2023-06-04T08:05:29.410+0000] {logging_mixin.py:149} INFO - [2023-06-04T08:05:29.410+0000] {dagbag.py:541} INFO - Filling up the DagBag from /opt/airflow/dags/helper/web_scrape.py
[2023-06-04T08:05:29.941+0000] {processor.py:838} WARNING - No viable dags retrieved from /opt/airflow/dags/helper/web_scrape.py
[2023-06-04T08:05:29.949+0000] {processor.py:179} INFO - Processing /opt/airflow/dags/helper/web_scrape.py took 0.542 seconds
[2023-06-04T08:06:00.557+0000] {processor.py:157} INFO - Started process (PID=1481) to work on /opt/airflow/dags/helper/web_scrape.py
[2023-06-04T08:06:00.558+0000] {processor.py:826} INFO - Processing file /opt/airflow/dags/helper/web_scrape.py for tasks to queue
[2023-06-04T08:06:00.559+0000] {logging_mixin.py:149} INFO - [2023-06-04T08:06:00.558+0000] {dagbag.py:541} INFO - Filling up the DagBag from /opt/airflow/dags/helper/web_scrape.py
[2023-06-04T08:06:01.109+0000] {processor.py:838} WARNING - No viable dags retrieved from /opt/airflow/dags/helper/web_scrape.py
[2023-06-04T08:06:01.118+0000] {processor.py:179} INFO - Processing /opt/airflow/dags/helper/web_scrape.py took 0.563 seconds
[2023-06-04T08:06:31.780+0000] {processor.py:157} INFO - Started process (PID=1571) to work on /opt/airflow/dags/helper/web_scrape.py
[2023-06-04T08:06:31.781+0000] {processor.py:826} INFO - Processing file /opt/airflow/dags/helper/web_scrape.py for tasks to queue
[2023-06-04T08:06:31.781+0000] {logging_mixin.py:149} INFO - [2023-06-04T08:06:31.781+0000] {dagbag.py:541} INFO - Filling up the DagBag from /opt/airflow/dags/helper/web_scrape.py
[2023-06-04T08:06:32.305+0000] {processor.py:838} WARNING - No viable dags retrieved from /opt/airflow/dags/helper/web_scrape.py
[2023-06-04T08:06:32.313+0000] {processor.py:179} INFO - Processing /opt/airflow/dags/helper/web_scrape.py took 0.535 seconds
[2023-06-04T08:07:02.477+0000] {processor.py:157} INFO - Started process (PID=1667) to work on /opt/airflow/dags/helper/web_scrape.py
[2023-06-04T08:07:02.478+0000] {processor.py:826} INFO - Processing file /opt/airflow/dags/helper/web_scrape.py for tasks to queue
[2023-06-04T08:07:02.479+0000] {logging_mixin.py:149} INFO - [2023-06-04T08:07:02.479+0000] {dagbag.py:541} INFO - Filling up the DagBag from /opt/airflow/dags/helper/web_scrape.py
[2023-06-04T08:07:03.100+0000] {processor.py:838} WARNING - No viable dags retrieved from /opt/airflow/dags/helper/web_scrape.py
[2023-06-04T08:07:03.109+0000] {processor.py:179} INFO - Processing /opt/airflow/dags/helper/web_scrape.py took 0.635 seconds
[2023-06-04T08:07:33.162+0000] {processor.py:157} INFO - Started process (PID=1759) to work on /opt/airflow/dags/helper/web_scrape.py
[2023-06-04T08:07:33.162+0000] {processor.py:826} INFO - Processing file /opt/airflow/dags/helper/web_scrape.py for tasks to queue
[2023-06-04T08:07:33.163+0000] {logging_mixin.py:149} INFO - [2023-06-04T08:07:33.163+0000] {dagbag.py:541} INFO - Filling up the DagBag from /opt/airflow/dags/helper/web_scrape.py
[2023-06-04T08:07:33.684+0000] {processor.py:838} WARNING - No viable dags retrieved from /opt/airflow/dags/helper/web_scrape.py
[2023-06-04T08:07:33.693+0000] {processor.py:179} INFO - Processing /opt/airflow/dags/helper/web_scrape.py took 0.534 seconds
[2023-06-04T08:07:59.963+0000] {processor.py:157} INFO - Started process (PID=1842) to work on /opt/airflow/dags/helper/web_scrape.py
[2023-06-04T08:07:59.964+0000] {processor.py:826} INFO - Processing file /opt/airflow/dags/helper/web_scrape.py for tasks to queue
[2023-06-04T08:07:59.964+0000] {logging_mixin.py:149} INFO - [2023-06-04T08:07:59.964+0000] {dagbag.py:541} INFO - Filling up the DagBag from /opt/airflow/dags/helper/web_scrape.py
[2023-06-04T08:08:00.525+0000] {processor.py:838} WARNING - No viable dags retrieved from /opt/airflow/dags/helper/web_scrape.py
[2023-06-04T08:08:00.534+0000] {processor.py:179} INFO - Processing /opt/airflow/dags/helper/web_scrape.py took 0.574 seconds
[2023-06-04T08:08:30.650+0000] {processor.py:157} INFO - Started process (PID=1932) to work on /opt/airflow/dags/helper/web_scrape.py
[2023-06-04T08:08:30.651+0000] {processor.py:826} INFO - Processing file /opt/airflow/dags/helper/web_scrape.py for tasks to queue
[2023-06-04T08:08:30.651+0000] {logging_mixin.py:149} INFO - [2023-06-04T08:08:30.651+0000] {dagbag.py:541} INFO - Filling up the DagBag from /opt/airflow/dags/helper/web_scrape.py
[2023-06-04T08:08:31.187+0000] {processor.py:838} WARNING - No viable dags retrieved from /opt/airflow/dags/helper/web_scrape.py
[2023-06-04T08:08:31.196+0000] {processor.py:179} INFO - Processing /opt/airflow/dags/helper/web_scrape.py took 0.548 seconds
[2023-06-04T08:08:48.306+0000] {processor.py:157} INFO - Started process (PID=1952) to work on /opt/airflow/dags/helper/web_scrape.py
[2023-06-04T08:08:48.307+0000] {processor.py:826} INFO - Processing file /opt/airflow/dags/helper/web_scrape.py for tasks to queue
[2023-06-04T08:08:48.308+0000] {logging_mixin.py:149} INFO - [2023-06-04T08:08:48.308+0000] {dagbag.py:541} INFO - Filling up the DagBag from /opt/airflow/dags/helper/web_scrape.py
[2023-06-04T08:08:48.913+0000] {processor.py:838} WARNING - No viable dags retrieved from /opt/airflow/dags/helper/web_scrape.py
[2023-06-04T08:08:48.922+0000] {processor.py:179} INFO - Processing /opt/airflow/dags/helper/web_scrape.py took 0.618 seconds
[2023-06-04T08:09:19.848+0000] {processor.py:157} INFO - Started process (PID=2048) to work on /opt/airflow/dags/helper/web_scrape.py
[2023-06-04T08:09:19.848+0000] {processor.py:826} INFO - Processing file /opt/airflow/dags/helper/web_scrape.py for tasks to queue
[2023-06-04T08:09:19.849+0000] {logging_mixin.py:149} INFO - [2023-06-04T08:09:19.849+0000] {dagbag.py:541} INFO - Filling up the DagBag from /opt/airflow/dags/helper/web_scrape.py
[2023-06-04T08:09:20.406+0000] {processor.py:838} WARNING - No viable dags retrieved from /opt/airflow/dags/helper/web_scrape.py
[2023-06-04T08:09:20.414+0000] {processor.py:179} INFO - Processing /opt/airflow/dags/helper/web_scrape.py took 0.568 seconds
[2023-06-04T08:09:51.032+0000] {processor.py:157} INFO - Started process (PID=2140) to work on /opt/airflow/dags/helper/web_scrape.py
[2023-06-04T08:09:51.033+0000] {processor.py:826} INFO - Processing file /opt/airflow/dags/helper/web_scrape.py for tasks to queue
[2023-06-04T08:09:51.034+0000] {logging_mixin.py:149} INFO - [2023-06-04T08:09:51.033+0000] {dagbag.py:541} INFO - Filling up the DagBag from /opt/airflow/dags/helper/web_scrape.py
[2023-06-04T08:09:51.653+0000] {processor.py:838} WARNING - No viable dags retrieved from /opt/airflow/dags/helper/web_scrape.py
[2023-06-04T08:09:51.662+0000] {processor.py:179} INFO - Processing /opt/airflow/dags/helper/web_scrape.py took 0.633 seconds
[2023-06-04T08:09:56.250+0000] {processor.py:157} INFO - Started process (PID=2191) to work on /opt/airflow/dags/helper/web_scrape.py
[2023-06-04T08:09:56.251+0000] {processor.py:826} INFO - Processing file /opt/airflow/dags/helper/web_scrape.py for tasks to queue
[2023-06-04T08:09:56.252+0000] {logging_mixin.py:149} INFO - [2023-06-04T08:09:56.252+0000] {dagbag.py:541} INFO - Filling up the DagBag from /opt/airflow/dags/helper/web_scrape.py
[2023-06-04T08:09:56.842+0000] {processor.py:838} WARNING - No viable dags retrieved from /opt/airflow/dags/helper/web_scrape.py
[2023-06-04T08:09:56.850+0000] {processor.py:179} INFO - Processing /opt/airflow/dags/helper/web_scrape.py took 0.603 seconds
[2023-06-04T08:10:27.402+0000] {processor.py:157} INFO - Started process (PID=2283) to work on /opt/airflow/dags/helper/web_scrape.py
[2023-06-04T08:10:27.402+0000] {processor.py:826} INFO - Processing file /opt/airflow/dags/helper/web_scrape.py for tasks to queue
[2023-06-04T08:10:27.403+0000] {logging_mixin.py:149} INFO - [2023-06-04T08:10:27.403+0000] {dagbag.py:541} INFO - Filling up the DagBag from /opt/airflow/dags/helper/web_scrape.py
[2023-06-04T08:10:27.948+0000] {processor.py:838} WARNING - No viable dags retrieved from /opt/airflow/dags/helper/web_scrape.py
[2023-06-04T08:10:27.956+0000] {processor.py:179} INFO - Processing /opt/airflow/dags/helper/web_scrape.py took 0.557 seconds
[2023-06-04T08:10:58.471+0000] {processor.py:157} INFO - Started process (PID=2377) to work on /opt/airflow/dags/helper/web_scrape.py
[2023-06-04T08:10:58.473+0000] {processor.py:826} INFO - Processing file /opt/airflow/dags/helper/web_scrape.py for tasks to queue
[2023-06-04T08:10:58.473+0000] {logging_mixin.py:149} INFO - [2023-06-04T08:10:58.473+0000] {dagbag.py:541} INFO - Filling up the DagBag from /opt/airflow/dags/helper/web_scrape.py
[2023-06-04T08:10:58.995+0000] {processor.py:838} WARNING - No viable dags retrieved from /opt/airflow/dags/helper/web_scrape.py
[2023-06-04T08:10:59.003+0000] {processor.py:179} INFO - Processing /opt/airflow/dags/helper/web_scrape.py took 0.534 seconds
[2023-06-04T08:11:29.839+0000] {processor.py:157} INFO - Started process (PID=2469) to work on /opt/airflow/dags/helper/web_scrape.py
[2023-06-04T08:11:29.840+0000] {processor.py:826} INFO - Processing file /opt/airflow/dags/helper/web_scrape.py for tasks to queue
[2023-06-04T08:11:29.841+0000] {logging_mixin.py:149} INFO - [2023-06-04T08:11:29.841+0000] {dagbag.py:541} INFO - Filling up the DagBag from /opt/airflow/dags/helper/web_scrape.py
[2023-06-04T08:11:30.398+0000] {processor.py:838} WARNING - No viable dags retrieved from /opt/airflow/dags/helper/web_scrape.py
[2023-06-04T08:11:30.407+0000] {processor.py:179} INFO - Processing /opt/airflow/dags/helper/web_scrape.py took 0.570 seconds
[2023-06-04T08:12:01.083+0000] {processor.py:157} INFO - Started process (PID=2559) to work on /opt/airflow/dags/helper/web_scrape.py
[2023-06-04T08:12:01.084+0000] {processor.py:826} INFO - Processing file /opt/airflow/dags/helper/web_scrape.py for tasks to queue
[2023-06-04T08:12:01.085+0000] {logging_mixin.py:149} INFO - [2023-06-04T08:12:01.085+0000] {dagbag.py:541} INFO - Filling up the DagBag from /opt/airflow/dags/helper/web_scrape.py
[2023-06-04T08:12:01.637+0000] {processor.py:838} WARNING - No viable dags retrieved from /opt/airflow/dags/helper/web_scrape.py
[2023-06-04T08:12:01.645+0000] {processor.py:179} INFO - Processing /opt/airflow/dags/helper/web_scrape.py took 0.565 seconds
[2023-06-04T08:12:32.139+0000] {processor.py:157} INFO - Started process (PID=2650) to work on /opt/airflow/dags/helper/web_scrape.py
[2023-06-04T08:12:32.140+0000] {processor.py:826} INFO - Processing file /opt/airflow/dags/helper/web_scrape.py for tasks to queue
[2023-06-04T08:12:32.141+0000] {logging_mixin.py:149} INFO - [2023-06-04T08:12:32.141+0000] {dagbag.py:541} INFO - Filling up the DagBag from /opt/airflow/dags/helper/web_scrape.py
[2023-06-04T08:12:32.726+0000] {processor.py:838} WARNING - No viable dags retrieved from /opt/airflow/dags/helper/web_scrape.py
[2023-06-04T08:12:32.735+0000] {processor.py:179} INFO - Processing /opt/airflow/dags/helper/web_scrape.py took 0.598 seconds
[2023-06-04T08:13:03.032+0000] {processor.py:157} INFO - Started process (PID=2754) to work on /opt/airflow/dags/helper/web_scrape.py
[2023-06-04T08:13:03.032+0000] {processor.py:826} INFO - Processing file /opt/airflow/dags/helper/web_scrape.py for tasks to queue
[2023-06-04T08:13:03.033+0000] {logging_mixin.py:149} INFO - [2023-06-04T08:13:03.033+0000] {dagbag.py:541} INFO - Filling up the DagBag from /opt/airflow/dags/helper/web_scrape.py
[2023-06-04T08:13:03.557+0000] {processor.py:838} WARNING - No viable dags retrieved from /opt/airflow/dags/helper/web_scrape.py
[2023-06-04T08:13:03.565+0000] {processor.py:179} INFO - Processing /opt/airflow/dags/helper/web_scrape.py took 0.535 seconds
[2023-06-04T08:13:09.252+0000] {processor.py:157} INFO - Started process (PID=2787) to work on /opt/airflow/dags/helper/web_scrape.py
[2023-06-04T08:13:09.253+0000] {processor.py:826} INFO - Processing file /opt/airflow/dags/helper/web_scrape.py for tasks to queue
[2023-06-04T08:13:09.254+0000] {logging_mixin.py:149} INFO - [2023-06-04T08:13:09.254+0000] {dagbag.py:541} INFO - Filling up the DagBag from /opt/airflow/dags/helper/web_scrape.py
[2023-06-04T08:13:09.789+0000] {processor.py:838} WARNING - No viable dags retrieved from /opt/airflow/dags/helper/web_scrape.py
[2023-06-04T08:13:09.798+0000] {processor.py:179} INFO - Processing /opt/airflow/dags/helper/web_scrape.py took 0.550 seconds
[2023-06-04T08:13:40.104+0000] {processor.py:157} INFO - Started process (PID=2894) to work on /opt/airflow/dags/helper/web_scrape.py
[2023-06-04T08:13:40.105+0000] {processor.py:826} INFO - Processing file /opt/airflow/dags/helper/web_scrape.py for tasks to queue
[2023-06-04T08:13:40.106+0000] {logging_mixin.py:149} INFO - [2023-06-04T08:13:40.106+0000] {dagbag.py:541} INFO - Filling up the DagBag from /opt/airflow/dags/helper/web_scrape.py
[2023-06-04T08:13:40.641+0000] {processor.py:838} WARNING - No viable dags retrieved from /opt/airflow/dags/helper/web_scrape.py
[2023-06-04T08:13:40.648+0000] {processor.py:179} INFO - Processing /opt/airflow/dags/helper/web_scrape.py took 0.546 seconds
[2023-06-04T08:14:10.828+0000] {processor.py:157} INFO - Started process (PID=2984) to work on /opt/airflow/dags/helper/web_scrape.py
[2023-06-04T08:14:10.829+0000] {processor.py:826} INFO - Processing file /opt/airflow/dags/helper/web_scrape.py for tasks to queue
[2023-06-04T08:14:10.830+0000] {logging_mixin.py:149} INFO - [2023-06-04T08:14:10.830+0000] {dagbag.py:541} INFO - Filling up the DagBag from /opt/airflow/dags/helper/web_scrape.py
[2023-06-04T08:14:11.349+0000] {processor.py:838} WARNING - No viable dags retrieved from /opt/airflow/dags/helper/web_scrape.py
[2023-06-04T08:14:11.357+0000] {processor.py:179} INFO - Processing /opt/airflow/dags/helper/web_scrape.py took 0.531 seconds
[2023-06-04T08:14:14.157+0000] {processor.py:157} INFO - Started process (PID=2997) to work on /opt/airflow/dags/helper/web_scrape.py
[2023-06-04T08:14:14.158+0000] {processor.py:826} INFO - Processing file /opt/airflow/dags/helper/web_scrape.py for tasks to queue
[2023-06-04T08:14:14.158+0000] {logging_mixin.py:149} INFO - [2023-06-04T08:14:14.158+0000] {dagbag.py:541} INFO - Filling up the DagBag from /opt/airflow/dags/helper/web_scrape.py
[2023-06-04T08:14:14.712+0000] {processor.py:838} WARNING - No viable dags retrieved from /opt/airflow/dags/helper/web_scrape.py
[2023-06-04T08:14:14.722+0000] {processor.py:179} INFO - Processing /opt/airflow/dags/helper/web_scrape.py took 0.567 seconds
[2023-06-04T08:14:45.079+0000] {processor.py:157} INFO - Started process (PID=3088) to work on /opt/airflow/dags/helper/web_scrape.py
[2023-06-04T08:14:45.080+0000] {processor.py:826} INFO - Processing file /opt/airflow/dags/helper/web_scrape.py for tasks to queue
[2023-06-04T08:14:45.080+0000] {logging_mixin.py:149} INFO - [2023-06-04T08:14:45.080+0000] {dagbag.py:541} INFO - Filling up the DagBag from /opt/airflow/dags/helper/web_scrape.py
[2023-06-04T08:14:45.606+0000] {processor.py:838} WARNING - No viable dags retrieved from /opt/airflow/dags/helper/web_scrape.py
[2023-06-04T08:14:45.614+0000] {processor.py:179} INFO - Processing /opt/airflow/dags/helper/web_scrape.py took 0.538 seconds
[2023-06-04T08:15:15.818+0000] {processor.py:157} INFO - Started process (PID=3179) to work on /opt/airflow/dags/helper/web_scrape.py
[2023-06-04T08:15:15.819+0000] {processor.py:826} INFO - Processing file /opt/airflow/dags/helper/web_scrape.py for tasks to queue
[2023-06-04T08:15:15.819+0000] {logging_mixin.py:149} INFO - [2023-06-04T08:15:15.819+0000] {dagbag.py:541} INFO - Filling up the DagBag from /opt/airflow/dags/helper/web_scrape.py
[2023-06-04T08:15:16.353+0000] {processor.py:838} WARNING - No viable dags retrieved from /opt/airflow/dags/helper/web_scrape.py
[2023-06-04T08:15:16.362+0000] {processor.py:179} INFO - Processing /opt/airflow/dags/helper/web_scrape.py took 0.546 seconds
[2023-06-04T08:15:46.989+0000] {processor.py:157} INFO - Started process (PID=3270) to work on /opt/airflow/dags/helper/web_scrape.py
[2023-06-04T08:15:46.990+0000] {processor.py:826} INFO - Processing file /opt/airflow/dags/helper/web_scrape.py for tasks to queue
[2023-06-04T08:15:46.991+0000] {logging_mixin.py:149} INFO - [2023-06-04T08:15:46.991+0000] {dagbag.py:541} INFO - Filling up the DagBag from /opt/airflow/dags/helper/web_scrape.py
[2023-06-04T08:15:47.552+0000] {processor.py:838} WARNING - No viable dags retrieved from /opt/airflow/dags/helper/web_scrape.py
[2023-06-04T08:15:47.560+0000] {processor.py:179} INFO - Processing /opt/airflow/dags/helper/web_scrape.py took 0.574 seconds
[2023-06-04T08:16:17.735+0000] {processor.py:157} INFO - Started process (PID=3364) to work on /opt/airflow/dags/helper/web_scrape.py
[2023-06-04T08:16:17.735+0000] {processor.py:826} INFO - Processing file /opt/airflow/dags/helper/web_scrape.py for tasks to queue
[2023-06-04T08:16:17.736+0000] {logging_mixin.py:149} INFO - [2023-06-04T08:16:17.736+0000] {dagbag.py:541} INFO - Filling up the DagBag from /opt/airflow/dags/helper/web_scrape.py
[2023-06-04T08:16:18.208+0000] {logging_mixin.py:149} INFO - [2023-06-04T08:16:18.206+0000] {dagbag.py:350} ERROR - Failed to import: /opt/airflow/dags/helper/web_scrape.py
Traceback (most recent call last):
  File "/home/airflow/.local/lib/python3.7/site-packages/airflow/models/dagbag.py", line 346, in parse
    loader.exec_module(new_module)
  File "<frozen importlib._bootstrap_external>", line 728, in exec_module
  File "<frozen importlib._bootstrap>", line 219, in _call_with_frames_removed
  File "/opt/airflow/dags/helper/web_scrape.py", line 17, in <module>
    bigquery_client = bigquery.Client()
  File "/home/airflow/.local/lib/python3.7/site-packages/google/cloud/bigquery/client.py", line 235, in __init__
    _http=_http,
  File "/home/airflow/.local/lib/python3.7/site-packages/google/cloud/client/__init__.py", line 320, in __init__
    _ClientProjectMixin.__init__(self, project=project, credentials=credentials)
  File "/home/airflow/.local/lib/python3.7/site-packages/google/cloud/client/__init__.py", line 268, in __init__
    project = self._determine_default(project)
  File "/home/airflow/.local/lib/python3.7/site-packages/google/cloud/client/__init__.py", line 287, in _determine_default
    return _determine_default_project(project)
  File "/home/airflow/.local/lib/python3.7/site-packages/google/cloud/_helpers/__init__.py", line 152, in _determine_default_project
    _, project = google.auth.default()
  File "/home/airflow/.local/lib/python3.7/site-packages/google/auth/_default.py", line 615, in default
    credentials, project_id = checker()
  File "/home/airflow/.local/lib/python3.7/site-packages/google/auth/_default.py", line 608, in <lambda>
    lambda: _get_explicit_environ_credentials(quota_project_id=quota_project_id),
  File "/home/airflow/.local/lib/python3.7/site-packages/google/auth/_default.py", line 229, in _get_explicit_environ_credentials
    os.environ[environment_vars.CREDENTIALS], quota_project_id=quota_project_id
  File "/home/airflow/.local/lib/python3.7/site-packages/google/auth/_default.py", line 117, in load_credentials_from_file
    "File {} was not found.".format(filename)
google.auth.exceptions.DefaultCredentialsError: File {AIRFLOW_HOME}/dags/configs/ServiceKey_GoogleCloud.json was not found.
[2023-06-04T08:16:18.208+0000] {processor.py:838} WARNING - No viable dags retrieved from /opt/airflow/dags/helper/web_scrape.py
[2023-06-04T08:16:18.220+0000] {processor.py:179} INFO - Processing /opt/airflow/dags/helper/web_scrape.py took 0.488 seconds
[2023-06-04T08:16:43.105+0000] {processor.py:157} INFO - Started process (PID=3470) to work on /opt/airflow/dags/helper/web_scrape.py
[2023-06-04T08:16:43.106+0000] {processor.py:826} INFO - Processing file /opt/airflow/dags/helper/web_scrape.py for tasks to queue
[2023-06-04T08:16:43.106+0000] {logging_mixin.py:149} INFO - [2023-06-04T08:16:43.106+0000] {dagbag.py:541} INFO - Filling up the DagBag from /opt/airflow/dags/helper/web_scrape.py
[2023-06-04T08:16:43.657+0000] {processor.py:838} WARNING - No viable dags retrieved from /opt/airflow/dags/helper/web_scrape.py
[2023-06-04T08:16:43.666+0000] {processor.py:179} INFO - Processing /opt/airflow/dags/helper/web_scrape.py took 0.564 seconds
[2023-06-04T08:17:14.072+0000] {processor.py:157} INFO - Started process (PID=3576) to work on /opt/airflow/dags/helper/web_scrape.py
[2023-06-04T08:17:14.073+0000] {processor.py:826} INFO - Processing file /opt/airflow/dags/helper/web_scrape.py for tasks to queue
[2023-06-04T08:17:14.074+0000] {logging_mixin.py:149} INFO - [2023-06-04T08:17:14.073+0000] {dagbag.py:541} INFO - Filling up the DagBag from /opt/airflow/dags/helper/web_scrape.py
[2023-06-04T08:17:14.615+0000] {processor.py:838} WARNING - No viable dags retrieved from /opt/airflow/dags/helper/web_scrape.py
[2023-06-04T08:17:14.623+0000] {processor.py:179} INFO - Processing /opt/airflow/dags/helper/web_scrape.py took 0.554 seconds
[2023-06-04T08:17:44.644+0000] {processor.py:157} INFO - Started process (PID=3669) to work on /opt/airflow/dags/helper/web_scrape.py
[2023-06-04T08:17:44.645+0000] {processor.py:826} INFO - Processing file /opt/airflow/dags/helper/web_scrape.py for tasks to queue
[2023-06-04T08:17:44.645+0000] {logging_mixin.py:149} INFO - [2023-06-04T08:17:44.645+0000] {dagbag.py:541} INFO - Filling up the DagBag from /opt/airflow/dags/helper/web_scrape.py
[2023-06-04T08:17:45.162+0000] {processor.py:838} WARNING - No viable dags retrieved from /opt/airflow/dags/helper/web_scrape.py
[2023-06-04T08:17:45.170+0000] {processor.py:179} INFO - Processing /opt/airflow/dags/helper/web_scrape.py took 0.528 seconds
[2023-06-04T08:18:15.409+0000] {processor.py:157} INFO - Started process (PID=3764) to work on /opt/airflow/dags/helper/web_scrape.py
[2023-06-04T08:18:15.410+0000] {processor.py:826} INFO - Processing file /opt/airflow/dags/helper/web_scrape.py for tasks to queue
[2023-06-04T08:18:15.411+0000] {logging_mixin.py:149} INFO - [2023-06-04T08:18:15.411+0000] {dagbag.py:541} INFO - Filling up the DagBag from /opt/airflow/dags/helper/web_scrape.py
[2023-06-04T08:18:15.914+0000] {processor.py:838} WARNING - No viable dags retrieved from /opt/airflow/dags/helper/web_scrape.py
[2023-06-04T08:18:15.921+0000] {processor.py:179} INFO - Processing /opt/airflow/dags/helper/web_scrape.py took 0.514 seconds
[2023-06-04T08:18:46.102+0000] {processor.py:157} INFO - Started process (PID=3854) to work on /opt/airflow/dags/helper/web_scrape.py
[2023-06-04T08:18:46.102+0000] {processor.py:826} INFO - Processing file /opt/airflow/dags/helper/web_scrape.py for tasks to queue
[2023-06-04T08:18:46.103+0000] {logging_mixin.py:149} INFO - [2023-06-04T08:18:46.103+0000] {dagbag.py:541} INFO - Filling up the DagBag from /opt/airflow/dags/helper/web_scrape.py
[2023-06-04T08:18:46.632+0000] {processor.py:838} WARNING - No viable dags retrieved from /opt/airflow/dags/helper/web_scrape.py
[2023-06-04T08:18:46.641+0000] {processor.py:179} INFO - Processing /opt/airflow/dags/helper/web_scrape.py took 0.542 seconds
[2023-06-04T08:19:17.031+0000] {processor.py:157} INFO - Started process (PID=3948) to work on /opt/airflow/dags/helper/web_scrape.py
[2023-06-04T08:19:17.031+0000] {processor.py:826} INFO - Processing file /opt/airflow/dags/helper/web_scrape.py for tasks to queue
[2023-06-04T08:19:17.032+0000] {logging_mixin.py:149} INFO - [2023-06-04T08:19:17.032+0000] {dagbag.py:541} INFO - Filling up the DagBag from /opt/airflow/dags/helper/web_scrape.py
[2023-06-04T08:19:17.542+0000] {processor.py:838} WARNING - No viable dags retrieved from /opt/airflow/dags/helper/web_scrape.py
[2023-06-04T08:19:17.551+0000] {processor.py:179} INFO - Processing /opt/airflow/dags/helper/web_scrape.py took 0.523 seconds
[2023-06-04T08:19:47.664+0000] {processor.py:157} INFO - Started process (PID=4038) to work on /opt/airflow/dags/helper/web_scrape.py
[2023-06-04T08:19:47.665+0000] {processor.py:826} INFO - Processing file /opt/airflow/dags/helper/web_scrape.py for tasks to queue
[2023-06-04T08:19:47.665+0000] {logging_mixin.py:149} INFO - [2023-06-04T08:19:47.665+0000] {dagbag.py:541} INFO - Filling up the DagBag from /opt/airflow/dags/helper/web_scrape.py
[2023-06-04T08:19:48.211+0000] {processor.py:838} WARNING - No viable dags retrieved from /opt/airflow/dags/helper/web_scrape.py
[2023-06-04T08:19:48.220+0000] {processor.py:179} INFO - Processing /opt/airflow/dags/helper/web_scrape.py took 0.559 seconds
[2023-06-04T08:20:18.362+0000] {processor.py:157} INFO - Started process (PID=4129) to work on /opt/airflow/dags/helper/web_scrape.py
[2023-06-04T08:20:18.363+0000] {processor.py:826} INFO - Processing file /opt/airflow/dags/helper/web_scrape.py for tasks to queue
[2023-06-04T08:20:18.364+0000] {logging_mixin.py:149} INFO - [2023-06-04T08:20:18.364+0000] {dagbag.py:541} INFO - Filling up the DagBag from /opt/airflow/dags/helper/web_scrape.py
[2023-06-04T08:20:18.904+0000] {processor.py:838} WARNING - No viable dags retrieved from /opt/airflow/dags/helper/web_scrape.py
[2023-06-04T08:20:18.913+0000] {processor.py:179} INFO - Processing /opt/airflow/dags/helper/web_scrape.py took 0.555 seconds
[2023-06-04T08:20:28.824+0000] {processor.py:157} INFO - Started process (PID=4142) to work on /opt/airflow/dags/helper/web_scrape.py
[2023-06-04T08:20:28.825+0000] {processor.py:826} INFO - Processing file /opt/airflow/dags/helper/web_scrape.py for tasks to queue
[2023-06-04T08:20:28.826+0000] {logging_mixin.py:149} INFO - [2023-06-04T08:20:28.826+0000] {dagbag.py:541} INFO - Filling up the DagBag from /opt/airflow/dags/helper/web_scrape.py
[2023-06-04T08:20:29.381+0000] {processor.py:838} WARNING - No viable dags retrieved from /opt/airflow/dags/helper/web_scrape.py
[2023-06-04T08:20:29.389+0000] {processor.py:179} INFO - Processing /opt/airflow/dags/helper/web_scrape.py took 0.567 seconds
[2023-06-04T08:20:54.366+0000] {processor.py:157} INFO - Started process (PID=4234) to work on /opt/airflow/dags/helper/web_scrape.py
[2023-06-04T08:20:54.367+0000] {processor.py:826} INFO - Processing file /opt/airflow/dags/helper/web_scrape.py for tasks to queue
[2023-06-04T08:20:54.367+0000] {logging_mixin.py:149} INFO - [2023-06-04T08:20:54.367+0000] {dagbag.py:541} INFO - Filling up the DagBag from /opt/airflow/dags/helper/web_scrape.py
[2023-06-04T08:20:54.902+0000] {processor.py:838} WARNING - No viable dags retrieved from /opt/airflow/dags/helper/web_scrape.py
[2023-06-04T08:20:54.910+0000] {processor.py:179} INFO - Processing /opt/airflow/dags/helper/web_scrape.py took 0.547 seconds
[2023-06-04T08:21:04.459+0000] {processor.py:157} INFO - Started process (PID=4261) to work on /opt/airflow/dags/helper/web_scrape.py
[2023-06-04T08:21:04.459+0000] {processor.py:826} INFO - Processing file /opt/airflow/dags/helper/web_scrape.py for tasks to queue
[2023-06-04T08:21:04.460+0000] {logging_mixin.py:149} INFO - [2023-06-04T08:21:04.460+0000] {dagbag.py:541} INFO - Filling up the DagBag from /opt/airflow/dags/helper/web_scrape.py
[2023-06-04T08:21:04.978+0000] {processor.py:838} WARNING - No viable dags retrieved from /opt/airflow/dags/helper/web_scrape.py
[2023-06-04T08:21:04.985+0000] {processor.py:179} INFO - Processing /opt/airflow/dags/helper/web_scrape.py took 0.529 seconds
[2023-06-04T08:21:35.021+0000] {processor.py:157} INFO - Started process (PID=4367) to work on /opt/airflow/dags/helper/web_scrape.py
[2023-06-04T08:21:35.022+0000] {processor.py:826} INFO - Processing file /opt/airflow/dags/helper/web_scrape.py for tasks to queue
[2023-06-04T08:21:35.022+0000] {logging_mixin.py:149} INFO - [2023-06-04T08:21:35.022+0000] {dagbag.py:541} INFO - Filling up the DagBag from /opt/airflow/dags/helper/web_scrape.py
[2023-06-04T08:21:35.532+0000] {processor.py:838} WARNING - No viable dags retrieved from /opt/airflow/dags/helper/web_scrape.py
[2023-06-04T08:21:35.551+0000] {processor.py:179} INFO - Processing /opt/airflow/dags/helper/web_scrape.py took 0.532 seconds
[2023-06-04T08:21:47.964+0000] {processor.py:157} INFO - Started process (PID=4430) to work on /opt/airflow/dags/helper/web_scrape.py
[2023-06-04T08:21:47.964+0000] {processor.py:826} INFO - Processing file /opt/airflow/dags/helper/web_scrape.py for tasks to queue
[2023-06-04T08:21:47.965+0000] {logging_mixin.py:149} INFO - [2023-06-04T08:21:47.965+0000] {dagbag.py:541} INFO - Filling up the DagBag from /opt/airflow/dags/helper/web_scrape.py
[2023-06-04T08:21:48.509+0000] {processor.py:838} WARNING - No viable dags retrieved from /opt/airflow/dags/helper/web_scrape.py
[2023-06-04T08:21:48.517+0000] {processor.py:179} INFO - Processing /opt/airflow/dags/helper/web_scrape.py took 0.556 seconds
[2023-06-04T08:22:18.921+0000] {processor.py:157} INFO - Started process (PID=4536) to work on /opt/airflow/dags/helper/web_scrape.py
[2023-06-04T08:22:18.922+0000] {processor.py:826} INFO - Processing file /opt/airflow/dags/helper/web_scrape.py for tasks to queue
[2023-06-04T08:22:18.923+0000] {logging_mixin.py:149} INFO - [2023-06-04T08:22:18.923+0000] {dagbag.py:541} INFO - Filling up the DagBag from /opt/airflow/dags/helper/web_scrape.py
[2023-06-04T08:22:19.458+0000] {processor.py:838} WARNING - No viable dags retrieved from /opt/airflow/dags/helper/web_scrape.py
[2023-06-04T08:22:19.466+0000] {processor.py:179} INFO - Processing /opt/airflow/dags/helper/web_scrape.py took 0.548 seconds
[2023-06-04T08:22:49.855+0000] {processor.py:157} INFO - Started process (PID=4627) to work on /opt/airflow/dags/helper/web_scrape.py
[2023-06-04T08:22:49.855+0000] {processor.py:826} INFO - Processing file /opt/airflow/dags/helper/web_scrape.py for tasks to queue
[2023-06-04T08:22:49.856+0000] {logging_mixin.py:149} INFO - [2023-06-04T08:22:49.856+0000] {dagbag.py:541} INFO - Filling up the DagBag from /opt/airflow/dags/helper/web_scrape.py
[2023-06-04T08:22:50.397+0000] {processor.py:838} WARNING - No viable dags retrieved from /opt/airflow/dags/helper/web_scrape.py
[2023-06-04T08:22:50.405+0000] {processor.py:179} INFO - Processing /opt/airflow/dags/helper/web_scrape.py took 0.553 seconds
[2023-06-04T08:23:20.473+0000] {processor.py:157} INFO - Started process (PID=4733) to work on /opt/airflow/dags/helper/web_scrape.py
[2023-06-04T08:23:20.474+0000] {processor.py:826} INFO - Processing file /opt/airflow/dags/helper/web_scrape.py for tasks to queue
[2023-06-04T08:23:20.474+0000] {logging_mixin.py:149} INFO - [2023-06-04T08:23:20.474+0000] {dagbag.py:541} INFO - Filling up the DagBag from /opt/airflow/dags/helper/web_scrape.py
[2023-06-04T08:23:21.056+0000] {processor.py:838} WARNING - No viable dags retrieved from /opt/airflow/dags/helper/web_scrape.py
[2023-06-04T08:23:21.066+0000] {processor.py:179} INFO - Processing /opt/airflow/dags/helper/web_scrape.py took 0.596 seconds
[2023-06-04T08:23:51.087+0000] {processor.py:157} INFO - Started process (PID=4823) to work on /opt/airflow/dags/helper/web_scrape.py
[2023-06-04T08:23:51.088+0000] {processor.py:826} INFO - Processing file /opt/airflow/dags/helper/web_scrape.py for tasks to queue
[2023-06-04T08:23:51.088+0000] {logging_mixin.py:149} INFO - [2023-06-04T08:23:51.088+0000] {dagbag.py:541} INFO - Filling up the DagBag from /opt/airflow/dags/helper/web_scrape.py
[2023-06-04T08:23:51.604+0000] {processor.py:838} WARNING - No viable dags retrieved from /opt/airflow/dags/helper/web_scrape.py
[2023-06-04T08:23:51.614+0000] {processor.py:179} INFO - Processing /opt/airflow/dags/helper/web_scrape.py took 0.529 seconds
[2023-06-04T08:24:19.130+0000] {processor.py:157} INFO - Started process (PID=4914) to work on /opt/airflow/dags/helper/web_scrape.py
[2023-06-04T08:24:19.131+0000] {processor.py:826} INFO - Processing file /opt/airflow/dags/helper/web_scrape.py for tasks to queue
[2023-06-04T08:24:19.131+0000] {logging_mixin.py:149} INFO - [2023-06-04T08:24:19.131+0000] {dagbag.py:541} INFO - Filling up the DagBag from /opt/airflow/dags/helper/web_scrape.py
[2023-06-04T08:24:19.702+0000] {processor.py:838} WARNING - No viable dags retrieved from /opt/airflow/dags/helper/web_scrape.py
[2023-06-04T08:24:19.710+0000] {processor.py:179} INFO - Processing /opt/airflow/dags/helper/web_scrape.py took 0.582 seconds
[2023-06-04T08:24:49.986+0000] {processor.py:157} INFO - Started process (PID=5019) to work on /opt/airflow/dags/helper/web_scrape.py
[2023-06-04T08:24:49.986+0000] {processor.py:826} INFO - Processing file /opt/airflow/dags/helper/web_scrape.py for tasks to queue
[2023-06-04T08:24:49.987+0000] {logging_mixin.py:149} INFO - [2023-06-04T08:24:49.987+0000] {dagbag.py:541} INFO - Filling up the DagBag from /opt/airflow/dags/helper/web_scrape.py
[2023-06-04T08:24:50.495+0000] {processor.py:838} WARNING - No viable dags retrieved from /opt/airflow/dags/helper/web_scrape.py
[2023-06-04T08:24:50.503+0000] {processor.py:179} INFO - Processing /opt/airflow/dags/helper/web_scrape.py took 0.519 seconds
[2023-06-04T08:25:20.534+0000] {processor.py:157} INFO - Started process (PID=5110) to work on /opt/airflow/dags/helper/web_scrape.py
[2023-06-04T08:25:20.535+0000] {processor.py:826} INFO - Processing file /opt/airflow/dags/helper/web_scrape.py for tasks to queue
[2023-06-04T08:25:20.536+0000] {logging_mixin.py:149} INFO - [2023-06-04T08:25:20.535+0000] {dagbag.py:541} INFO - Filling up the DagBag from /opt/airflow/dags/helper/web_scrape.py
[2023-06-04T08:25:21.041+0000] {processor.py:838} WARNING - No viable dags retrieved from /opt/airflow/dags/helper/web_scrape.py
[2023-06-04T08:25:21.049+0000] {processor.py:179} INFO - Processing /opt/airflow/dags/helper/web_scrape.py took 0.518 seconds
[2023-06-04T08:25:50.701+0000] {processor.py:157} INFO - Started process (PID=5188) to work on /opt/airflow/dags/helper/web_scrape.py
[2023-06-04T08:25:50.702+0000] {processor.py:826} INFO - Processing file /opt/airflow/dags/helper/web_scrape.py for tasks to queue
[2023-06-04T08:25:50.703+0000] {logging_mixin.py:149} INFO - [2023-06-04T08:25:50.703+0000] {dagbag.py:541} INFO - Filling up the DagBag from /opt/airflow/dags/helper/web_scrape.py
[2023-06-04T08:25:51.308+0000] {processor.py:838} WARNING - No viable dags retrieved from /opt/airflow/dags/helper/web_scrape.py
[2023-06-04T08:25:51.316+0000] {processor.py:179} INFO - Processing /opt/airflow/dags/helper/web_scrape.py took 0.618 seconds
[2023-06-04T08:26:06.103+0000] {processor.py:157} INFO - Started process (PID=5233) to work on /opt/airflow/dags/helper/web_scrape.py
[2023-06-04T08:26:06.104+0000] {processor.py:826} INFO - Processing file /opt/airflow/dags/helper/web_scrape.py for tasks to queue
[2023-06-04T08:26:06.105+0000] {logging_mixin.py:149} INFO - [2023-06-04T08:26:06.105+0000] {dagbag.py:541} INFO - Filling up the DagBag from /opt/airflow/dags/helper/web_scrape.py
[2023-06-04T08:26:06.676+0000] {processor.py:838} WARNING - No viable dags retrieved from /opt/airflow/dags/helper/web_scrape.py
[2023-06-04T08:26:06.683+0000] {processor.py:179} INFO - Processing /opt/airflow/dags/helper/web_scrape.py took 0.582 seconds
[2023-06-04T08:26:36.724+0000] {processor.py:157} INFO - Started process (PID=5347) to work on /opt/airflow/dags/helper/web_scrape.py
[2023-06-04T08:26:36.725+0000] {processor.py:826} INFO - Processing file /opt/airflow/dags/helper/web_scrape.py for tasks to queue
[2023-06-04T08:26:36.725+0000] {logging_mixin.py:149} INFO - [2023-06-04T08:26:36.725+0000] {dagbag.py:541} INFO - Filling up the DagBag from /opt/airflow/dags/helper/web_scrape.py
[2023-06-04T08:26:37.278+0000] {processor.py:838} WARNING - No viable dags retrieved from /opt/airflow/dags/helper/web_scrape.py
[2023-06-04T08:26:37.288+0000] {processor.py:179} INFO - Processing /opt/airflow/dags/helper/web_scrape.py took 0.566 seconds
[2023-06-04T08:26:40.236+0000] {processor.py:157} INFO - Started process (PID=5368) to work on /opt/airflow/dags/helper/web_scrape.py
[2023-06-04T08:26:40.237+0000] {processor.py:826} INFO - Processing file /opt/airflow/dags/helper/web_scrape.py for tasks to queue
[2023-06-04T08:26:40.237+0000] {logging_mixin.py:149} INFO - [2023-06-04T08:26:40.237+0000] {dagbag.py:541} INFO - Filling up the DagBag from /opt/airflow/dags/helper/web_scrape.py
[2023-06-04T08:26:40.762+0000] {processor.py:838} WARNING - No viable dags retrieved from /opt/airflow/dags/helper/web_scrape.py
[2023-06-04T08:26:40.771+0000] {processor.py:179} INFO - Processing /opt/airflow/dags/helper/web_scrape.py took 0.538 seconds
[2023-06-04T08:26:53.473+0000] {processor.py:157} INFO - Started process (PID=5424) to work on /opt/airflow/dags/helper/web_scrape.py
[2023-06-04T08:26:53.473+0000] {processor.py:826} INFO - Processing file /opt/airflow/dags/helper/web_scrape.py for tasks to queue
[2023-06-04T08:26:53.474+0000] {logging_mixin.py:149} INFO - [2023-06-04T08:26:53.474+0000] {dagbag.py:541} INFO - Filling up the DagBag from /opt/airflow/dags/helper/web_scrape.py
[2023-06-04T08:26:54.031+0000] {processor.py:838} WARNING - No viable dags retrieved from /opt/airflow/dags/helper/web_scrape.py
[2023-06-04T08:26:54.040+0000] {processor.py:179} INFO - Processing /opt/airflow/dags/helper/web_scrape.py took 0.570 seconds
[2023-06-04T08:27:24.304+0000] {processor.py:157} INFO - Started process (PID=5515) to work on /opt/airflow/dags/helper/web_scrape.py
[2023-06-04T08:27:24.306+0000] {processor.py:826} INFO - Processing file /opt/airflow/dags/helper/web_scrape.py for tasks to queue
[2023-06-04T08:27:24.306+0000] {logging_mixin.py:149} INFO - [2023-06-04T08:27:24.306+0000] {dagbag.py:541} INFO - Filling up the DagBag from /opt/airflow/dags/helper/web_scrape.py
[2023-06-04T08:27:24.841+0000] {processor.py:838} WARNING - No viable dags retrieved from /opt/airflow/dags/helper/web_scrape.py
[2023-06-04T08:27:24.850+0000] {processor.py:179} INFO - Processing /opt/airflow/dags/helper/web_scrape.py took 0.548 seconds
[2023-06-04T08:27:25.313+0000] {processor.py:157} INFO - Started process (PID=5528) to work on /opt/airflow/dags/helper/web_scrape.py
[2023-06-04T08:27:25.314+0000] {processor.py:826} INFO - Processing file /opt/airflow/dags/helper/web_scrape.py for tasks to queue
[2023-06-04T08:27:25.314+0000] {logging_mixin.py:149} INFO - [2023-06-04T08:27:25.314+0000] {dagbag.py:541} INFO - Filling up the DagBag from /opt/airflow/dags/helper/web_scrape.py
[2023-06-04T08:27:25.862+0000] {processor.py:838} WARNING - No viable dags retrieved from /opt/airflow/dags/helper/web_scrape.py
[2023-06-04T08:27:25.870+0000] {processor.py:179} INFO - Processing /opt/airflow/dags/helper/web_scrape.py took 0.559 seconds
[2023-06-04T08:27:56.283+0000] {processor.py:157} INFO - Started process (PID=5634) to work on /opt/airflow/dags/helper/web_scrape.py
[2023-06-04T08:27:56.284+0000] {processor.py:826} INFO - Processing file /opt/airflow/dags/helper/web_scrape.py for tasks to queue
[2023-06-04T08:27:56.284+0000] {logging_mixin.py:149} INFO - [2023-06-04T08:27:56.284+0000] {dagbag.py:541} INFO - Filling up the DagBag from /opt/airflow/dags/helper/web_scrape.py
[2023-06-04T08:27:56.821+0000] {processor.py:838} WARNING - No viable dags retrieved from /opt/airflow/dags/helper/web_scrape.py
[2023-06-04T08:27:56.830+0000] {processor.py:179} INFO - Processing /opt/airflow/dags/helper/web_scrape.py took 0.550 seconds
[2023-06-04T08:28:27.371+0000] {processor.py:157} INFO - Started process (PID=5725) to work on /opt/airflow/dags/helper/web_scrape.py
[2023-06-04T08:28:27.372+0000] {processor.py:826} INFO - Processing file /opt/airflow/dags/helper/web_scrape.py for tasks to queue
[2023-06-04T08:28:27.373+0000] {logging_mixin.py:149} INFO - [2023-06-04T08:28:27.373+0000] {dagbag.py:541} INFO - Filling up the DagBag from /opt/airflow/dags/helper/web_scrape.py
[2023-06-04T08:28:27.942+0000] {processor.py:838} WARNING - No viable dags retrieved from /opt/airflow/dags/helper/web_scrape.py
[2023-06-04T08:28:27.951+0000] {processor.py:179} INFO - Processing /opt/airflow/dags/helper/web_scrape.py took 0.582 seconds
[2023-06-04T08:28:58.364+0000] {processor.py:157} INFO - Started process (PID=5816) to work on /opt/airflow/dags/helper/web_scrape.py
[2023-06-04T08:28:58.364+0000] {processor.py:826} INFO - Processing file /opt/airflow/dags/helper/web_scrape.py for tasks to queue
[2023-06-04T08:28:58.365+0000] {logging_mixin.py:149} INFO - [2023-06-04T08:28:58.365+0000] {dagbag.py:541} INFO - Filling up the DagBag from /opt/airflow/dags/helper/web_scrape.py
[2023-06-04T08:28:58.896+0000] {processor.py:838} WARNING - No viable dags retrieved from /opt/airflow/dags/helper/web_scrape.py
[2023-06-04T08:28:58.905+0000] {processor.py:179} INFO - Processing /opt/airflow/dags/helper/web_scrape.py took 0.544 seconds
[2023-06-04T08:29:28.958+0000] {processor.py:157} INFO - Started process (PID=5907) to work on /opt/airflow/dags/helper/web_scrape.py
[2023-06-04T08:29:28.959+0000] {processor.py:826} INFO - Processing file /opt/airflow/dags/helper/web_scrape.py for tasks to queue
[2023-06-04T08:29:28.960+0000] {logging_mixin.py:149} INFO - [2023-06-04T08:29:28.960+0000] {dagbag.py:541} INFO - Filling up the DagBag from /opt/airflow/dags/helper/web_scrape.py
[2023-06-04T08:29:29.495+0000] {processor.py:838} WARNING - No viable dags retrieved from /opt/airflow/dags/helper/web_scrape.py
[2023-06-04T08:29:29.505+0000] {processor.py:179} INFO - Processing /opt/airflow/dags/helper/web_scrape.py took 0.549 seconds
[2023-06-04T08:29:59.719+0000] {processor.py:157} INFO - Started process (PID=6012) to work on /opt/airflow/dags/helper/web_scrape.py
[2023-06-04T08:29:59.719+0000] {processor.py:826} INFO - Processing file /opt/airflow/dags/helper/web_scrape.py for tasks to queue
[2023-06-04T08:29:59.720+0000] {logging_mixin.py:149} INFO - [2023-06-04T08:29:59.720+0000] {dagbag.py:541} INFO - Filling up the DagBag from /opt/airflow/dags/helper/web_scrape.py
[2023-06-04T08:30:00.230+0000] {processor.py:838} WARNING - No viable dags retrieved from /opt/airflow/dags/helper/web_scrape.py
[2023-06-04T08:30:00.238+0000] {processor.py:179} INFO - Processing /opt/airflow/dags/helper/web_scrape.py took 0.521 seconds
[2023-06-04T08:30:11.122+0000] {processor.py:157} INFO - Started process (PID=6055) to work on /opt/airflow/dags/helper/web_scrape.py
[2023-06-04T08:30:11.123+0000] {processor.py:826} INFO - Processing file /opt/airflow/dags/helper/web_scrape.py for tasks to queue
[2023-06-04T08:30:11.123+0000] {logging_mixin.py:149} INFO - [2023-06-04T08:30:11.123+0000] {dagbag.py:541} INFO - Filling up the DagBag from /opt/airflow/dags/helper/web_scrape.py
[2023-06-04T08:30:11.685+0000] {processor.py:838} WARNING - No viable dags retrieved from /opt/airflow/dags/helper/web_scrape.py
[2023-06-04T08:30:11.694+0000] {processor.py:179} INFO - Processing /opt/airflow/dags/helper/web_scrape.py took 0.575 seconds
[2023-06-04T08:30:41.934+0000] {processor.py:157} INFO - Started process (PID=6161) to work on /opt/airflow/dags/helper/web_scrape.py
[2023-06-04T08:30:41.935+0000] {processor.py:826} INFO - Processing file /opt/airflow/dags/helper/web_scrape.py for tasks to queue
[2023-06-04T08:30:41.936+0000] {logging_mixin.py:149} INFO - [2023-06-04T08:30:41.936+0000] {dagbag.py:541} INFO - Filling up the DagBag from /opt/airflow/dags/helper/web_scrape.py
[2023-06-04T08:30:42.505+0000] {processor.py:838} WARNING - No viable dags retrieved from /opt/airflow/dags/helper/web_scrape.py
[2023-06-04T08:30:42.512+0000] {processor.py:179} INFO - Processing /opt/airflow/dags/helper/web_scrape.py took 0.581 seconds
[2023-06-04T08:30:43.363+0000] {processor.py:157} INFO - Started process (PID=6179) to work on /opt/airflow/dags/helper/web_scrape.py
[2023-06-04T08:30:43.364+0000] {processor.py:826} INFO - Processing file /opt/airflow/dags/helper/web_scrape.py for tasks to queue
[2023-06-04T08:30:43.364+0000] {logging_mixin.py:149} INFO - [2023-06-04T08:30:43.364+0000] {dagbag.py:541} INFO - Filling up the DagBag from /opt/airflow/dags/helper/web_scrape.py
[2023-06-04T08:30:43.885+0000] {processor.py:838} WARNING - No viable dags retrieved from /opt/airflow/dags/helper/web_scrape.py
[2023-06-04T08:30:43.894+0000] {processor.py:179} INFO - Processing /opt/airflow/dags/helper/web_scrape.py took 0.533 seconds
[2023-06-04T08:31:14.431+0000] {processor.py:157} INFO - Started process (PID=6284) to work on /opt/airflow/dags/helper/web_scrape.py
[2023-06-04T08:31:14.432+0000] {processor.py:826} INFO - Processing file /opt/airflow/dags/helper/web_scrape.py for tasks to queue
[2023-06-04T08:31:14.432+0000] {logging_mixin.py:149} INFO - [2023-06-04T08:31:14.432+0000] {dagbag.py:541} INFO - Filling up the DagBag from /opt/airflow/dags/helper/web_scrape.py
[2023-06-04T08:31:14.943+0000] {processor.py:838} WARNING - No viable dags retrieved from /opt/airflow/dags/helper/web_scrape.py
[2023-06-04T08:31:14.952+0000] {processor.py:179} INFO - Processing /opt/airflow/dags/helper/web_scrape.py took 0.523 seconds
[2023-06-04T08:31:45.103+0000] {processor.py:157} INFO - Started process (PID=6375) to work on /opt/airflow/dags/helper/web_scrape.py
[2023-06-04T08:31:45.104+0000] {processor.py:826} INFO - Processing file /opt/airflow/dags/helper/web_scrape.py for tasks to queue
[2023-06-04T08:31:45.105+0000] {logging_mixin.py:149} INFO - [2023-06-04T08:31:45.105+0000] {dagbag.py:541} INFO - Filling up the DagBag from /opt/airflow/dags/helper/web_scrape.py
[2023-06-04T08:31:45.640+0000] {processor.py:838} WARNING - No viable dags retrieved from /opt/airflow/dags/helper/web_scrape.py
[2023-06-04T08:31:45.648+0000] {processor.py:179} INFO - Processing /opt/airflow/dags/helper/web_scrape.py took 0.548 seconds
[2023-06-04T08:32:16.396+0000] {processor.py:157} INFO - Started process (PID=6466) to work on /opt/airflow/dags/helper/web_scrape.py
[2023-06-04T08:32:16.397+0000] {processor.py:826} INFO - Processing file /opt/airflow/dags/helper/web_scrape.py for tasks to queue
[2023-06-04T08:32:16.398+0000] {logging_mixin.py:149} INFO - [2023-06-04T08:32:16.397+0000] {dagbag.py:541} INFO - Filling up the DagBag from /opt/airflow/dags/helper/web_scrape.py
[2023-06-04T08:32:16.950+0000] {processor.py:838} WARNING - No viable dags retrieved from /opt/airflow/dags/helper/web_scrape.py
[2023-06-04T08:32:16.958+0000] {processor.py:179} INFO - Processing /opt/airflow/dags/helper/web_scrape.py took 0.565 seconds
[2023-06-04T08:32:31.400+0000] {processor.py:157} INFO - Started process (PID=6509) to work on /opt/airflow/dags/helper/web_scrape.py
[2023-06-04T08:32:31.401+0000] {processor.py:826} INFO - Processing file /opt/airflow/dags/helper/web_scrape.py for tasks to queue
[2023-06-04T08:32:31.401+0000] {logging_mixin.py:149} INFO - [2023-06-04T08:32:31.401+0000] {dagbag.py:541} INFO - Filling up the DagBag from /opt/airflow/dags/helper/web_scrape.py
[2023-06-04T08:32:32.016+0000] {processor.py:838} WARNING - No viable dags retrieved from /opt/airflow/dags/helper/web_scrape.py
[2023-06-04T08:32:32.025+0000] {processor.py:179} INFO - Processing /opt/airflow/dags/helper/web_scrape.py took 0.628 seconds
[2023-06-04T08:32:48.230+0000] {processor.py:157} INFO - Started process (PID=6598) to work on /opt/airflow/dags/helper/web_scrape.py
[2023-06-04T08:32:48.230+0000] {processor.py:826} INFO - Processing file /opt/airflow/dags/helper/web_scrape.py for tasks to queue
[2023-06-04T08:32:48.231+0000] {logging_mixin.py:149} INFO - [2023-06-04T08:32:48.231+0000] {dagbag.py:541} INFO - Filling up the DagBag from /opt/airflow/dags/helper/web_scrape.py
[2023-06-04T08:32:48.821+0000] {processor.py:838} WARNING - No viable dags retrieved from /opt/airflow/dags/helper/web_scrape.py
[2023-06-04T08:32:48.829+0000] {processor.py:179} INFO - Processing /opt/airflow/dags/helper/web_scrape.py took 0.602 seconds
[2023-06-04T08:33:19.054+0000] {processor.py:157} INFO - Started process (PID=6709) to work on /opt/airflow/dags/helper/web_scrape.py
[2023-06-04T08:33:19.055+0000] {processor.py:826} INFO - Processing file /opt/airflow/dags/helper/web_scrape.py for tasks to queue
[2023-06-04T08:33:19.056+0000] {logging_mixin.py:149} INFO - [2023-06-04T08:33:19.055+0000] {dagbag.py:541} INFO - Filling up the DagBag from /opt/airflow/dags/helper/web_scrape.py
[2023-06-04T08:33:19.605+0000] {processor.py:838} WARNING - No viable dags retrieved from /opt/airflow/dags/helper/web_scrape.py
[2023-06-04T08:33:19.613+0000] {processor.py:179} INFO - Processing /opt/airflow/dags/helper/web_scrape.py took 0.564 seconds
[2023-06-04T08:33:49.675+0000] {processor.py:157} INFO - Started process (PID=6802) to work on /opt/airflow/dags/helper/web_scrape.py
[2023-06-04T08:33:49.675+0000] {processor.py:826} INFO - Processing file /opt/airflow/dags/helper/web_scrape.py for tasks to queue
[2023-06-04T08:33:49.676+0000] {logging_mixin.py:149} INFO - [2023-06-04T08:33:49.676+0000] {dagbag.py:541} INFO - Filling up the DagBag from /opt/airflow/dags/helper/web_scrape.py
[2023-06-04T08:33:50.271+0000] {processor.py:838} WARNING - No viable dags retrieved from /opt/airflow/dags/helper/web_scrape.py
[2023-06-04T08:33:50.279+0000] {processor.py:179} INFO - Processing /opt/airflow/dags/helper/web_scrape.py took 0.607 seconds
[2023-06-04T08:34:21.174+0000] {processor.py:157} INFO - Started process (PID=6892) to work on /opt/airflow/dags/helper/web_scrape.py
[2023-06-04T08:34:21.175+0000] {processor.py:826} INFO - Processing file /opt/airflow/dags/helper/web_scrape.py for tasks to queue
[2023-06-04T08:34:21.176+0000] {logging_mixin.py:149} INFO - [2023-06-04T08:34:21.175+0000] {dagbag.py:541} INFO - Filling up the DagBag from /opt/airflow/dags/helper/web_scrape.py
[2023-06-04T08:34:21.756+0000] {processor.py:838} WARNING - No viable dags retrieved from /opt/airflow/dags/helper/web_scrape.py
[2023-06-04T08:34:21.764+0000] {processor.py:179} INFO - Processing /opt/airflow/dags/helper/web_scrape.py took 0.594 seconds
[2023-06-04T08:34:29.837+0000] {processor.py:157} INFO - Started process (PID=6914) to work on /opt/airflow/dags/helper/web_scrape.py
[2023-06-04T08:34:29.838+0000] {processor.py:826} INFO - Processing file /opt/airflow/dags/helper/web_scrape.py for tasks to queue
[2023-06-04T08:34:29.839+0000] {logging_mixin.py:149} INFO - [2023-06-04T08:34:29.839+0000] {dagbag.py:541} INFO - Filling up the DagBag from /opt/airflow/dags/helper/web_scrape.py
[2023-06-04T08:34:30.381+0000] {processor.py:838} WARNING - No viable dags retrieved from /opt/airflow/dags/helper/web_scrape.py
[2023-06-04T08:34:30.389+0000] {processor.py:179} INFO - Processing /opt/airflow/dags/helper/web_scrape.py took 0.554 seconds
[2023-06-04T08:35:00.795+0000] {processor.py:157} INFO - Started process (PID=7027) to work on /opt/airflow/dags/helper/web_scrape.py
[2023-06-04T08:35:00.796+0000] {processor.py:826} INFO - Processing file /opt/airflow/dags/helper/web_scrape.py for tasks to queue
[2023-06-04T08:35:00.797+0000] {logging_mixin.py:149} INFO - [2023-06-04T08:35:00.797+0000] {dagbag.py:541} INFO - Filling up the DagBag from /opt/airflow/dags/helper/web_scrape.py
[2023-06-04T08:35:01.331+0000] {processor.py:838} WARNING - No viable dags retrieved from /opt/airflow/dags/helper/web_scrape.py
[2023-06-04T08:35:01.339+0000] {processor.py:179} INFO - Processing /opt/airflow/dags/helper/web_scrape.py took 0.546 seconds
[2023-06-04T08:35:05.382+0000] {processor.py:157} INFO - Started process (PID=7040) to work on /opt/airflow/dags/helper/web_scrape.py
[2023-06-04T08:35:05.383+0000] {processor.py:826} INFO - Processing file /opt/airflow/dags/helper/web_scrape.py for tasks to queue
[2023-06-04T08:35:05.383+0000] {logging_mixin.py:149} INFO - [2023-06-04T08:35:05.383+0000] {dagbag.py:541} INFO - Filling up the DagBag from /opt/airflow/dags/helper/web_scrape.py
[2023-06-04T08:35:05.959+0000] {processor.py:838} WARNING - No viable dags retrieved from /opt/airflow/dags/helper/web_scrape.py
[2023-06-04T08:35:05.966+0000] {processor.py:179} INFO - Processing /opt/airflow/dags/helper/web_scrape.py took 0.587 seconds
[2023-06-04T08:35:36.188+0000] {processor.py:157} INFO - Started process (PID=7152) to work on /opt/airflow/dags/helper/web_scrape.py
[2023-06-04T08:35:36.189+0000] {processor.py:826} INFO - Processing file /opt/airflow/dags/helper/web_scrape.py for tasks to queue
[2023-06-04T08:35:36.189+0000] {logging_mixin.py:149} INFO - [2023-06-04T08:35:36.189+0000] {dagbag.py:541} INFO - Filling up the DagBag from /opt/airflow/dags/helper/web_scrape.py
[2023-06-04T08:35:36.701+0000] {processor.py:838} WARNING - No viable dags retrieved from /opt/airflow/dags/helper/web_scrape.py
[2023-06-04T08:35:36.709+0000] {processor.py:179} INFO - Processing /opt/airflow/dags/helper/web_scrape.py took 0.523 seconds
[2023-06-04T08:36:07.694+0000] {processor.py:157} INFO - Started process (PID=7243) to work on /opt/airflow/dags/helper/web_scrape.py
[2023-06-04T08:36:07.695+0000] {processor.py:826} INFO - Processing file /opt/airflow/dags/helper/web_scrape.py for tasks to queue
[2023-06-04T08:36:07.695+0000] {logging_mixin.py:149} INFO - [2023-06-04T08:36:07.695+0000] {dagbag.py:541} INFO - Filling up the DagBag from /opt/airflow/dags/helper/web_scrape.py
[2023-06-04T08:36:08.275+0000] {processor.py:838} WARNING - No viable dags retrieved from /opt/airflow/dags/helper/web_scrape.py
[2023-06-04T08:36:08.282+0000] {processor.py:179} INFO - Processing /opt/airflow/dags/helper/web_scrape.py took 0.591 seconds
[2023-06-04T08:36:38.764+0000] {processor.py:157} INFO - Started process (PID=7339) to work on /opt/airflow/dags/helper/web_scrape.py
[2023-06-04T08:36:38.765+0000] {processor.py:826} INFO - Processing file /opt/airflow/dags/helper/web_scrape.py for tasks to queue
[2023-06-04T08:36:38.765+0000] {logging_mixin.py:149} INFO - [2023-06-04T08:36:38.765+0000] {dagbag.py:541} INFO - Filling up the DagBag from /opt/airflow/dags/helper/web_scrape.py
[2023-06-04T08:36:39.426+0000] {processor.py:838} WARNING - No viable dags retrieved from /opt/airflow/dags/helper/web_scrape.py
[2023-06-04T08:36:39.443+0000] {processor.py:179} INFO - Processing /opt/airflow/dags/helper/web_scrape.py took 0.682 seconds
[2023-06-04T08:36:46.868+0000] {processor.py:157} INFO - Started process (PID=7376) to work on /opt/airflow/dags/helper/web_scrape.py
[2023-06-04T08:36:46.869+0000] {processor.py:826} INFO - Processing file /opt/airflow/dags/helper/web_scrape.py for tasks to queue
[2023-06-04T08:36:46.869+0000] {logging_mixin.py:149} INFO - [2023-06-04T08:36:46.869+0000] {dagbag.py:541} INFO - Filling up the DagBag from /opt/airflow/dags/helper/web_scrape.py
[2023-06-04T08:36:47.410+0000] {processor.py:838} WARNING - No viable dags retrieved from /opt/airflow/dags/helper/web_scrape.py
[2023-06-04T08:36:47.418+0000] {processor.py:179} INFO - Processing /opt/airflow/dags/helper/web_scrape.py took 0.553 seconds
[2023-06-04T08:37:18.246+0000] {processor.py:157} INFO - Started process (PID=7485) to work on /opt/airflow/dags/helper/web_scrape.py
[2023-06-04T08:37:18.247+0000] {processor.py:826} INFO - Processing file /opt/airflow/dags/helper/web_scrape.py for tasks to queue
[2023-06-04T08:37:18.248+0000] {logging_mixin.py:149} INFO - [2023-06-04T08:37:18.248+0000] {dagbag.py:541} INFO - Filling up the DagBag from /opt/airflow/dags/helper/web_scrape.py
[2023-06-04T08:37:18.866+0000] {processor.py:838} WARNING - No viable dags retrieved from /opt/airflow/dags/helper/web_scrape.py
[2023-06-04T08:37:18.875+0000] {processor.py:179} INFO - Processing /opt/airflow/dags/helper/web_scrape.py took 0.632 seconds
[2023-06-04T08:37:37.347+0000] {processor.py:157} INFO - Started process (PID=7541) to work on /opt/airflow/dags/helper/web_scrape.py
[2023-06-04T08:37:37.348+0000] {processor.py:826} INFO - Processing file /opt/airflow/dags/helper/web_scrape.py for tasks to queue
[2023-06-04T08:37:37.348+0000] {logging_mixin.py:149} INFO - [2023-06-04T08:37:37.348+0000] {dagbag.py:541} INFO - Filling up the DagBag from /opt/airflow/dags/helper/web_scrape.py
[2023-06-04T08:37:37.893+0000] {processor.py:838} WARNING - No viable dags retrieved from /opt/airflow/dags/helper/web_scrape.py
[2023-06-04T08:37:37.901+0000] {processor.py:179} INFO - Processing /opt/airflow/dags/helper/web_scrape.py took 0.556 seconds
[2023-06-04T08:37:57.617+0000] {processor.py:157} INFO - Started process (PID=7654) to work on /opt/airflow/dags/helper/web_scrape.py
[2023-06-04T08:37:57.618+0000] {processor.py:826} INFO - Processing file /opt/airflow/dags/helper/web_scrape.py for tasks to queue
[2023-06-04T08:37:57.618+0000] {logging_mixin.py:149} INFO - [2023-06-04T08:37:57.618+0000] {dagbag.py:541} INFO - Filling up the DagBag from /opt/airflow/dags/helper/web_scrape.py
[2023-06-04T08:37:58.183+0000] {processor.py:838} WARNING - No viable dags retrieved from /opt/airflow/dags/helper/web_scrape.py
[2023-06-04T08:37:58.193+0000] {processor.py:179} INFO - Processing /opt/airflow/dags/helper/web_scrape.py took 0.579 seconds
[2023-06-04T08:38:28.776+0000] {processor.py:157} INFO - Started process (PID=7767) to work on /opt/airflow/dags/helper/web_scrape.py
[2023-06-04T08:38:28.777+0000] {processor.py:826} INFO - Processing file /opt/airflow/dags/helper/web_scrape.py for tasks to queue
[2023-06-04T08:38:28.777+0000] {logging_mixin.py:149} INFO - [2023-06-04T08:38:28.777+0000] {dagbag.py:541} INFO - Filling up the DagBag from /opt/airflow/dags/helper/web_scrape.py
[2023-06-04T08:38:29.298+0000] {processor.py:838} WARNING - No viable dags retrieved from /opt/airflow/dags/helper/web_scrape.py
[2023-06-04T08:38:29.307+0000] {processor.py:179} INFO - Processing /opt/airflow/dags/helper/web_scrape.py took 0.533 seconds
[2023-06-04T08:38:59.676+0000] {processor.py:157} INFO - Started process (PID=7858) to work on /opt/airflow/dags/helper/web_scrape.py
[2023-06-04T08:38:59.677+0000] {processor.py:826} INFO - Processing file /opt/airflow/dags/helper/web_scrape.py for tasks to queue
[2023-06-04T08:38:59.678+0000] {logging_mixin.py:149} INFO - [2023-06-04T08:38:59.678+0000] {dagbag.py:541} INFO - Filling up the DagBag from /opt/airflow/dags/helper/web_scrape.py
[2023-06-04T08:39:00.242+0000] {processor.py:838} WARNING - No viable dags retrieved from /opt/airflow/dags/helper/web_scrape.py
[2023-06-04T08:39:00.252+0000] {processor.py:179} INFO - Processing /opt/airflow/dags/helper/web_scrape.py took 0.579 seconds
[2023-06-04T08:39:03.285+0000] {processor.py:157} INFO - Started process (PID=7871) to work on /opt/airflow/dags/helper/web_scrape.py
[2023-06-04T08:39:03.286+0000] {processor.py:826} INFO - Processing file /opt/airflow/dags/helper/web_scrape.py for tasks to queue
[2023-06-04T08:39:03.286+0000] {logging_mixin.py:149} INFO - [2023-06-04T08:39:03.286+0000] {dagbag.py:541} INFO - Filling up the DagBag from /opt/airflow/dags/helper/web_scrape.py
[2023-06-04T08:39:03.819+0000] {processor.py:838} WARNING - No viable dags retrieved from /opt/airflow/dags/helper/web_scrape.py
[2023-06-04T08:39:03.828+0000] {processor.py:179} INFO - Processing /opt/airflow/dags/helper/web_scrape.py took 0.546 seconds
[2023-06-04T08:39:34.057+0000] {processor.py:157} INFO - Started process (PID=7977) to work on /opt/airflow/dags/helper/web_scrape.py
[2023-06-04T08:39:34.058+0000] {processor.py:826} INFO - Processing file /opt/airflow/dags/helper/web_scrape.py for tasks to queue
[2023-06-04T08:39:34.059+0000] {logging_mixin.py:149} INFO - [2023-06-04T08:39:34.059+0000] {dagbag.py:541} INFO - Filling up the DagBag from /opt/airflow/dags/helper/web_scrape.py
[2023-06-04T08:39:34.638+0000] {processor.py:838} WARNING - No viable dags retrieved from /opt/airflow/dags/helper/web_scrape.py
[2023-06-04T08:39:34.646+0000] {processor.py:179} INFO - Processing /opt/airflow/dags/helper/web_scrape.py took 0.591 seconds
[2023-06-04T08:39:35.344+0000] {processor.py:157} INFO - Started process (PID=7990) to work on /opt/airflow/dags/helper/web_scrape.py
[2023-06-04T08:39:35.345+0000] {processor.py:826} INFO - Processing file /opt/airflow/dags/helper/web_scrape.py for tasks to queue
[2023-06-04T08:39:35.345+0000] {logging_mixin.py:149} INFO - [2023-06-04T08:39:35.345+0000] {dagbag.py:541} INFO - Filling up the DagBag from /opt/airflow/dags/helper/web_scrape.py
[2023-06-04T08:39:35.919+0000] {processor.py:838} WARNING - No viable dags retrieved from /opt/airflow/dags/helper/web_scrape.py
[2023-06-04T08:39:35.927+0000] {processor.py:179} INFO - Processing /opt/airflow/dags/helper/web_scrape.py took 0.586 seconds
[2023-06-04T08:39:42.713+0000] {processor.py:157} INFO - Started process (PID=8011) to work on /opt/airflow/dags/helper/web_scrape.py
[2023-06-04T08:39:42.713+0000] {processor.py:826} INFO - Processing file /opt/airflow/dags/helper/web_scrape.py for tasks to queue
[2023-06-04T08:39:42.714+0000] {logging_mixin.py:149} INFO - [2023-06-04T08:39:42.714+0000] {dagbag.py:541} INFO - Filling up the DagBag from /opt/airflow/dags/helper/web_scrape.py
[2023-06-04T08:39:43.347+0000] {processor.py:838} WARNING - No viable dags retrieved from /opt/airflow/dags/helper/web_scrape.py
[2023-06-04T08:39:43.356+0000] {processor.py:179} INFO - Processing /opt/airflow/dags/helper/web_scrape.py took 0.646 seconds
[2023-06-04T08:39:53.149+0000] {processor.py:157} INFO - Started process (PID=8073) to work on /opt/airflow/dags/helper/web_scrape.py
[2023-06-04T08:39:53.150+0000] {processor.py:826} INFO - Processing file /opt/airflow/dags/helper/web_scrape.py for tasks to queue
[2023-06-04T08:39:53.151+0000] {logging_mixin.py:149} INFO - [2023-06-04T08:39:53.150+0000] {dagbag.py:541} INFO - Filling up the DagBag from /opt/airflow/dags/helper/web_scrape.py
[2023-06-04T08:39:53.718+0000] {processor.py:838} WARNING - No viable dags retrieved from /opt/airflow/dags/helper/web_scrape.py
[2023-06-04T08:39:53.726+0000] {processor.py:179} INFO - Processing /opt/airflow/dags/helper/web_scrape.py took 0.579 seconds
[2023-06-04T08:40:23.746+0000] {processor.py:157} INFO - Started process (PID=8183) to work on /opt/airflow/dags/helper/web_scrape.py
[2023-06-04T08:40:23.747+0000] {processor.py:826} INFO - Processing file /opt/airflow/dags/helper/web_scrape.py for tasks to queue
[2023-06-04T08:40:23.747+0000] {logging_mixin.py:149} INFO - [2023-06-04T08:40:23.747+0000] {dagbag.py:541} INFO - Filling up the DagBag from /opt/airflow/dags/helper/web_scrape.py
[2023-06-04T08:40:24.315+0000] {processor.py:838} WARNING - No viable dags retrieved from /opt/airflow/dags/helper/web_scrape.py
[2023-06-04T08:40:24.324+0000] {processor.py:179} INFO - Processing /opt/airflow/dags/helper/web_scrape.py took 0.581 seconds
[2023-06-04T08:40:40.779+0000] {processor.py:157} INFO - Started process (PID=8235) to work on /opt/airflow/dags/helper/web_scrape.py
[2023-06-04T08:40:40.780+0000] {processor.py:826} INFO - Processing file /opt/airflow/dags/helper/web_scrape.py for tasks to queue
[2023-06-04T08:40:40.780+0000] {logging_mixin.py:149} INFO - [2023-06-04T08:40:40.780+0000] {dagbag.py:541} INFO - Filling up the DagBag from /opt/airflow/dags/helper/web_scrape.py
[2023-06-04T08:40:41.312+0000] {processor.py:838} WARNING - No viable dags retrieved from /opt/airflow/dags/helper/web_scrape.py
[2023-06-04T08:40:41.320+0000] {processor.py:179} INFO - Processing /opt/airflow/dags/helper/web_scrape.py took 0.544 seconds
[2023-06-04T08:41:11.575+0000] {processor.py:157} INFO - Started process (PID=8347) to work on /opt/airflow/dags/helper/web_scrape.py
[2023-06-04T08:41:11.576+0000] {processor.py:826} INFO - Processing file /opt/airflow/dags/helper/web_scrape.py for tasks to queue
[2023-06-04T08:41:11.576+0000] {logging_mixin.py:149} INFO - [2023-06-04T08:41:11.576+0000] {dagbag.py:541} INFO - Filling up the DagBag from /opt/airflow/dags/helper/web_scrape.py
[2023-06-04T08:41:12.196+0000] {processor.py:838} WARNING - No viable dags retrieved from /opt/airflow/dags/helper/web_scrape.py
[2023-06-04T08:41:12.205+0000] {processor.py:179} INFO - Processing /opt/airflow/dags/helper/web_scrape.py took 0.634 seconds
[2023-06-04T08:41:15.252+0000] {processor.py:157} INFO - Started process (PID=8361) to work on /opt/airflow/dags/helper/web_scrape.py
[2023-06-04T08:41:15.253+0000] {processor.py:826} INFO - Processing file /opt/airflow/dags/helper/web_scrape.py for tasks to queue
[2023-06-04T08:41:15.253+0000] {logging_mixin.py:149} INFO - [2023-06-04T08:41:15.253+0000] {dagbag.py:541} INFO - Filling up the DagBag from /opt/airflow/dags/helper/web_scrape.py
[2023-06-04T08:41:15.855+0000] {processor.py:838} WARNING - No viable dags retrieved from /opt/airflow/dags/helper/web_scrape.py
[2023-06-04T08:41:15.863+0000] {processor.py:179} INFO - Processing /opt/airflow/dags/helper/web_scrape.py took 0.614 seconds
[2023-06-04T08:41:46.053+0000] {processor.py:157} INFO - Started process (PID=8451) to work on /opt/airflow/dags/helper/web_scrape.py
[2023-06-04T08:41:46.054+0000] {processor.py:826} INFO - Processing file /opt/airflow/dags/helper/web_scrape.py for tasks to queue
[2023-06-04T08:41:46.055+0000] {logging_mixin.py:149} INFO - [2023-06-04T08:41:46.055+0000] {dagbag.py:541} INFO - Filling up the DagBag from /opt/airflow/dags/helper/web_scrape.py
[2023-06-04T08:41:46.679+0000] {processor.py:838} WARNING - No viable dags retrieved from /opt/airflow/dags/helper/web_scrape.py
[2023-06-04T08:41:46.688+0000] {processor.py:179} INFO - Processing /opt/airflow/dags/helper/web_scrape.py took 0.638 seconds
[2023-06-04T08:41:53.038+0000] {processor.py:157} INFO - Started process (PID=8490) to work on /opt/airflow/dags/helper/web_scrape.py
[2023-06-04T08:41:53.039+0000] {processor.py:826} INFO - Processing file /opt/airflow/dags/helper/web_scrape.py for tasks to queue
[2023-06-04T08:41:53.040+0000] {logging_mixin.py:149} INFO - [2023-06-04T08:41:53.040+0000] {dagbag.py:541} INFO - Filling up the DagBag from /opt/airflow/dags/helper/web_scrape.py
[2023-06-04T08:41:53.585+0000] {processor.py:838} WARNING - No viable dags retrieved from /opt/airflow/dags/helper/web_scrape.py
[2023-06-04T08:41:53.596+0000] {processor.py:179} INFO - Processing /opt/airflow/dags/helper/web_scrape.py took 0.560 seconds
[2023-06-04T08:42:24.284+0000] {processor.py:157} INFO - Started process (PID=8581) to work on /opt/airflow/dags/helper/web_scrape.py
[2023-06-04T08:42:24.285+0000] {processor.py:826} INFO - Processing file /opt/airflow/dags/helper/web_scrape.py for tasks to queue
[2023-06-04T08:42:24.286+0000] {logging_mixin.py:149} INFO - [2023-06-04T08:42:24.286+0000] {dagbag.py:541} INFO - Filling up the DagBag from /opt/airflow/dags/helper/web_scrape.py
[2023-06-04T08:42:24.893+0000] {processor.py:838} WARNING - No viable dags retrieved from /opt/airflow/dags/helper/web_scrape.py
[2023-06-04T08:42:24.923+0000] {processor.py:179} INFO - Processing /opt/airflow/dags/helper/web_scrape.py took 0.641 seconds
[2023-06-04T08:42:55.927+0000] {processor.py:157} INFO - Started process (PID=8671) to work on /opt/airflow/dags/helper/web_scrape.py
[2023-06-04T08:42:55.928+0000] {processor.py:826} INFO - Processing file /opt/airflow/dags/helper/web_scrape.py for tasks to queue
[2023-06-04T08:42:55.929+0000] {logging_mixin.py:149} INFO - [2023-06-04T08:42:55.929+0000] {dagbag.py:541} INFO - Filling up the DagBag from /opt/airflow/dags/helper/web_scrape.py
[2023-06-04T08:42:56.470+0000] {processor.py:838} WARNING - No viable dags retrieved from /opt/airflow/dags/helper/web_scrape.py
[2023-06-04T08:42:56.478+0000] {processor.py:179} INFO - Processing /opt/airflow/dags/helper/web_scrape.py took 0.554 seconds
