[2023-06-04T17:06:53.358+0000] {taskinstance.py:1103} INFO - Dependencies all met for dep_context=non-requeueable deps ti=<TaskInstance: most_popular_movies.scrape_movies manual__2023-06-04T17:06:51.581178+00:00 [queued]>
[2023-06-04T17:06:53.364+0000] {taskinstance.py:1103} INFO - Dependencies all met for dep_context=requeueable deps ti=<TaskInstance: most_popular_movies.scrape_movies manual__2023-06-04T17:06:51.581178+00:00 [queued]>
[2023-06-04T17:06:53.364+0000] {taskinstance.py:1308} INFO - Starting attempt 1 of 1
[2023-06-04T17:06:53.373+0000] {taskinstance.py:1327} INFO - Executing <Task(_PythonDecoratedOperator): scrape_movies> on 2023-06-04 17:06:51.581178+00:00
[2023-06-04T17:06:53.378+0000] {standard_task_runner.py:57} INFO - Started process 9601 to run task
[2023-06-04T17:06:53.381+0000] {standard_task_runner.py:84} INFO - Running: ['***', 'tasks', 'run', 'most_popular_movies', 'scrape_movies', 'manual__2023-06-04T17:06:51.581178+00:00', '--job-id', '117', '--raw', '--subdir', 'DAGS_FOLDER/most_popular_movies.py', '--cfg-path', '/tmp/tmpakau3neo']
[2023-06-04T17:06:53.381+0000] {standard_task_runner.py:85} INFO - Job 117: Subtask scrape_movies
[2023-06-04T17:06:53.413+0000] {task_command.py:410} INFO - Running <TaskInstance: most_popular_movies.scrape_movies manual__2023-06-04T17:06:51.581178+00:00 [running]> on host 7633a4fabdb3
[2023-06-04T17:06:53.472+0000] {taskinstance.py:1547} INFO - Exporting env vars: AIRFLOW_CTX_DAG_OWNER='***' AIRFLOW_CTX_DAG_ID='most_popular_movies' AIRFLOW_CTX_TASK_ID='scrape_movies' AIRFLOW_CTX_EXECUTION_DATE='2023-06-04T17:06:51.581178+00:00' AIRFLOW_CTX_TRY_NUMBER='1' AIRFLOW_CTX_DAG_RUN_ID='manual__2023-06-04T17:06:51.581178+00:00'
[2023-06-04T17:06:54.584+0000] {logging_mixin.py:149} INFO - Missing rating. Replacing with -1
[2023-06-04T17:06:54.584+0000] {logging_mixin.py:149} INFO - Missing rating. Replacing with -1
[2023-06-04T17:06:54.584+0000] {logging_mixin.py:149} INFO - Missing rating. Replacing with -1
[2023-06-04T17:06:54.584+0000] {logging_mixin.py:149} INFO - Missing rating. Replacing with -1
[2023-06-04T17:06:54.585+0000] {logging_mixin.py:149} INFO - Missing rating. Replacing with -1
[2023-06-04T17:06:54.585+0000] {logging_mixin.py:149} INFO - Missing rating. Replacing with -1
[2023-06-04T17:06:54.585+0000] {logging_mixin.py:149} INFO - Missing rating. Replacing with -1
[2023-06-04T17:06:54.585+0000] {logging_mixin.py:149} INFO - Missing rating. Replacing with -1
[2023-06-04T17:06:54.585+0000] {logging_mixin.py:149} INFO - Missing rating. Replacing with -1
[2023-06-04T17:06:54.585+0000] {logging_mixin.py:149} INFO - Missing rating. Replacing with -1
[2023-06-04T17:06:54.585+0000] {logging_mixin.py:149} INFO - Missing rating. Replacing with -1
[2023-06-04T17:06:54.586+0000] {logging_mixin.py:149} INFO - Missing rating. Replacing with -1
[2023-06-04T17:06:54.586+0000] {logging_mixin.py:149} INFO - Missing rating. Replacing with -1
[2023-06-04T17:06:54.591+0000] {python.py:183} INFO - Done. Returned value was:     movie_id                        movie_name  ...  user_votings  update_date
0          1                The Little Mermaid  ...         61683   2023-06-04
1          2                            Fast X  ...         36728   2023-06-04
2          3    Guardians of the Galaxy Vol. 3  ...        155615   2023-06-04
3          4        Killers of the Flower Moon  ...           661   2023-06-04
4          5              John Wick: Chapter 4  ...        189289   2023-06-04
..       ...                               ...  ...           ...          ...
95        96                     The Fabelmans  ...         90699   2023-06-04
96        97                         Bama Rush  ...          1068   2023-06-04
97        98              You Hurt My Feelings  ...          1226   2023-06-04
98        99                         Nefarious  ...          4404   2023-06-04
99       100  Once Upon a Time in... Hollywood  ...        778570   2023-06-04

[100 rows x 6 columns]
[2023-06-04T17:06:54.653+0000] {taskinstance.py:1350} INFO - Marking task as SUCCESS. dag_id=most_popular_movies, task_id=scrape_movies, execution_date=20230604T170651, start_date=20230604T170653, end_date=20230604T170654
[2023-06-04T17:06:54.677+0000] {local_task_job_runner.py:225} INFO - Task exited with return code 0
[2023-06-04T17:06:54.695+0000] {taskinstance.py:2651} INFO - 1 downstream tasks scheduled from follow-on schedule check
