[2023-06-04T09:03:09.892+0000] {taskinstance.py:1103} INFO - Dependencies all met for dep_context=non-requeueable deps ti=<TaskInstance: most_popular_movies.load_movies manual__2023-06-04T09:03:03.549735+00:00 [queued]>
[2023-06-04T09:03:09.898+0000] {taskinstance.py:1103} INFO - Dependencies all met for dep_context=requeueable deps ti=<TaskInstance: most_popular_movies.load_movies manual__2023-06-04T09:03:03.549735+00:00 [queued]>
[2023-06-04T09:03:09.898+0000] {taskinstance.py:1308} INFO - Starting attempt 1 of 1
[2023-06-04T09:03:09.909+0000] {taskinstance.py:1327} INFO - Executing <Task(_PythonDecoratedOperator): load_movies> on 2023-06-04 09:03:03.549735+00:00
[2023-06-04T09:03:09.914+0000] {standard_task_runner.py:57} INFO - Started process 1371 to run task
[2023-06-04T09:03:09.917+0000] {standard_task_runner.py:84} INFO - Running: ['***', 'tasks', 'run', 'most_popular_movies', 'load_movies', 'manual__2023-06-04T09:03:03.549735+00:00', '--job-id', '64', '--raw', '--subdir', 'DAGS_FOLDER/most_popular_movies.py', '--cfg-path', '/tmp/tmp1jv7u69w']
[2023-06-04T09:03:09.917+0000] {standard_task_runner.py:85} INFO - Job 64: Subtask load_movies
[2023-06-04T09:03:09.949+0000] {task_command.py:410} INFO - Running <TaskInstance: most_popular_movies.load_movies manual__2023-06-04T09:03:03.549735+00:00 [running]> on host 7633a4fabdb3
[2023-06-04T09:03:10.088+0000] {taskinstance.py:1547} INFO - Exporting env vars: AIRFLOW_CTX_DAG_OWNER='***' AIRFLOW_CTX_DAG_ID='most_popular_movies' AIRFLOW_CTX_TASK_ID='load_movies' AIRFLOW_CTX_EXECUTION_DATE='2023-06-04T09:03:03.549735+00:00' AIRFLOW_CTX_TRY_NUMBER='1' AIRFLOW_CTX_DAG_RUN_ID='manual__2023-06-04T09:03:03.549735+00:00'
[2023-06-04T09:03:10.089+0000] {logging_mixin.py:149} INFO - Fetching Dataset...
[2023-06-04T09:03:10.641+0000] {logging_mixin.py:149} INFO - Done
[2023-06-04T09:03:10.642+0000] {logging_mixin.py:149} INFO - https://bigquery.googleapis.com/bigquery/v2/projects/imdb-388708/datasets/imdb
[2023-06-04T09:03:10.642+0000] {logging_mixin.py:149} INFO - Fetching Dataset...
[2023-06-04T09:03:10.935+0000] {logging_mixin.py:149} INFO - Done
[2023-06-04T09:03:10.936+0000] {logging_mixin.py:149} INFO - https://bigquery.googleapis.com/bigquery/v2/projects/imdb-388708/datasets/imdb
[2023-06-04T09:03:10.936+0000] {logging_mixin.py:149} INFO - 
Fetching Table...
[2023-06-04T09:03:11.211+0000] {logging_mixin.py:149} INFO - Done
[2023-06-04T09:03:11.211+0000] {logging_mixin.py:149} INFO - https://bigquery.googleapis.com/bigquery/v2/projects/imdb-388708/datasets/imdb/tables/most_popular_movies
[2023-06-04T09:03:15.245+0000] {logging_mixin.py:149} INFO - Loaded 97 rows into imdb:most_popular_movies.
[2023-06-04T09:03:15.246+0000] {python.py:183} INFO - Done. Returned value was: None
[2023-06-04T09:03:15.255+0000] {taskinstance.py:1350} INFO - Marking task as SUCCESS. dag_id=most_popular_movies, task_id=load_movies, execution_date=20230604T090303, start_date=20230604T090309, end_date=20230604T090315
[2023-06-04T09:03:15.302+0000] {local_task_job_runner.py:225} INFO - Task exited with return code 0
[2023-06-04T09:03:15.315+0000] {taskinstance.py:2651} INFO - 0 downstream tasks scheduled from follow-on schedule check
