[2023-06-04T17:15:09.105+0000] {taskinstance.py:1103} INFO - Dependencies all met for dep_context=non-requeueable deps ti=<TaskInstance: top_250_tv.load_movies manual__2023-06-04T17:15:05.034644+00:00 [queued]>
[2023-06-04T17:15:09.111+0000] {taskinstance.py:1103} INFO - Dependencies all met for dep_context=requeueable deps ti=<TaskInstance: top_250_tv.load_movies manual__2023-06-04T17:15:05.034644+00:00 [queued]>
[2023-06-04T17:15:09.111+0000] {taskinstance.py:1308} INFO - Starting attempt 1 of 1
[2023-06-04T17:15:09.119+0000] {taskinstance.py:1327} INFO - Executing <Task(_PythonDecoratedOperator): load_movies> on 2023-06-04 17:15:05.034644+00:00
[2023-06-04T17:15:09.124+0000] {standard_task_runner.py:57} INFO - Started process 9790 to run task
[2023-06-04T17:15:09.127+0000] {standard_task_runner.py:84} INFO - Running: ['***', 'tasks', 'run', 'top_250_tv', 'load_movies', 'manual__2023-06-04T17:15:05.034644+00:00', '--job-id', '121', '--raw', '--subdir', 'DAGS_FOLDER/top_250_tv.py', '--cfg-path', '/tmp/tmplmcpa079']
[2023-06-04T17:15:09.127+0000] {standard_task_runner.py:85} INFO - Job 121: Subtask load_movies
[2023-06-04T17:15:09.158+0000] {task_command.py:410} INFO - Running <TaskInstance: top_250_tv.load_movies manual__2023-06-04T17:15:05.034644+00:00 [running]> on host 7633a4fabdb3
[2023-06-04T17:15:09.285+0000] {taskinstance.py:1547} INFO - Exporting env vars: AIRFLOW_CTX_DAG_OWNER='***' AIRFLOW_CTX_DAG_ID='top_250_tv' AIRFLOW_CTX_TASK_ID='load_movies' AIRFLOW_CTX_EXECUTION_DATE='2023-06-04T17:15:05.034644+00:00' AIRFLOW_CTX_TRY_NUMBER='1' AIRFLOW_CTX_DAG_RUN_ID='manual__2023-06-04T17:15:05.034644+00:00'
[2023-06-04T17:15:09.287+0000] {logging_mixin.py:149} INFO - Fetching Dataset...
[2023-06-04T17:15:09.883+0000] {logging_mixin.py:149} INFO - Done
[2023-06-04T17:15:09.883+0000] {logging_mixin.py:149} INFO - https://bigquery.googleapis.com/bigquery/v2/projects/imdb-388708/datasets/imdb
[2023-06-04T17:15:09.884+0000] {logging_mixin.py:149} INFO - 
Fetching Table...
[2023-06-04T17:15:10.129+0000] {logging_mixin.py:149} INFO - Table does not exist. Creating a new one.
[2023-06-04T17:15:10.935+0000] {logging_mixin.py:149} INFO - https://bigquery.googleapis.com/bigquery/v2/projects/imdb-388708/datasets/imdb/tables/top_250_tv
[2023-06-04T17:15:14.516+0000] {logging_mixin.py:149} INFO - Loaded 100 rows into imdb:top_250_tv.
[2023-06-04T17:15:14.516+0000] {python.py:183} INFO - Done. Returned value was: None
[2023-06-04T17:15:14.523+0000] {taskinstance.py:1350} INFO - Marking task as SUCCESS. dag_id=top_250_tv, task_id=load_movies, execution_date=20230604T171505, start_date=20230604T171509, end_date=20230604T171514
[2023-06-04T17:15:14.552+0000] {local_task_job_runner.py:225} INFO - Task exited with return code 0
[2023-06-04T17:15:14.564+0000] {taskinstance.py:2651} INFO - 0 downstream tasks scheduled from follow-on schedule check
