[2023-06-04T09:03:08.043+0000] {taskinstance.py:1103} INFO - Dependencies all met for dep_context=non-requeueable deps ti=<TaskInstance: most_popular_movies.process_movies manual__2023-06-04T09:03:03.549735+00:00 [queued]>
[2023-06-04T09:03:08.050+0000] {taskinstance.py:1103} INFO - Dependencies all met for dep_context=requeueable deps ti=<TaskInstance: most_popular_movies.process_movies manual__2023-06-04T09:03:03.549735+00:00 [queued]>
[2023-06-04T09:03:08.051+0000] {taskinstance.py:1308} INFO - Starting attempt 1 of 1
[2023-06-04T09:03:08.063+0000] {taskinstance.py:1327} INFO - Executing <Task(_PythonDecoratedOperator): process_movies> on 2023-06-04 09:03:03.549735+00:00
[2023-06-04T09:03:08.068+0000] {standard_task_runner.py:57} INFO - Started process 1362 to run task
[2023-06-04T09:03:08.072+0000] {standard_task_runner.py:84} INFO - Running: ['***', 'tasks', 'run', 'most_popular_movies', 'process_movies', 'manual__2023-06-04T09:03:03.549735+00:00', '--job-id', '63', '--raw', '--subdir', 'DAGS_FOLDER/most_popular_movies.py', '--cfg-path', '/tmp/tmp1yleh9_c']
[2023-06-04T09:03:08.072+0000] {standard_task_runner.py:85} INFO - Job 63: Subtask process_movies
[2023-06-04T09:03:08.103+0000] {task_command.py:410} INFO - Running <TaskInstance: most_popular_movies.process_movies manual__2023-06-04T09:03:03.549735+00:00 [running]> on host 7633a4fabdb3
[2023-06-04T09:03:08.169+0000] {taskinstance.py:1547} INFO - Exporting env vars: AIRFLOW_CTX_DAG_OWNER='***' AIRFLOW_CTX_DAG_ID='most_popular_movies' AIRFLOW_CTX_TASK_ID='process_movies' AIRFLOW_CTX_EXECUTION_DATE='2023-06-04T09:03:03.549735+00:00' AIRFLOW_CTX_TRY_NUMBER='1' AIRFLOW_CTX_DAG_RUN_ID='manual__2023-06-04T09:03:03.549735+00:00'
[2023-06-04T09:03:08.176+0000] {python.py:183} INFO - Done. Returned value was:                           movie_name  movie_rating                       date
0                 The Little Mermaid           7.6 2023-06-04 09:03:08.173062
1                             Fast X           6.3 2023-06-04 09:03:08.173062
2     Guardians of the Galaxy Vol. 3           8.2 2023-06-04 09:03:08.173062
3         Killers of the Flower Moon           9.5 2023-06-04 09:03:08.173062
4               John Wick: Chapter 4           8.0 2023-06-04 09:03:08.173062
..                               ...           ...                        ...
92                     The Fabelmans           7.6 2023-06-04 09:03:08.173062
93                         Bama Rush           3.9 2023-06-04 09:03:08.173062
94              You Hurt My Feelings           7.2 2023-06-04 09:03:08.173062
95                         Nefarious           6.8 2023-06-04 09:03:08.173062
96  Once Upon a Time in... Hollywood           7.6 2023-06-04 09:03:08.173062

[97 rows x 3 columns]
[2023-06-04T09:03:08.239+0000] {taskinstance.py:1350} INFO - Marking task as SUCCESS. dag_id=most_popular_movies, task_id=process_movies, execution_date=20230604T090303, start_date=20230604T090308, end_date=20230604T090308
[2023-06-04T09:03:08.283+0000] {local_task_job_runner.py:225} INFO - Task exited with return code 0
[2023-06-04T09:03:08.301+0000] {taskinstance.py:2651} INFO - 1 downstream tasks scheduled from follow-on schedule check
