[2023-06-04T09:20:30.536+0000] {taskinstance.py:1103} INFO - Dependencies all met for dep_context=non-requeueable deps ti=<TaskInstance: top_english_movies.load_movies manual__2023-06-04T09:20:23.846295+00:00 [queued]>
[2023-06-04T09:20:30.542+0000] {taskinstance.py:1103} INFO - Dependencies all met for dep_context=requeueable deps ti=<TaskInstance: top_english_movies.load_movies manual__2023-06-04T09:20:23.846295+00:00 [queued]>
[2023-06-04T09:20:30.542+0000] {taskinstance.py:1308} INFO - Starting attempt 1 of 1
[2023-06-04T09:20:30.552+0000] {taskinstance.py:1327} INFO - Executing <Task(_PythonDecoratedOperator): load_movies> on 2023-06-04 09:20:23.846295+00:00
[2023-06-04T09:20:30.558+0000] {standard_task_runner.py:57} INFO - Started process 1775 to run task
[2023-06-04T09:20:30.561+0000] {standard_task_runner.py:84} INFO - Running: ['***', 'tasks', 'run', 'top_english_movies', 'load_movies', 'manual__2023-06-04T09:20:23.846295+00:00', '--job-id', '75', '--raw', '--subdir', 'DAGS_FOLDER/top_english_movies.py', '--cfg-path', '/tmp/tmph_lxex6d']
[2023-06-04T09:20:30.561+0000] {standard_task_runner.py:85} INFO - Job 75: Subtask load_movies
[2023-06-04T09:20:30.596+0000] {task_command.py:410} INFO - Running <TaskInstance: top_english_movies.load_movies manual__2023-06-04T09:20:23.846295+00:00 [running]> on host 7633a4fabdb3
[2023-06-04T09:20:30.721+0000] {taskinstance.py:1547} INFO - Exporting env vars: AIRFLOW_CTX_DAG_OWNER='***' AIRFLOW_CTX_DAG_ID='top_english_movies' AIRFLOW_CTX_TASK_ID='load_movies' AIRFLOW_CTX_EXECUTION_DATE='2023-06-04T09:20:23.846295+00:00' AIRFLOW_CTX_TRY_NUMBER='1' AIRFLOW_CTX_DAG_RUN_ID='manual__2023-06-04T09:20:23.846295+00:00'
[2023-06-04T09:20:30.722+0000] {logging_mixin.py:149} INFO - Fetching Dataset...
[2023-06-04T09:20:31.206+0000] {logging_mixin.py:149} INFO - Done
[2023-06-04T09:20:31.206+0000] {logging_mixin.py:149} INFO - https://bigquery.googleapis.com/bigquery/v2/projects/imdb-388708/datasets/imdb
[2023-06-04T09:20:31.207+0000] {logging_mixin.py:149} INFO - Fetching Dataset...
[2023-06-04T09:20:31.506+0000] {logging_mixin.py:149} INFO - Done
[2023-06-04T09:20:31.508+0000] {logging_mixin.py:149} INFO - https://bigquery.googleapis.com/bigquery/v2/projects/imdb-388708/datasets/imdb
[2023-06-04T09:20:31.508+0000] {logging_mixin.py:149} INFO - 
Fetching Table...
[2023-06-04T09:20:31.759+0000] {logging_mixin.py:149} INFO - Done
[2023-06-04T09:20:31.759+0000] {logging_mixin.py:149} INFO - https://bigquery.googleapis.com/bigquery/v2/projects/imdb-388708/datasets/imdb/tables/top_250_movies
[2023-06-04T09:20:38.943+0000] {logging_mixin.py:149} INFO - Loaded 250 rows into imdb:top_250_movies.
[2023-06-04T09:20:38.944+0000] {python.py:183} INFO - Done. Returned value was: None
[2023-06-04T09:20:38.952+0000] {taskinstance.py:1350} INFO - Marking task as SUCCESS. dag_id=top_english_movies, task_id=load_movies, execution_date=20230604T092023, start_date=20230604T092030, end_date=20230604T092038
[2023-06-04T09:20:38.975+0000] {local_task_job_runner.py:225} INFO - Task exited with return code 0
[2023-06-04T09:20:38.985+0000] {taskinstance.py:2651} INFO - 0 downstream tasks scheduled from follow-on schedule check
