[2023-06-04T11:52:14.925+0000] {taskinstance.py:1103} INFO - Dependencies all met for dep_context=non-requeueable deps ti=<TaskInstance: top_english_movies.scrape_movies manual__2023-06-04T11:52:13.752988+00:00 [queued]>
[2023-06-04T11:52:14.932+0000] {taskinstance.py:1103} INFO - Dependencies all met for dep_context=requeueable deps ti=<TaskInstance: top_english_movies.scrape_movies manual__2023-06-04T11:52:13.752988+00:00 [queued]>
[2023-06-04T11:52:14.932+0000] {taskinstance.py:1308} INFO - Starting attempt 1 of 1
[2023-06-04T11:52:14.942+0000] {taskinstance.py:1327} INFO - Executing <Task(_PythonDecoratedOperator): scrape_movies> on 2023-06-04 11:52:13.752988+00:00
[2023-06-04T11:52:14.947+0000] {standard_task_runner.py:57} INFO - Started process 4298 to run task
[2023-06-04T11:52:14.951+0000] {standard_task_runner.py:84} INFO - Running: ['***', 'tasks', 'run', 'top_english_movies', 'scrape_movies', 'manual__2023-06-04T11:52:13.752988+00:00', '--job-id', '110', '--raw', '--subdir', 'DAGS_FOLDER/top_english_movies.py', '--cfg-path', '/tmp/tmpsglppb9b']
[2023-06-04T11:52:14.951+0000] {standard_task_runner.py:85} INFO - Job 110: Subtask scrape_movies
[2023-06-04T11:52:14.983+0000] {task_command.py:410} INFO - Running <TaskInstance: top_english_movies.scrape_movies manual__2023-06-04T11:52:13.752988+00:00 [running]> on host 7633a4fabdb3
[2023-06-04T11:52:15.056+0000] {taskinstance.py:1547} INFO - Exporting env vars: AIRFLOW_CTX_DAG_OWNER='***' AIRFLOW_CTX_DAG_ID='top_english_movies' AIRFLOW_CTX_TASK_ID='scrape_movies' AIRFLOW_CTX_EXECUTION_DATE='2023-06-04T11:52:13.752988+00:00' AIRFLOW_CTX_TRY_NUMBER='1' AIRFLOW_CTX_DAG_RUN_ID='manual__2023-06-04T11:52:13.752988+00:00'
[2023-06-04T11:52:16.742+0000] {python.py:183} INFO - Done. Returned value was:      movie_id                movie_name  ...  user_votings  update_date
0           1  The Shawshank Redemption  ...       2746855   2023-06-04
1           2             The Godfather  ...       1910400   2023-06-04
2           3           The Dark Knight  ...       2719437   2023-06-04
3           4     The Godfather Part II  ...       1301475   2023-06-04
4           5              12 Angry Men  ...        813326   2023-06-04
..        ...                       ...  ...           ...          ...
245       246             Blood Diamond  ...        564043   2023-06-04
246       247                  Papillon  ...        134209   2023-06-04
247       248                       Her  ...        636373   2023-06-04
248       249               Sling Blade  ...         96145   2023-06-04
249       250         Blade Runner 2049  ...        604243   2023-06-04

[250 rows x 6 columns]
[2023-06-04T11:52:16.827+0000] {taskinstance.py:1350} INFO - Marking task as SUCCESS. dag_id=top_english_movies, task_id=scrape_movies, execution_date=20230604T115213, start_date=20230604T115214, end_date=20230604T115216
[2023-06-04T11:52:16.846+0000] {local_task_job_runner.py:225} INFO - Task exited with return code 0
[2023-06-04T11:52:16.863+0000] {taskinstance.py:2651} INFO - 1 downstream tasks scheduled from follow-on schedule check
