[2023-06-04T09:20:28.681+0000] {taskinstance.py:1103} INFO - Dependencies all met for dep_context=non-requeueable deps ti=<TaskInstance: top_english_movies.process_movies manual__2023-06-04T09:20:23.846295+00:00 [queued]>
[2023-06-04T09:20:28.688+0000] {taskinstance.py:1103} INFO - Dependencies all met for dep_context=requeueable deps ti=<TaskInstance: top_english_movies.process_movies manual__2023-06-04T09:20:23.846295+00:00 [queued]>
[2023-06-04T09:20:28.688+0000] {taskinstance.py:1308} INFO - Starting attempt 1 of 1
[2023-06-04T09:20:28.698+0000] {taskinstance.py:1327} INFO - Executing <Task(_PythonDecoratedOperator): process_movies> on 2023-06-04 09:20:23.846295+00:00
[2023-06-04T09:20:28.703+0000] {standard_task_runner.py:57} INFO - Started process 1758 to run task
[2023-06-04T09:20:28.705+0000] {standard_task_runner.py:84} INFO - Running: ['***', 'tasks', 'run', 'top_english_movies', 'process_movies', 'manual__2023-06-04T09:20:23.846295+00:00', '--job-id', '74', '--raw', '--subdir', 'DAGS_FOLDER/top_english_movies.py', '--cfg-path', '/tmp/tmp37zjqydb']
[2023-06-04T09:20:28.706+0000] {standard_task_runner.py:85} INFO - Job 74: Subtask process_movies
[2023-06-04T09:20:28.736+0000] {task_command.py:410} INFO - Running <TaskInstance: top_english_movies.process_movies manual__2023-06-04T09:20:23.846295+00:00 [running]> on host 7633a4fabdb3
[2023-06-04T09:20:28.793+0000] {taskinstance.py:1547} INFO - Exporting env vars: AIRFLOW_CTX_DAG_OWNER='***' AIRFLOW_CTX_DAG_ID='top_english_movies' AIRFLOW_CTX_TASK_ID='process_movies' AIRFLOW_CTX_EXECUTION_DATE='2023-06-04T09:20:23.846295+00:00' AIRFLOW_CTX_TRY_NUMBER='1' AIRFLOW_CTX_DAG_RUN_ID='manual__2023-06-04T09:20:23.846295+00:00'
[2023-06-04T09:20:28.801+0000] {python.py:183} INFO - Done. Returned value was:                    movie_name  movie_rating                       date
0    The Shawshank Redemption           9.3 2023-06-04 09:20:28.797405
1               The Godfather           9.2 2023-06-04 09:20:28.797405
2             The Dark Knight           9.0 2023-06-04 09:20:28.797405
3       The Godfather Part II           9.0 2023-06-04 09:20:28.797405
4                12 Angry Men           9.0 2023-06-04 09:20:28.797405
..                        ...           ...                        ...
245             Blood Diamond           8.0 2023-06-04 09:20:28.797405
246                  Papillon           8.0 2023-06-04 09:20:28.797405
247                       Her           8.0 2023-06-04 09:20:28.797405
248               Sling Blade           8.0 2023-06-04 09:20:28.797405
249         Blade Runner 2049           8.0 2023-06-04 09:20:28.797405

[250 rows x 3 columns]
[2023-06-04T09:20:28.859+0000] {taskinstance.py:1350} INFO - Marking task as SUCCESS. dag_id=top_english_movies, task_id=process_movies, execution_date=20230604T092023, start_date=20230604T092028, end_date=20230604T092028
[2023-06-04T09:20:28.877+0000] {local_task_job_runner.py:225} INFO - Task exited with return code 0
[2023-06-04T09:20:28.892+0000] {taskinstance.py:2651} INFO - 1 downstream tasks scheduled from follow-on schedule check
