[2023-06-04T09:20:23.141+0000] {taskinstance.py:1103} INFO - Dependencies all met for dep_context=non-requeueable deps ti=<TaskInstance: top_250_movies.process_movies manual__2023-06-04T09:20:18.641645+00:00 [queued]>
[2023-06-04T09:20:23.149+0000] {taskinstance.py:1103} INFO - Dependencies all met for dep_context=requeueable deps ti=<TaskInstance: top_250_movies.process_movies manual__2023-06-04T09:20:18.641645+00:00 [queued]>
[2023-06-04T09:20:23.150+0000] {taskinstance.py:1308} INFO - Starting attempt 1 of 1
[2023-06-04T09:20:23.165+0000] {taskinstance.py:1327} INFO - Executing <Task(_PythonDecoratedOperator): process_movies> on 2023-06-04 09:20:18.641645+00:00
[2023-06-04T09:20:23.171+0000] {standard_task_runner.py:57} INFO - Started process 1731 to run task
[2023-06-04T09:20:23.175+0000] {standard_task_runner.py:84} INFO - Running: ['***', 'tasks', 'run', 'top_250_movies', 'process_movies', 'manual__2023-06-04T09:20:18.641645+00:00', '--job-id', '71', '--raw', '--subdir', 'DAGS_FOLDER/top_250_movies.py', '--cfg-path', '/tmp/tmpbrwre4uz']
[2023-06-04T09:20:23.175+0000] {standard_task_runner.py:85} INFO - Job 71: Subtask process_movies
[2023-06-04T09:20:23.210+0000] {task_command.py:410} INFO - Running <TaskInstance: top_250_movies.process_movies manual__2023-06-04T09:20:18.641645+00:00 [running]> on host 7633a4fabdb3
[2023-06-04T09:20:23.280+0000] {taskinstance.py:1547} INFO - Exporting env vars: AIRFLOW_CTX_DAG_OWNER='***' AIRFLOW_CTX_DAG_ID='top_250_movies' AIRFLOW_CTX_TASK_ID='process_movies' AIRFLOW_CTX_EXECUTION_DATE='2023-06-04T09:20:18.641645+00:00' AIRFLOW_CTX_TRY_NUMBER='1' AIRFLOW_CTX_DAG_RUN_ID='manual__2023-06-04T09:20:18.641645+00:00'
[2023-06-04T09:20:23.288+0000] {python.py:183} INFO - Done. Returned value was:                           movie_name  movie_rating                       date
0                 The Little Mermaid           7.6 2023-06-04 09:20:23.284583
1                             Fast X           6.3 2023-06-04 09:20:23.284583
2     Guardians of the Galaxy Vol. 3           8.2 2023-06-04 09:20:23.284583
3         Killers of the Flower Moon           9.5 2023-06-04 09:20:23.284583
4               John Wick: Chapter 4           8.0 2023-06-04 09:20:23.284583
..                               ...           ...                        ...
92                     The Fabelmans           7.6 2023-06-04 09:20:23.284583
93                         Bama Rush           3.9 2023-06-04 09:20:23.284583
94              You Hurt My Feelings           7.2 2023-06-04 09:20:23.284583
95                         Nefarious           6.8 2023-06-04 09:20:23.284583
96  Once Upon a Time in... Hollywood           7.6 2023-06-04 09:20:23.284583

[97 rows x 3 columns]
[2023-06-04T09:20:23.350+0000] {taskinstance.py:1350} INFO - Marking task as SUCCESS. dag_id=top_250_movies, task_id=process_movies, execution_date=20230604T092018, start_date=20230604T092023, end_date=20230604T092023
[2023-06-04T09:20:23.387+0000] {local_task_job_runner.py:225} INFO - Task exited with return code 0
[2023-06-04T09:20:23.403+0000] {taskinstance.py:2651} INFO - 1 downstream tasks scheduled from follow-on schedule check
