[2023-06-04T09:26:28.419+0000] {taskinstance.py:1103} INFO - Dependencies all met for dep_context=non-requeueable deps ti=<TaskInstance: most_popular_movies.load_movies manual__2023-06-04T09:26:22.976082+00:00 [queued]>
[2023-06-04T09:26:28.426+0000] {taskinstance.py:1103} INFO - Dependencies all met for dep_context=requeueable deps ti=<TaskInstance: most_popular_movies.load_movies manual__2023-06-04T09:26:22.976082+00:00 [queued]>
[2023-06-04T09:26:28.426+0000] {taskinstance.py:1308} INFO - Starting attempt 1 of 1
[2023-06-04T09:26:28.435+0000] {taskinstance.py:1327} INFO - Executing <Task(_PythonDecoratedOperator): load_movies> on 2023-06-04 09:26:22.976082+00:00
[2023-06-04T09:26:28.441+0000] {standard_task_runner.py:57} INFO - Started process 1940 to run task
[2023-06-04T09:26:28.444+0000] {standard_task_runner.py:84} INFO - Running: ['***', 'tasks', 'run', 'most_popular_movies', 'load_movies', 'manual__2023-06-04T09:26:22.976082+00:00', '--job-id', '83', '--raw', '--subdir', 'DAGS_FOLDER/most_popular_movies.py', '--cfg-path', '/tmp/tmpu3hnlg75']
[2023-06-04T09:26:28.444+0000] {standard_task_runner.py:85} INFO - Job 83: Subtask load_movies
[2023-06-04T09:26:28.476+0000] {task_command.py:410} INFO - Running <TaskInstance: most_popular_movies.load_movies manual__2023-06-04T09:26:22.976082+00:00 [running]> on host 7633a4fabdb3
[2023-06-04T09:26:28.613+0000] {taskinstance.py:1547} INFO - Exporting env vars: AIRFLOW_CTX_DAG_OWNER='***' AIRFLOW_CTX_DAG_ID='most_popular_movies' AIRFLOW_CTX_TASK_ID='load_movies' AIRFLOW_CTX_EXECUTION_DATE='2023-06-04T09:26:22.976082+00:00' AIRFLOW_CTX_TRY_NUMBER='1' AIRFLOW_CTX_DAG_RUN_ID='manual__2023-06-04T09:26:22.976082+00:00'
[2023-06-04T09:26:28.615+0000] {logging_mixin.py:149} INFO - Fetching Dataset...
[2023-06-04T09:26:29.206+0000] {logging_mixin.py:149} INFO - Done
[2023-06-04T09:26:29.208+0000] {logging_mixin.py:149} INFO - https://bigquery.googleapis.com/bigquery/v2/projects/imdb-388708/datasets/imdb
[2023-06-04T09:26:29.208+0000] {logging_mixin.py:149} INFO - Fetching Dataset...
[2023-06-04T09:26:29.499+0000] {logging_mixin.py:149} INFO - Done
[2023-06-04T09:26:29.499+0000] {logging_mixin.py:149} INFO - https://bigquery.googleapis.com/bigquery/v2/projects/imdb-388708/datasets/imdb
[2023-06-04T09:26:29.499+0000] {logging_mixin.py:149} INFO - 
Fetching Table...
[2023-06-04T09:26:29.785+0000] {logging_mixin.py:149} INFO - Done
[2023-06-04T09:26:29.785+0000] {logging_mixin.py:149} INFO - https://bigquery.googleapis.com/bigquery/v2/projects/imdb-388708/datasets/imdb/tables/most_popular_movies
[2023-06-04T09:26:33.117+0000] {logging_mixin.py:149} INFO - Loaded 97 rows into imdb:most_popular_movies.
[2023-06-04T09:26:33.117+0000] {python.py:183} INFO - Done. Returned value was: None
[2023-06-04T09:26:33.126+0000] {taskinstance.py:1350} INFO - Marking task as SUCCESS. dag_id=most_popular_movies, task_id=load_movies, execution_date=20230604T092622, start_date=20230604T092628, end_date=20230604T092633
[2023-06-04T09:26:33.149+0000] {local_task_job_runner.py:225} INFO - Task exited with return code 0
[2023-06-04T09:26:33.162+0000] {taskinstance.py:2651} INFO - 0 downstream tasks scheduled from follow-on schedule check
