[2023-06-04T11:24:23.077+0000] {taskinstance.py:1103} INFO - Dependencies all met for dep_context=non-requeueable deps ti=<TaskInstance: top_english_movies.scrape_most_popular_titles manual__2023-06-04T11:24:21.061596+00:00 [queued]>
[2023-06-04T11:24:23.083+0000] {taskinstance.py:1103} INFO - Dependencies all met for dep_context=requeueable deps ti=<TaskInstance: top_english_movies.scrape_most_popular_titles manual__2023-06-04T11:24:21.061596+00:00 [queued]>
[2023-06-04T11:24:23.083+0000] {taskinstance.py:1308} INFO - Starting attempt 1 of 1
[2023-06-04T11:24:23.093+0000] {taskinstance.py:1327} INFO - Executing <Task(_PythonDecoratedOperator): scrape_most_popular_titles> on 2023-06-04 11:24:21.061596+00:00
[2023-06-04T11:24:23.099+0000] {standard_task_runner.py:57} INFO - Started process 3646 to run task
[2023-06-04T11:24:23.102+0000] {standard_task_runner.py:84} INFO - Running: ['***', 'tasks', 'run', 'top_english_movies', 'scrape_most_popular_titles', 'manual__2023-06-04T11:24:21.061596+00:00', '--job-id', '98', '--raw', '--subdir', 'DAGS_FOLDER/top_english_movies.py', '--cfg-path', '/tmp/tmpx_vwxk1b']
[2023-06-04T11:24:23.102+0000] {standard_task_runner.py:85} INFO - Job 98: Subtask scrape_most_popular_titles
[2023-06-04T11:24:23.152+0000] {task_command.py:410} INFO - Running <TaskInstance: top_english_movies.scrape_most_popular_titles manual__2023-06-04T11:24:21.061596+00:00 [running]> on host 7633a4fabdb3
[2023-06-04T11:24:23.248+0000] {taskinstance.py:1547} INFO - Exporting env vars: AIRFLOW_CTX_DAG_OWNER='***' AIRFLOW_CTX_DAG_ID='top_english_movies' AIRFLOW_CTX_TASK_ID='scrape_most_popular_titles' AIRFLOW_CTX_EXECUTION_DATE='2023-06-04T11:24:21.061596+00:00' AIRFLOW_CTX_TRY_NUMBER='1' AIRFLOW_CTX_DAG_RUN_ID='manual__2023-06-04T11:24:21.061596+00:00'
[2023-06-04T11:24:25.097+0000] {python.py:183} INFO - Done. Returned value was:      movie_id                movie_name  movie_year  movie_rating update_date
0           1  The Shawshank Redemption        1994           9.3  2023-06-04
1           2             The Godfather        1972           9.2  2023-06-04
2           3           The Dark Knight        2008           9.0  2023-06-04
3           4     The Godfather Part II        1974           9.0  2023-06-04
4           5              12 Angry Men        1957           9.0  2023-06-04
..        ...                       ...         ...           ...         ...
245       246             Blood Diamond        2006           8.0  2023-06-04
246       247                  Papillon        1973           8.0  2023-06-04
247       248                       Her        2013           8.0  2023-06-04
248       249               Sling Blade        1996           8.0  2023-06-04
249       250         Blade Runner 2049        2017           8.0  2023-06-04

[250 rows x 5 columns]
[2023-06-04T11:24:25.209+0000] {taskinstance.py:1350} INFO - Marking task as SUCCESS. dag_id=top_english_movies, task_id=scrape_most_popular_titles, execution_date=20230604T112421, start_date=20230604T112423, end_date=20230604T112425
[2023-06-04T11:24:25.240+0000] {local_task_job_runner.py:225} INFO - Task exited with return code 0
[2023-06-04T11:24:25.255+0000] {taskinstance.py:2651} INFO - 1 downstream tasks scheduled from follow-on schedule check
