[2023-06-04T11:52:10.798+0000] {taskinstance.py:1103} INFO - Dependencies all met for dep_context=non-requeueable deps ti=<TaskInstance: top_250_movies.scrape_movies manual__2023-06-04T11:52:09.726748+00:00 [queued]>
[2023-06-04T11:52:10.803+0000] {taskinstance.py:1103} INFO - Dependencies all met for dep_context=requeueable deps ti=<TaskInstance: top_250_movies.scrape_movies manual__2023-06-04T11:52:09.726748+00:00 [queued]>
[2023-06-04T11:52:10.803+0000] {taskinstance.py:1308} INFO - Starting attempt 1 of 1
[2023-06-04T11:52:10.813+0000] {taskinstance.py:1327} INFO - Executing <Task(_PythonDecoratedOperator): scrape_movies> on 2023-06-04 11:52:09.726748+00:00
[2023-06-04T11:52:10.817+0000] {standard_task_runner.py:57} INFO - Started process 4262 to run task
[2023-06-04T11:52:10.821+0000] {standard_task_runner.py:84} INFO - Running: ['***', 'tasks', 'run', 'top_250_movies', 'scrape_movies', 'manual__2023-06-04T11:52:09.726748+00:00', '--job-id', '107', '--raw', '--subdir', 'DAGS_FOLDER/top_250_movies.py', '--cfg-path', '/tmp/tmp037sjrr0']
[2023-06-04T11:52:10.821+0000] {standard_task_runner.py:85} INFO - Job 107: Subtask scrape_movies
[2023-06-04T11:52:10.854+0000] {task_command.py:410} INFO - Running <TaskInstance: top_250_movies.scrape_movies manual__2023-06-04T11:52:09.726748+00:00 [running]> on host 7633a4fabdb3
[2023-06-04T11:52:10.917+0000] {taskinstance.py:1547} INFO - Exporting env vars: AIRFLOW_CTX_DAG_OWNER='***' AIRFLOW_CTX_DAG_ID='top_250_movies' AIRFLOW_CTX_TASK_ID='scrape_movies' AIRFLOW_CTX_EXECUTION_DATE='2023-06-04T11:52:09.726748+00:00' AIRFLOW_CTX_TRY_NUMBER='1' AIRFLOW_CTX_DAG_RUN_ID='manual__2023-06-04T11:52:09.726748+00:00'
[2023-06-04T11:52:12.602+0000] {python.py:183} INFO - Done. Returned value was:      movie_id                movie_name  ...  user_votings  update_date
0           1  The Shawshank Redemption  ...       2746855   2023-06-04
1           2             The Godfather  ...       1910400   2023-06-04
2           3           The Dark Knight  ...       2719437   2023-06-04
3           4     The Godfather Part II  ...       1301475   2023-06-04
4           5              12 Angry Men  ...        813326   2023-06-04
..        ...                       ...  ...           ...          ...
245       246             Life of Brian  ...        408998   2023-06-04
246       247            The Iron Giant  ...        209251   2023-06-04
247       248                  The Help  ...        472642   2023-06-04
248       249                   Aladdin  ...        437156   2023-06-04
249       250        Dances with Wolves  ...        276680   2023-06-04

[250 rows x 6 columns]
[2023-06-04T11:52:12.681+0000] {taskinstance.py:1350} INFO - Marking task as SUCCESS. dag_id=top_250_movies, task_id=scrape_movies, execution_date=20230604T115209, start_date=20230604T115210, end_date=20230604T115212
[2023-06-04T11:52:12.718+0000] {local_task_job_runner.py:225} INFO - Task exited with return code 0
[2023-06-04T11:52:12.736+0000] {taskinstance.py:2651} INFO - 1 downstream tasks scheduled from follow-on schedule check
